{"C:\\Users\\lekeo\\OneDrive\\Documents\\GitHub\\McKinleyUI\\eslint.config.js": {"path":"C:\\Users\\lekeo\\OneDrive\\Documents\\GitHub\\McKinleyUI\\eslint.config.js","statementMap":{"0":{"start":{"line":2,"column":25},"end":{"line":2,"column":49}},"1":{"start":{"line":3,"column":19},"end":{"line":3,"column":53}},"2":{"start":{"line":5,"column":0},"end":{"line":10,"column":3}}},"fnMap":{},"branchMap":{},"s":{"0":0,"1":0,"2":0},"f":{},"b":{}}
,"C:\\Users\\lekeo\\OneDrive\\Documents\\GitHub\\McKinleyUI\\jest.config.js": {"path":"C:\\Users\\lekeo\\OneDrive\\Documents\\GitHub\\McKinleyUI\\jest.config.js","statementMap":{"0":{"start":{"line":1,"column":0},"end":{"line":42,"column":2}}},"fnMap":{},"branchMap":{},"s":{"0":0},"f":{},"b":{}}
,"C:\\Users\\lekeo\\OneDrive\\Documents\\GitHub\\McKinleyUI\\metro.config.js": {"path":"C:\\Users\\lekeo\\OneDrive\\Documents\\GitHub\\McKinleyUI\\metro.config.js","statementMap":{"0":{"start":{"line":1,"column":29},"end":{"line":1,"column":58}},"1":{"start":{"line":3,"column":15},"end":{"line":3,"column":42}},"2":{"start":{"line":5,"column":0},"end":{"line":16,"column":2}},"3":{"start":{"line":9,"column":4},"end":{"line":13,"column":5}},"4":{"start":{"line":10,"column":6},"end":{"line":12,"column":8}},"5":{"start":{"line":14,"column":4},"end":{"line":14,"column":65}},"6":{"start":{"line":18,"column":0},"end":{"line":18,"column":24}}},"fnMap":{"0":{"name":"(anonymous_0)","decl":{"start":{"line":7,"column":18},"end":{"line":7,"column":19}},"loc":{"start":{"line":7,"column":53},"end":{"line":15,"column":3}},"line":7}},"branchMap":{"0":{"loc":{"start":{"line":9,"column":4},"end":{"line":13,"column":5}},"type":"if","locations":[{"start":{"line":9,"column":4},"end":{"line":13,"column":5}},{"start":{},"end":{}}],"line":9},"1":{"loc":{"start":{"line":9,"column":8},"end":{"line":9,"column":60}},"type":"binary-expr","locations":[{"start":{"line":9,"column":8},"end":{"line":9,"column":26}},{"start":{"line":9,"column":30},"end":{"line":9,"column":60}}],"line":9}},"s":{"0":0,"1":0,"2":0,"3":0,"4":0,"5":0,"6":0},"f":{"0":0},"b":{"0":[0,0],"1":[0,0]}}
,"C:\\Users\\lekeo\\OneDrive\\Documents\\GitHub\\McKinleyUI\\app\\+not-found.tsx": {"path":"C:\\Users\\lekeo\\OneDrive\\Documents\\GitHub\\McKinleyUI\\app\\+not-found.tsx","statementMap":{"0":{"start":{"line":8,"column":2},"end":{"line":18,"column":4}},"1":{"start":{"line":21,"column":15},"end":{"line":32,"column":2}}},"fnMap":{"0":{"name":"NotFoundScreen","decl":{"start":{"line":7,"column":24},"end":{"line":7,"column":38}},"loc":{"start":{"line":7,"column":41},"end":{"line":19,"column":1}},"line":7}},"branchMap":{},"s":{"0":0,"1":0},"f":{"0":0},"b":{}}
,"C:\\Users\\lekeo\\OneDrive\\Documents\\GitHub\\McKinleyUI\\app\\Admin.tsx": {"path":"C:\\Users\\lekeo\\OneDrive\\Documents\\GitHub\\McKinleyUI\\app\\Admin.tsx","statementMap":{"0":{"start":{"line":19,"column":14},"end":{"line":19,"column":50}},"1":{"start":{"line":19,"column":28},"end":{"line":19,"column":45}},"2":{"start":{"line":20,"column":37},"end":{"line":20,"column":54}},"3":{"start":{"line":21,"column":17},"end":{"line":21,"column":36}},"4":{"start":{"line":22,"column":44},"end":{"line":22,"column":63}},"5":{"start":{"line":24,"column":37},"end":{"line":24,"column":46}},"6":{"start":{"line":25,"column":54},"end":{"line":25,"column":69}},"7":{"start":{"line":26,"column":52},"end":{"line":26,"column":67}},"8":{"start":{"line":27,"column":26},"end":{"line":31,"column":3}},"9":{"start":{"line":28,"column":4},"end":{"line":28,"column":45}},"10":{"start":{"line":29,"column":4},"end":{"line":29,"column":33}},"11":{"start":{"line":30,"column":4},"end":{"line":30,"column":17}},"12":{"start":{"line":32,"column":26},"end":{"line":36,"column":3}},"13":{"start":{"line":33,"column":4},"end":{"line":33,"column":45}},"14":{"start":{"line":34,"column":4},"end":{"line":34,"column":32}},"15":{"start":{"line":35,"column":4},"end":{"line":35,"column":17}},"16":{"start":{"line":38,"column":38},"end":{"line":38,"column":50}},"17":{"start":{"line":39,"column":44},"end":{"line":39,"column":56}},"18":{"start":{"line":40,"column":40},"end":{"line":40,"column":52}},"19":{"start":{"line":43,"column":36},"end":{"line":43,"column":55}},"20":{"start":{"line":45,"column":28},"end":{"line":66,"column":3}},"21":{"start":{"line":46,"column":4},"end":{"line":46,"column":22}},"22":{"start":{"line":47,"column":4},"end":{"line":65,"column":7}},"23":{"start":{"line":49,"column":8},"end":{"line":53,"column":9}},"24":{"start":{"line":50,"column":10},"end":{"line":50,"column":66}},"25":{"start":{"line":51,"column":15},"end":{"line":53,"column":9}},"26":{"start":{"line":52,"column":10},"end":{"line":52,"column":65}},"27":{"start":{"line":56,"column":29},"end":{"line":56,"column":94}},"28":{"start":{"line":57,"column":8},"end":{"line":64,"column":9}},"29":{"start":{"line":68,"column":2},"end":{"line":89,"column":12}},"30":{"start":{"line":69,"column":18},"end":{"line":69,"column":22}},"31":{"start":{"line":70,"column":18},"end":{"line":70,"column":40}},"32":{"start":{"line":71,"column":4},"end":{"line":85,"column":9}},"33":{"start":{"line":73,"column":8},"end":{"line":73,"column":29}},"34":{"start":{"line":73,"column":22},"end":{"line":73,"column":29}},"35":{"start":{"line":74,"column":8},"end":{"line":74,"column":47}},"36":{"start":{"line":77,"column":8},"end":{"line":84,"column":9}},"37":{"start":{"line":86,"column":4},"end":{"line":88,"column":6}},"38":{"start":{"line":87,"column":6},"end":{"line":87,"column":22}},"39":{"start":{"line":91,"column":2},"end":{"line":244,"column":4}},"40":{"start":{"line":114,"column":22},"end":{"line":114,"column":63}},"41":{"start":{"line":125,"column":49},"end":{"line":125,"column":89}},"42":{"start":{"line":143,"column":45},"end":{"line":143,"column":58}},"43":{"start":{"line":176,"column":14},"end":{"line":176,"column":32}},"44":{"start":{"line":213,"column":16},"end":{"line":213,"column":157}}},"fnMap":{"0":{"name":"Admin","decl":{"start":{"line":18,"column":24},"end":{"line":18,"column":29}},"loc":{"start":{"line":18,"column":32},"end":{"line":245,"column":1}},"line":18},"1":{"name":"(anonymous_1)","decl":{"start":{"line":19,"column":22},"end":{"line":19,"column":23}},"loc":{"start":{"line":19,"column":28},"end":{"line":19,"column":45}},"line":19},"2":{"name":"(anonymous_2)","decl":{"start":{"line":27,"column":26},"end":{"line":27,"column":27}},"loc":{"start":{"line":27,"column":32},"end":{"line":31,"column":3}},"line":27},"3":{"name":"(anonymous_3)","decl":{"start":{"line":32,"column":26},"end":{"line":32,"column":27}},"loc":{"start":{"line":32,"column":32},"end":{"line":36,"column":3}},"line":32},"4":{"name":"(anonymous_4)","decl":{"start":{"line":45,"column":28},"end":{"line":45,"column":29}},"loc":{"start":{"line":45,"column":34},"end":{"line":66,"column":3}},"line":45},"5":{"name":"(anonymous_5)","decl":{"start":{"line":48,"column":12},"end":{"line":48,"column":13}},"loc":{"start":{"line":48,"column":21},"end":{"line":54,"column":7}},"line":48},"6":{"name":"(anonymous_6)","decl":{"start":{"line":55,"column":13},"end":{"line":55,"column":14}},"loc":{"start":{"line":55,"column":24},"end":{"line":65,"column":5}},"line":55},"7":{"name":"(anonymous_7)","decl":{"start":{"line":68,"column":12},"end":{"line":68,"column":13}},"loc":{"start":{"line":68,"column":18},"end":{"line":89,"column":3}},"line":68},"8":{"name":"(anonymous_8)","decl":{"start":{"line":72,"column":12},"end":{"line":72,"column":13}},"loc":{"start":{"line":72,"column":21},"end":{"line":75,"column":7}},"line":72},"9":{"name":"(anonymous_9)","decl":{"start":{"line":76,"column":13},"end":{"line":76,"column":14}},"loc":{"start":{"line":76,"column":19},"end":{"line":85,"column":7}},"line":76},"10":{"name":"(anonymous_10)","decl":{"start":{"line":86,"column":11},"end":{"line":86,"column":12}},"loc":{"start":{"line":86,"column":17},"end":{"line":88,"column":5}},"line":86},"11":{"name":"(anonymous_11)","decl":{"start":{"line":113,"column":34},"end":{"line":113,"column":35}},"loc":{"start":{"line":113,"column":40},"end":{"line":115,"column":15}},"line":113},"12":{"name":"(anonymous_12)","decl":{"start":{"line":125,"column":43},"end":{"line":125,"column":44}},"loc":{"start":{"line":125,"column":49},"end":{"line":125,"column":89}},"line":125},"13":{"name":"(anonymous_13)","decl":{"start":{"line":143,"column":39},"end":{"line":143,"column":40}},"loc":{"start":{"line":143,"column":45},"end":{"line":143,"column":58}},"line":143},"14":{"name":"(anonymous_14)","decl":{"start":{"line":175,"column":21},"end":{"line":175,"column":22}},"loc":{"start":{"line":175,"column":27},"end":{"line":177,"column":13}},"line":175},"15":{"name":"(anonymous_15)","decl":{"start":{"line":212,"column":23},"end":{"line":212,"column":24}},"loc":{"start":{"line":213,"column":16},"end":{"line":213,"column":157}},"line":213}},"branchMap":{"0":{"loc":{"start":{"line":49,"column":8},"end":{"line":53,"column":9}},"type":"if","locations":[{"start":{"line":49,"column":8},"end":{"line":53,"column":9}},{"start":{"line":51,"column":15},"end":{"line":53,"column":9}}],"line":49},"1":{"loc":{"start":{"line":51,"column":15},"end":{"line":53,"column":9}},"type":"if","locations":[{"start":{"line":51,"column":15},"end":{"line":53,"column":9}},{"start":{},"end":{}}],"line":51},"2":{"loc":{"start":{"line":56,"column":29},"end":{"line":56,"column":94}},"type":"binary-expr","locations":[{"start":{"line":56,"column":29},"end":{"line":56,"column":49}},{"start":{"line":56,"column":53},"end":{"line":56,"column":66}},{"start":{"line":56,"column":70},"end":{"line":56,"column":94}}],"line":56},"3":{"loc":{"start":{"line":60,"column":17},"end":{"line":60,"column":91}},"type":"cond-expr","locations":[{"start":{"line":60,"column":52},"end":{"line":60,"column":64}},{"start":{"line":60,"column":67},"end":{"line":60,"column":91}}],"line":60},"4":{"loc":{"start":{"line":73,"column":8},"end":{"line":73,"column":29}},"type":"if","locations":[{"start":{"line":73,"column":8},"end":{"line":73,"column":29}},{"start":{},"end":{}}],"line":73},"5":{"loc":{"start":{"line":74,"column":21},"end":{"line":74,"column":45}},"type":"binary-expr","locations":[{"start":{"line":74,"column":21},"end":{"line":74,"column":39}},{"start":{"line":74,"column":43},"end":{"line":74,"column":45}}],"line":74},"6":{"loc":{"start":{"line":95,"column":9},"end":{"line":139,"column":7}},"type":"cond-expr","locations":[{"start":{"line":96,"column":10},"end":{"line":107,"column":13}},{"start":{"line":109,"column":10},"end":{"line":138,"column":13}}],"line":95},"7":{"loc":{"start":{"line":99,"column":37},"end":{"line":99,"column":84}},"type":"cond-expr","locations":[{"start":{"line":99,"column":48},"end":{"line":99,"column":65}},{"start":{"line":99,"column":68},"end":{"line":99,"column":84}}],"line":99},"8":{"loc":{"start":{"line":100,"column":91},"end":{"line":100,"column":120}},"type":"cond-expr","locations":[{"start":{"line":100,"column":102},"end":{"line":100,"column":110}},{"start":{"line":100,"column":113},"end":{"line":100,"column":120}}],"line":100},"9":{"loc":{"start":{"line":103,"column":63},"end":{"line":103,"column":92}},"type":"cond-expr","locations":[{"start":{"line":103,"column":74},"end":{"line":103,"column":82}},{"start":{"line":103,"column":85},"end":{"line":103,"column":92}}],"line":103},"10":{"loc":{"start":{"line":119,"column":64},"end":{"line":119,"column":111}},"type":"cond-expr","locations":[{"start":{"line":119,"column":75},"end":{"line":119,"column":92}},{"start":{"line":119,"column":95},"end":{"line":119,"column":111}}],"line":119},"11":{"loc":{"start":{"line":120,"column":83},"end":{"line":120,"column":112}},"type":"cond-expr","locations":[{"start":{"line":120,"column":94},"end":{"line":120,"column":102}},{"start":{"line":120,"column":105},"end":{"line":120,"column":112}}],"line":120},"12":{"loc":{"start":{"line":131,"column":71},"end":{"line":131,"column":100}},"type":"cond-expr","locations":[{"start":{"line":131,"column":82},"end":{"line":131,"column":90}},{"start":{"line":131,"column":93},"end":{"line":131,"column":100}}],"line":131},"13":{"loc":{"start":{"line":141,"column":9},"end":{"line":148,"column":9}},"type":"binary-expr","locations":[{"start":{"line":141,"column":9},"end":{"line":141,"column":30}},{"start":{"line":142,"column":10},"end":{"line":147,"column":17}}],"line":141},"14":{"loc":{"start":{"line":155,"column":19},"end":{"line":155,"column":124}},"type":"cond-expr","locations":[{"start":{"line":155,"column":43},"end":{"line":155,"column":118}},{"start":{"line":155,"column":121},"end":{"line":155,"column":124}}],"line":155},"15":{"loc":{"start":{"line":155,"column":57},"end":{"line":155,"column":117}},"type":"cond-expr","locations":[{"start":{"line":155,"column":89},"end":{"line":155,"column":111}},{"start":{"line":155,"column":114},"end":{"line":155,"column":117}}],"line":155},"16":{"loc":{"start":{"line":180,"column":50},"end":{"line":180,"column":93}},"type":"cond-expr","locations":[{"start":{"line":180,"column":61},"end":{"line":180,"column":76}},{"start":{"line":180,"column":79},"end":{"line":180,"column":93}}],"line":180},"17":{"loc":{"start":{"line":184,"column":9},"end":{"line":196,"column":9}},"type":"binary-expr","locations":[{"start":{"line":184,"column":9},"end":{"line":184,"column":28}},{"start":{"line":185,"column":10},"end":{"line":195,"column":17}}],"line":184},"18":{"loc":{"start":{"line":198,"column":9},"end":{"line":219,"column":9}},"type":"binary-expr","locations":[{"start":{"line":198,"column":9},"end":{"line":198,"column":28}},{"start":{"line":199,"column":10},"end":{"line":218,"column":17}}],"line":198},"19":{"loc":{"start":{"line":221,"column":9},"end":{"line":234,"column":9}},"type":"binary-expr","locations":[{"start":{"line":221,"column":9},"end":{"line":221,"column":28}},{"start":{"line":222,"column":10},"end":{"line":233,"column":17}}],"line":221},"20":{"loc":{"start":{"line":238,"column":9},"end":{"line":238,"column":50}},"type":"binary-expr","locations":[{"start":{"line":238,"column":9},"end":{"line":238,"column":28}},{"start":{"line":238,"column":32},"end":{"line":238,"column":50}}],"line":238},"21":{"loc":{"start":{"line":239,"column":9},"end":{"line":239,"column":72}},"type":"binary-expr","locations":[{"start":{"line":239,"column":9},"end":{"line":239,"column":28}},{"start":{"line":239,"column":32},"end":{"line":239,"column":72}}],"line":239},"22":{"loc":{"start":{"line":240,"column":9},"end":{"line":240,"column":97}},"type":"binary-expr","locations":[{"start":{"line":240,"column":9},"end":{"line":240,"column":28}},{"start":{"line":240,"column":32},"end":{"line":240,"column":97}}],"line":240},"23":{"loc":{"start":{"line":241,"column":9},"end":{"line":241,"column":101}},"type":"binary-expr","locations":[{"start":{"line":241,"column":9},"end":{"line":241,"column":28}},{"start":{"line":241,"column":32},"end":{"line":241,"column":101}}],"line":241}},"s":{"0":0,"1":0,"2":0,"3":0,"4":0,"5":0,"6":0,"7":0,"8":0,"9":0,"10":0,"11":0,"12":0,"13":0,"14":0,"15":0,"16":0,"17":0,"18":0,"19":0,"20":0,"21":0,"22":0,"23":0,"24":0,"25":0,"26":0,"27":0,"28":0,"29":0,"30":0,"31":0,"32":0,"33":0,"34":0,"35":0,"36":0,"37":0,"38":0,"39":0,"40":0,"41":0,"42":0,"43":0,"44":0},"f":{"0":0,"1":0,"2":0,"3":0,"4":0,"5":0,"6":0,"7":0,"8":0,"9":0,"10":0,"11":0,"12":0,"13":0,"14":0,"15":0},"b":{"0":[0,0],"1":[0,0],"2":[0,0,0],"3":[0,0],"4":[0,0],"5":[0,0],"6":[0,0],"7":[0,0],"8":[0,0],"9":[0,0],"10":[0,0],"11":[0,0],"12":[0,0],"13":[0,0],"14":[0,0],"15":[0,0],"16":[0,0],"17":[0,0],"18":[0,0],"19":[0,0],"20":[0,0],"21":[0,0],"22":[0,0],"23":[0,0]}}
,"C:\\Users\\lekeo\\OneDrive\\Documents\\GitHub\\McKinleyUI\\app\\EditProduct.tsx": {"path":"C:\\Users\\lekeo\\OneDrive\\Documents\\GitHub\\McKinleyUI\\app\\EditProduct.tsx","statementMap":{"0":{"start":{"line":13,"column":20},"end":{"line":13,"column":29}},"1":{"start":{"line":14,"column":19},"end":{"line":14,"column":30}},"2":{"start":{"line":15,"column":19},"end":{"line":15,"column":38}},"3":{"start":{"line":16,"column":24},"end":{"line":16,"column":46}},"4":{"start":{"line":17,"column":26},"end":{"line":17,"column":71}},"5":{"start":{"line":18,"column":26},"end":{"line":18,"column":51}},"6":{"start":{"line":19,"column":17},"end":{"line":19,"column":43}},"7":{"start":{"line":20,"column":28},"end":{"line":20,"column":56}},"8":{"start":{"line":21,"column":42},"end":{"line":21,"column":77}},"9":{"start":{"line":22,"column":30},"end":{"line":22,"column":70}},"10":{"start":{"line":23,"column":23},"end":{"line":23,"column":55}},"11":{"start":{"line":24,"column":36},"end":{"line":24,"column":77}},"12":{"start":{"line":25,"column":28},"end":{"line":25,"column":72}},"13":{"start":{"line":26,"column":32},"end":{"line":26,"column":44}},"14":{"start":{"line":27,"column":30},"end":{"line":27,"column":59}},"15":{"start":{"line":28,"column":34},"end":{"line":28,"column":49}},"16":{"start":{"line":29,"column":48},"end":{"line":29,"column":67}},"17":{"start":{"line":30,"column":46},"end":{"line":30,"column":70}},"18":{"start":{"line":31,"column":44},"end":{"line":31,"column":59}},"19":{"start":{"line":32,"column":48},"end":{"line":32,"column":63}},"20":{"start":{"line":33,"column":54},"end":{"line":33,"column":66}},"21":{"start":{"line":34,"column":52},"end":{"line":34,"column":64}},"22":{"start":{"line":35,"column":36},"end":{"line":35,"column":38}},"23":{"start":{"line":36,"column":16},"end":{"line":36,"column":52}},"24":{"start":{"line":36,"column":30},"end":{"line":36,"column":47}},"25":{"start":{"line":38,"column":26},"end":{"line":83,"column":17}},"26":{"start":{"line":39,"column":8},"end":{"line":39,"column":24}},"27":{"start":{"line":39,"column":17},"end":{"line":39,"column":24}},"28":{"start":{"line":41,"column":8},"end":{"line":41,"column":29}},"29":{"start":{"line":43,"column":8},"end":{"line":43,"column":30}},"30":{"start":{"line":44,"column":8},"end":{"line":82,"column":9}},"31":{"start":{"line":46,"column":34},"end":{"line":46,"column":84}},"32":{"start":{"line":47,"column":30},"end":{"line":47,"column":48}},"33":{"start":{"line":50,"column":24},"end":{"line":50,"column":26}},"34":{"start":{"line":52,"column":12},"end":{"line":56,"column":13}},"35":{"start":{"line":53,"column":16},"end":{"line":53,"column":34}},"36":{"start":{"line":54,"column":19},"end":{"line":56,"column":13}},"37":{"start":{"line":55,"column":16},"end":{"line":55,"column":42}},"38":{"start":{"line":58,"column":12},"end":{"line":58,"column":37}},"39":{"start":{"line":59,"column":12},"end":{"line":59,"column":37}},"40":{"start":{"line":62,"column":37},"end":{"line":62,"column":65}},"41":{"start":{"line":63,"column":44},"end":{"line":63,"column":89}},"42":{"start":{"line":64,"column":12},"end":{"line":69,"column":13}},"43":{"start":{"line":65,"column":16},"end":{"line":68,"column":17}},"44":{"start":{"line":66,"column":44},"end":{"line":66,"column":98}},"45":{"start":{"line":66,"column":89},"end":{"line":66,"column":97}},"46":{"start":{"line":67,"column":20},"end":{"line":67,"column":72}},"47":{"start":{"line":67,"column":50},"end":{"line":67,"column":70}},"48":{"start":{"line":71,"column":12},"end":{"line":71,"column":57}},"49":{"start":{"line":72,"column":12},"end":{"line":79,"column":15}},"50":{"start":{"line":81,"column":12},"end":{"line":81,"column":35}},"51":{"start":{"line":85,"column":26},"end":{"line":87,"column":10}},"52":{"start":{"line":86,"column":8},"end":{"line":86,"column":79}},"53":{"start":{"line":86,"column":42},"end":{"line":86,"column":77}},"54":{"start":{"line":89,"column":4},"end":{"line":93,"column":28}},"55":{"start":{"line":90,"column":8},"end":{"line":92,"column":9}},"56":{"start":{"line":91,"column":12},"end":{"line":91,"column":28}},"57":{"start":{"line":95,"column":26},"end":{"line":140,"column":48}},"58":{"start":{"line":96,"column":8},"end":{"line":106,"column":9}},"59":{"start":{"line":97,"column":12},"end":{"line":104,"column":15}},"60":{"start":{"line":105,"column":12},"end":{"line":105,"column":19}},"61":{"start":{"line":108,"column":8},"end":{"line":108,"column":30}},"62":{"start":{"line":109,"column":8},"end":{"line":139,"column":9}},"63":{"start":{"line":110,"column":12},"end":{"line":110,"column":58}},"64":{"start":{"line":113,"column":25},"end":{"line":113,"column":66}},"65":{"start":{"line":113,"column":50},"end":{"line":113,"column":65}},"66":{"start":{"line":114,"column":12},"end":{"line":116,"column":13}},"67":{"start":{"line":114,"column":49},"end":{"line":114,"column":64}},"68":{"start":{"line":115,"column":16},"end":{"line":115,"column":59}},"69":{"start":{"line":118,"column":12},"end":{"line":125,"column":15}},"70":{"start":{"line":127,"column":33},"end":{"line":127,"column":93}},"71":{"start":{"line":128,"column":35},"end":{"line":128,"column":123}},"72":{"start":{"line":129,"column":12},"end":{"line":136,"column":15}},"73":{"start":{"line":138,"column":12},"end":{"line":138,"column":35}},"74":{"start":{"line":142,"column":29},"end":{"line":174,"column":32}},"75":{"start":{"line":143,"column":8},"end":{"line":143,"column":24}},"76":{"start":{"line":143,"column":17},"end":{"line":143,"column":24}},"77":{"start":{"line":145,"column":8},"end":{"line":145,"column":30}},"78":{"start":{"line":146,"column":8},"end":{"line":173,"column":9}},"79":{"start":{"line":147,"column":12},"end":{"line":147,"column":60}},"80":{"start":{"line":150,"column":12},"end":{"line":150,"column":73}},"81":{"start":{"line":150,"column":55},"end":{"line":150,"column":70}},"82":{"start":{"line":152,"column":12},"end":{"line":159,"column":15}},"83":{"start":{"line":161,"column":33},"end":{"line":161,"column":95}},"84":{"start":{"line":162,"column":35},"end":{"line":162,"column":125}},"85":{"start":{"line":163,"column":12},"end":{"line":170,"column":15}},"86":{"start":{"line":172,"column":12},"end":{"line":172,"column":35}},"87":{"start":{"line":176,"column":23},"end":{"line":245,"column":59}},"88":{"start":{"line":177,"column":8},"end":{"line":187,"column":9}},"89":{"start":{"line":178,"column":12},"end":{"line":185,"column":15}},"90":{"start":{"line":186,"column":12},"end":{"line":186,"column":19}},"91":{"start":{"line":189,"column":8},"end":{"line":189,"column":25}},"92":{"start":{"line":190,"column":25},"end":{"line":190,"column":39}},"93":{"start":{"line":192,"column":25},"end":{"line":192,"column":28}},"94":{"start":{"line":193,"column":8},"end":{"line":193,"column":52}},"95":{"start":{"line":195,"column":25},"end":{"line":199,"column":9}},"96":{"start":{"line":200,"column":8},"end":{"line":200,"column":62}},"97":{"start":{"line":202,"column":25},"end":{"line":202,"column":62}},"98":{"start":{"line":203,"column":22},"end":{"line":203,"column":47}},"99":{"start":{"line":204,"column":21},"end":{"line":204,"column":58}},"100":{"start":{"line":206,"column":8},"end":{"line":244,"column":9}},"101":{"start":{"line":207,"column":12},"end":{"line":218,"column":13}},"102":{"start":{"line":208,"column":28},"end":{"line":208,"column":46}},"103":{"start":{"line":209,"column":29},"end":{"line":209,"column":45}},"104":{"start":{"line":210,"column":29},"end":{"line":210,"column":65}},"105":{"start":{"line":211,"column":16},"end":{"line":211,"column":54}},"106":{"start":{"line":213,"column":16},"end":{"line":217,"column":26}},"107":{"start":{"line":220,"column":12},"end":{"line":220,"column":45}},"108":{"start":{"line":222,"column":12},"end":{"line":229,"column":15}},"109":{"start":{"line":230,"column":12},"end":{"line":230,"column":50}},"110":{"start":{"line":230,"column":29},"end":{"line":230,"column":42}},"111":{"start":{"line":232,"column":33},"end":{"line":232,"column":98}},"112":{"start":{"line":233,"column":35},"end":{"line":233,"column":128}},"113":{"start":{"line":234,"column":12},"end":{"line":241,"column":15}},"114":{"start":{"line":243,"column":12},"end":{"line":243,"column":30}},"115":{"start":{"line":247,"column":27},"end":{"line":319,"column":73}},"116":{"start":{"line":248,"column":8},"end":{"line":258,"column":9}},"117":{"start":{"line":249,"column":12},"end":{"line":256,"column":15}},"118":{"start":{"line":257,"column":12},"end":{"line":257,"column":19}},"119":{"start":{"line":259,"column":8},"end":{"line":259,"column":25}},"120":{"start":{"line":260,"column":25},"end":{"line":260,"column":39}},"121":{"start":{"line":262,"column":25},"end":{"line":262,"column":28}},"122":{"start":{"line":263,"column":8},"end":{"line":263,"column":52}},"123":{"start":{"line":265,"column":25},"end":{"line":270,"column":9}},"124":{"start":{"line":271,"column":8},"end":{"line":271,"column":62}},"125":{"start":{"line":273,"column":8},"end":{"line":318,"column":9}},"126":{"start":{"line":275,"column":12},"end":{"line":292,"column":13}},"127":{"start":{"line":276,"column":33},"end":{"line":276,"column":70}},"128":{"start":{"line":277,"column":30},"end":{"line":277,"column":55}},"129":{"start":{"line":278,"column":29},"end":{"line":278,"column":66}},"130":{"start":{"line":280,"column":16},"end":{"line":291,"column":17}},"131":{"start":{"line":281,"column":32},"end":{"line":281,"column":50}},"132":{"start":{"line":282,"column":33},"end":{"line":282,"column":49}},"133":{"start":{"line":283,"column":33},"end":{"line":283,"column":69}},"134":{"start":{"line":284,"column":20},"end":{"line":284,"column":58}},"135":{"start":{"line":286,"column":20},"end":{"line":290,"column":30}},"136":{"start":{"line":294,"column":12},"end":{"line":294,"column":52}},"137":{"start":{"line":296,"column":12},"end":{"line":303,"column":15}},"138":{"start":{"line":304,"column":12},"end":{"line":304,"column":50}},"139":{"start":{"line":304,"column":29},"end":{"line":304,"column":42}},"140":{"start":{"line":306,"column":33},"end":{"line":306,"column":100}},"141":{"start":{"line":307,"column":35},"end":{"line":307,"column":130}},"142":{"start":{"line":308,"column":12},"end":{"line":315,"column":15}},"143":{"start":{"line":317,"column":12},"end":{"line":317,"column":30}},"144":{"start":{"line":321,"column":25},"end":{"line":351,"column":25}},"145":{"start":{"line":322,"column":8},"end":{"line":322,"column":25}},"146":{"start":{"line":324,"column":8},"end":{"line":350,"column":15}},"147":{"start":{"line":326,"column":16},"end":{"line":333,"column":19}},"148":{"start":{"line":334,"column":16},"end":{"line":334,"column":54}},"149":{"start":{"line":334,"column":33},"end":{"line":334,"column":46}},"150":{"start":{"line":337,"column":37},"end":{"line":337,"column":104}},"151":{"start":{"line":338,"column":39},"end":{"line":338,"column":134}},"152":{"start":{"line":339,"column":16},"end":{"line":346,"column":19}},"153":{"start":{"line":349,"column":16},"end":{"line":349,"column":34}},"154":{"start":{"line":353,"column":33},"end":{"line":384,"column":27}},"155":{"start":{"line":354,"column":8},"end":{"line":354,"column":25}},"156":{"start":{"line":356,"column":8},"end":{"line":383,"column":15}},"157":{"start":{"line":358,"column":16},"end":{"line":358,"column":39}},"158":{"start":{"line":359,"column":39},"end":{"line":359,"column":113}},"159":{"start":{"line":360,"column":16},"end":{"line":367,"column":19}},"160":{"start":{"line":370,"column":37},"end":{"line":370,"column":110}},"161":{"start":{"line":371,"column":39},"end":{"line":371,"column":140}},"162":{"start":{"line":372,"column":16},"end":{"line":379,"column":19}},"163":{"start":{"line":382,"column":16},"end":{"line":382,"column":34}},"164":{"start":{"line":386,"column":25},"end":{"line":401,"column":22}},"165":{"start":{"line":387,"column":27},"end":{"line":387,"column":54}},"166":{"start":{"line":388,"column":8},"end":{"line":400,"column":9}},"167":{"start":{"line":389,"column":12},"end":{"line":389,"column":43}},"168":{"start":{"line":390,"column":12},"end":{"line":390,"column":26}},"169":{"start":{"line":391,"column":15},"end":{"line":400,"column":9}},"170":{"start":{"line":392,"column":12},"end":{"line":399,"column":15}},"171":{"start":{"line":403,"column":28},"end":{"line":405,"column":14}},"172":{"start":{"line":404,"column":8},"end":{"line":404,"column":57}},"173":{"start":{"line":404,"column":35},"end":{"line":404,"column":54}},"174":{"start":{"line":407,"column":27},"end":{"line":447,"column":23}},"175":{"start":{"line":408,"column":8},"end":{"line":418,"column":9}},"176":{"start":{"line":409,"column":12},"end":{"line":416,"column":15}},"177":{"start":{"line":417,"column":12},"end":{"line":417,"column":19}},"178":{"start":{"line":420,"column":8},"end":{"line":420,"column":25}},"179":{"start":{"line":421,"column":8},"end":{"line":446,"column":9}},"180":{"start":{"line":423,"column":12},"end":{"line":423,"column":79}},"181":{"start":{"line":423,"column":61},"end":{"line":423,"column":76}},"182":{"start":{"line":425,"column":12},"end":{"line":432,"column":15}},"183":{"start":{"line":434,"column":33},"end":{"line":434,"column":95}},"184":{"start":{"line":435,"column":35},"end":{"line":435,"column":125}},"185":{"start":{"line":436,"column":12},"end":{"line":443,"column":15}},"186":{"start":{"line":445,"column":12},"end":{"line":445,"column":30}},"187":{"start":{"line":449,"column":30},"end":{"line":459,"column":5}},"188":{"start":{"line":450,"column":23},"end":{"line":454,"column":10}},"189":{"start":{"line":456,"column":8},"end":{"line":458,"column":9}},"190":{"start":{"line":457,"column":12},"end":{"line":457,"column":43}},"191":{"start":{"line":461,"column":28},"end":{"line":471,"column":5}},"192":{"start":{"line":462,"column":23},"end":{"line":466,"column":10}},"193":{"start":{"line":468,"column":8},"end":{"line":470,"column":9}},"194":{"start":{"line":469,"column":12},"end":{"line":469,"column":43}},"195":{"start":{"line":473,"column":4},"end":{"line":850,"column":6}},"196":{"start":{"line":480,"column":57},"end":{"line":480,"column":70}},"197":{"start":{"line":625,"column":40},"end":{"line":633,"column":47}},"198":{"start":{"line":628,"column":63},"end":{"line":628,"column":83}},"199":{"start":{"line":695,"column":40},"end":{"line":706,"column":47}},"200":{"start":{"line":701,"column":63},"end":{"line":701,"column":88}},"201":{"start":{"line":717,"column":47},"end":{"line":717,"column":81}},"202":{"start":{"line":753,"column":70},"end":{"line":758,"column":53}},"203":{"start":{"line":754,"column":75},"end":{"line":754,"column":117}},"204":{"start":{"line":754,"column":100},"end":{"line":754,"column":116}},"205":{"start":{"line":756,"column":56},"end":{"line":757,"column":120}},"206":{"start":{"line":760,"column":48},"end":{"line":801,"column":50}},"207":{"start":{"line":763,"column":60},"end":{"line":777,"column":79}},"208":{"start":{"line":767,"column":68},"end":{"line":767,"column":91}},"209":{"start":{"line":768,"column":68},"end":{"line":768,"column":93}}},"fnMap":{"0":{"name":"EditProduct","decl":{"start":{"line":12,"column":24},"end":{"line":12,"column":35}},"loc":{"start":{"line":12,"column":38},"end":{"line":851,"column":1}},"line":12},"1":{"name":"(anonymous_1)","decl":{"start":{"line":36,"column":24},"end":{"line":36,"column":25}},"loc":{"start":{"line":36,"column":30},"end":{"line":36,"column":47}},"line":36},"2":{"name":"(anonymous_2)","decl":{"start":{"line":38,"column":38},"end":{"line":38,"column":39}},"loc":{"start":{"line":38,"column":50},"end":{"line":83,"column":5}},"line":38},"3":{"name":"(anonymous_3)","decl":{"start":{"line":66,"column":82},"end":{"line":66,"column":83}},"loc":{"start":{"line":66,"column":89},"end":{"line":66,"column":97}},"line":66},"4":{"name":"(anonymous_4)","decl":{"start":{"line":67,"column":37},"end":{"line":67,"column":38}},"loc":{"start":{"line":67,"column":50},"end":{"line":67,"column":70}},"line":67},"5":{"name":"(anonymous_5)","decl":{"start":{"line":85,"column":38},"end":{"line":85,"column":39}},"loc":{"start":{"line":85,"column":44},"end":{"line":87,"column":5}},"line":85},"6":{"name":"(anonymous_6)","decl":{"start":{"line":86,"column":29},"end":{"line":86,"column":30}},"loc":{"start":{"line":86,"column":42},"end":{"line":86,"column":77}},"line":86},"7":{"name":"(anonymous_7)","decl":{"start":{"line":89,"column":14},"end":{"line":89,"column":15}},"loc":{"start":{"line":89,"column":20},"end":{"line":93,"column":5}},"line":89},"8":{"name":"(anonymous_8)","decl":{"start":{"line":95,"column":38},"end":{"line":95,"column":39}},"loc":{"start":{"line":95,"column":64},"end":{"line":140,"column":5}},"line":95},"9":{"name":"(anonymous_9)","decl":{"start":{"line":113,"column":45},"end":{"line":113,"column":46}},"loc":{"start":{"line":113,"column":50},"end":{"line":113,"column":65}},"line":113},"10":{"name":"(anonymous_10)","decl":{"start":{"line":114,"column":44},"end":{"line":114,"column":45}},"loc":{"start":{"line":114,"column":49},"end":{"line":114,"column":64}},"line":114},"11":{"name":"(anonymous_11)","decl":{"start":{"line":142,"column":41},"end":{"line":142,"column":42}},"loc":{"start":{"line":142,"column":67},"end":{"line":174,"column":5}},"line":142},"12":{"name":"(anonymous_12)","decl":{"start":{"line":150,"column":50},"end":{"line":150,"column":51}},"loc":{"start":{"line":150,"column":55},"end":{"line":150,"column":70}},"line":150},"13":{"name":"(anonymous_13)","decl":{"start":{"line":176,"column":35},"end":{"line":176,"column":36}},"loc":{"start":{"line":176,"column":47},"end":{"line":245,"column":5}},"line":176},"14":{"name":"(anonymous_14)","decl":{"start":{"line":230,"column":23},"end":{"line":230,"column":24}},"loc":{"start":{"line":230,"column":29},"end":{"line":230,"column":42}},"line":230},"15":{"name":"(anonymous_15)","decl":{"start":{"line":247,"column":39},"end":{"line":247,"column":40}},"loc":{"start":{"line":247,"column":51},"end":{"line":319,"column":5}},"line":247},"16":{"name":"(anonymous_16)","decl":{"start":{"line":304,"column":23},"end":{"line":304,"column":24}},"loc":{"start":{"line":304,"column":29},"end":{"line":304,"column":42}},"line":304},"17":{"name":"(anonymous_17)","decl":{"start":{"line":321,"column":37},"end":{"line":321,"column":38}},"loc":{"start":{"line":321,"column":43},"end":{"line":351,"column":5}},"line":321},"18":{"name":"(anonymous_18)","decl":{"start":{"line":325,"column":18},"end":{"line":325,"column":19}},"loc":{"start":{"line":325,"column":24},"end":{"line":335,"column":13}},"line":325},"19":{"name":"(anonymous_19)","decl":{"start":{"line":334,"column":27},"end":{"line":334,"column":28}},"loc":{"start":{"line":334,"column":33},"end":{"line":334,"column":46}},"line":334},"20":{"name":"(anonymous_20)","decl":{"start":{"line":336,"column":19},"end":{"line":336,"column":20}},"loc":{"start":{"line":336,"column":30},"end":{"line":347,"column":13}},"line":336},"21":{"name":"(anonymous_21)","decl":{"start":{"line":348,"column":21},"end":{"line":348,"column":22}},"loc":{"start":{"line":348,"column":27},"end":{"line":350,"column":13}},"line":348},"22":{"name":"(anonymous_22)","decl":{"start":{"line":353,"column":45},"end":{"line":353,"column":46}},"loc":{"start":{"line":353,"column":51},"end":{"line":384,"column":5}},"line":353},"23":{"name":"(anonymous_23)","decl":{"start":{"line":357,"column":18},"end":{"line":357,"column":19}},"loc":{"start":{"line":357,"column":24},"end":{"line":368,"column":13}},"line":357},"24":{"name":"(anonymous_24)","decl":{"start":{"line":369,"column":19},"end":{"line":369,"column":20}},"loc":{"start":{"line":369,"column":30},"end":{"line":380,"column":13}},"line":369},"25":{"name":"(anonymous_25)","decl":{"start":{"line":381,"column":21},"end":{"line":381,"column":22}},"loc":{"start":{"line":381,"column":27},"end":{"line":383,"column":13}},"line":381},"26":{"name":"(anonymous_26)","decl":{"start":{"line":386,"column":37},"end":{"line":386,"column":38}},"loc":{"start":{"line":386,"column":43},"end":{"line":401,"column":5}},"line":386},"27":{"name":"(anonymous_27)","decl":{"start":{"line":403,"column":40},"end":{"line":403,"column":41}},"loc":{"start":{"line":403,"column":65},"end":{"line":405,"column":5}},"line":403},"28":{"name":"(anonymous_28)","decl":{"start":{"line":404,"column":28},"end":{"line":404,"column":29}},"loc":{"start":{"line":404,"column":35},"end":{"line":404,"column":54}},"line":404},"29":{"name":"(anonymous_29)","decl":{"start":{"line":407,"column":39},"end":{"line":407,"column":40}},"loc":{"start":{"line":407,"column":51},"end":{"line":447,"column":5}},"line":407},"30":{"name":"(anonymous_30)","decl":{"start":{"line":423,"column":56},"end":{"line":423,"column":57}},"loc":{"start":{"line":423,"column":61},"end":{"line":423,"column":76}},"line":423},"31":{"name":"(anonymous_31)","decl":{"start":{"line":449,"column":30},"end":{"line":449,"column":31}},"loc":{"start":{"line":449,"column":42},"end":{"line":459,"column":5}},"line":449},"32":{"name":"(anonymous_32)","decl":{"start":{"line":461,"column":28},"end":{"line":461,"column":29}},"loc":{"start":{"line":461,"column":40},"end":{"line":471,"column":5}},"line":461},"33":{"name":"(anonymous_33)","decl":{"start":{"line":480,"column":51},"end":{"line":480,"column":52}},"loc":{"start":{"line":480,"column":57},"end":{"line":480,"column":70}},"line":480},"34":{"name":"(anonymous_34)","decl":{"start":{"line":624,"column":45},"end":{"line":624,"column":46}},"loc":{"start":{"line":625,"column":40},"end":{"line":633,"column":47}},"line":625},"35":{"name":"(anonymous_35)","decl":{"start":{"line":628,"column":57},"end":{"line":628,"column":58}},"loc":{"start":{"line":628,"column":63},"end":{"line":628,"column":83}},"line":628},"36":{"name":"(anonymous_36)","decl":{"start":{"line":694,"column":54},"end":{"line":694,"column":55}},"loc":{"start":{"line":695,"column":40},"end":{"line":706,"column":47}},"line":695},"37":{"name":"(anonymous_37)","decl":{"start":{"line":701,"column":57},"end":{"line":701,"column":58}},"loc":{"start":{"line":701,"column":63},"end":{"line":701,"column":88}},"line":701},"38":{"name":"(anonymous_38)","decl":{"start":{"line":717,"column":41},"end":{"line":717,"column":42}},"loc":{"start":{"line":717,"column":47},"end":{"line":717,"column":81}},"line":717},"39":{"name":"(anonymous_39)","decl":{"start":{"line":752,"column":46},"end":{"line":752,"column":47}},"loc":{"start":{"line":752,"column":52},"end":{"line":802,"column":45}},"line":752},"40":{"name":"(anonymous_40)","decl":{"start":{"line":754,"column":60},"end":{"line":754,"column":61}},"loc":{"start":{"line":754,"column":75},"end":{"line":754,"column":117}},"line":754},"41":{"name":"(anonymous_41)","decl":{"start":{"line":754,"column":95},"end":{"line":754,"column":96}},"loc":{"start":{"line":754,"column":100},"end":{"line":754,"column":116}},"line":754},"42":{"name":"(anonymous_42)","decl":{"start":{"line":755,"column":60},"end":{"line":755,"column":61}},"loc":{"start":{"line":756,"column":56},"end":{"line":757,"column":120}},"line":756},"43":{"name":"(anonymous_43)","decl":{"start":{"line":762,"column":103},"end":{"line":762,"column":104}},"loc":{"start":{"line":763,"column":60},"end":{"line":777,"column":79}},"line":763},"44":{"name":"(anonymous_44)","decl":{"start":{"line":766,"column":73},"end":{"line":766,"column":74}},"loc":{"start":{"line":766,"column":79},"end":{"line":769,"column":65}},"line":766}},"branchMap":{"0":{"loc":{"start":{"line":17,"column":26},"end":{"line":17,"column":71}},"type":"cond-expr","locations":[{"start":{"line":17,"column":51},"end":{"line":17,"column":61}},{"start":{"line":17,"column":64},"end":{"line":17,"column":71}}],"line":17},"1":{"loc":{"start":{"line":24,"column":45},"end":{"line":24,"column":76}},"type":"binary-expr","locations":[{"start":{"line":24,"column":45},"end":{"line":24,"column":67}},{"start":{"line":24,"column":71},"end":{"line":24,"column":76}}],"line":24},"2":{"loc":{"start":{"line":25,"column":47},"end":{"line":25,"column":71}},"type":"binary-expr","locations":[{"start":{"line":25,"column":47},"end":{"line":25,"column":65}},{"start":{"line":25,"column":69},"end":{"line":25,"column":71}}],"line":25},"3":{"loc":{"start":{"line":39,"column":8},"end":{"line":39,"column":24}},"type":"if","locations":[{"start":{"line":39,"column":8},"end":{"line":39,"column":24}},{"start":{},"end":{}}],"line":39},"4":{"loc":{"start":{"line":52,"column":12},"end":{"line":56,"column":13}},"type":"if","locations":[{"start":{"line":52,"column":12},"end":{"line":56,"column":13}},{"start":{"line":54,"column":19},"end":{"line":56,"column":13}}],"line":52},"5":{"loc":{"start":{"line":54,"column":19},"end":{"line":56,"column":13}},"type":"if","locations":[{"start":{"line":54,"column":19},"end":{"line":56,"column":13}},{"start":{},"end":{}}],"line":54},"6":{"loc":{"start":{"line":63,"column":44},"end":{"line":63,"column":89}},"type":"binary-expr","locations":[{"start":{"line":63,"column":44},"end":{"line":63,"column":83}},{"start":{"line":63,"column":87},"end":{"line":63,"column":89}}],"line":63},"7":{"loc":{"start":{"line":64,"column":12},"end":{"line":69,"column":13}},"type":"if","locations":[{"start":{"line":64,"column":12},"end":{"line":69,"column":13}},{"start":{},"end":{}}],"line":64},"8":{"loc":{"start":{"line":90,"column":8},"end":{"line":92,"column":9}},"type":"if","locations":[{"start":{"line":90,"column":8},"end":{"line":92,"column":9}},{"start":{},"end":{}}],"line":90},"9":{"loc":{"start":{"line":96,"column":8},"end":{"line":106,"column":9}},"type":"if","locations":[{"start":{"line":96,"column":8},"end":{"line":106,"column":9}},{"start":{},"end":{}}],"line":96},"10":{"loc":{"start":{"line":114,"column":12},"end":{"line":116,"column":13}},"type":"if","locations":[{"start":{"line":114,"column":12},"end":{"line":116,"column":13}},{"start":{},"end":{}}],"line":114},"11":{"loc":{"start":{"line":114,"column":16},"end":{"line":114,"column":65}},"type":"binary-expr","locations":[{"start":{"line":114,"column":16},"end":{"line":114,"column":20}},{"start":{"line":114,"column":24},"end":{"line":114,"column":65}}],"line":114},"12":{"loc":{"start":{"line":127,"column":33},"end":{"line":127,"column":93}},"type":"binary-expr","locations":[{"start":{"line":127,"column":33},"end":{"line":127,"column":53}},{"start":{"line":127,"column":57},"end":{"line":127,"column":70}},{"start":{"line":127,"column":74},"end":{"line":127,"column":93}}],"line":127},"13":{"loc":{"start":{"line":128,"column":35},"end":{"line":128,"column":123}},"type":"cond-expr","locations":[{"start":{"line":128,"column":70},"end":{"line":128,"column":82}},{"start":{"line":128,"column":85},"end":{"line":128,"column":123}}],"line":128},"14":{"loc":{"start":{"line":143,"column":8},"end":{"line":143,"column":24}},"type":"if","locations":[{"start":{"line":143,"column":8},"end":{"line":143,"column":24}},{"start":{},"end":{}}],"line":143},"15":{"loc":{"start":{"line":161,"column":33},"end":{"line":161,"column":95}},"type":"binary-expr","locations":[{"start":{"line":161,"column":33},"end":{"line":161,"column":53}},{"start":{"line":161,"column":57},"end":{"line":161,"column":70}},{"start":{"line":161,"column":74},"end":{"line":161,"column":95}}],"line":161},"16":{"loc":{"start":{"line":162,"column":35},"end":{"line":162,"column":125}},"type":"cond-expr","locations":[{"start":{"line":162,"column":70},"end":{"line":162,"column":82}},{"start":{"line":162,"column":85},"end":{"line":162,"column":125}}],"line":162},"17":{"loc":{"start":{"line":177,"column":8},"end":{"line":187,"column":9}},"type":"if","locations":[{"start":{"line":177,"column":8},"end":{"line":187,"column":9}},{"start":{},"end":{}}],"line":177},"18":{"loc":{"start":{"line":193,"column":36},"end":{"line":193,"column":50}},"type":"binary-expr","locations":[{"start":{"line":193,"column":36},"end":{"line":193,"column":44}},{"start":{"line":193,"column":48},"end":{"line":193,"column":50}}],"line":193},"19":{"loc":{"start":{"line":202,"column":25},"end":{"line":202,"column":62}},"type":"binary-expr","locations":[{"start":{"line":202,"column":25},"end":{"line":202,"column":47}},{"start":{"line":202,"column":51},"end":{"line":202,"column":62}}],"line":202},"20":{"loc":{"start":{"line":204,"column":21},"end":{"line":204,"column":58}},"type":"cond-expr","locations":[{"start":{"line":204,"column":29},"end":{"line":204,"column":48}},{"start":{"line":204,"column":51},"end":{"line":204,"column":58}}],"line":204},"21":{"loc":{"start":{"line":207,"column":12},"end":{"line":218,"column":13}},"type":"if","locations":[{"start":{"line":207,"column":12},"end":{"line":218,"column":13}},{"start":{"line":212,"column":19},"end":{"line":218,"column":13}}],"line":207},"22":{"loc":{"start":{"line":232,"column":33},"end":{"line":232,"column":98}},"type":"binary-expr","locations":[{"start":{"line":232,"column":33},"end":{"line":232,"column":53}},{"start":{"line":232,"column":57},"end":{"line":232,"column":70}},{"start":{"line":232,"column":74},"end":{"line":232,"column":98}}],"line":232},"23":{"loc":{"start":{"line":233,"column":35},"end":{"line":233,"column":128}},"type":"cond-expr","locations":[{"start":{"line":233,"column":70},"end":{"line":233,"column":82}},{"start":{"line":233,"column":85},"end":{"line":233,"column":128}}],"line":233},"24":{"loc":{"start":{"line":248,"column":8},"end":{"line":258,"column":9}},"type":"if","locations":[{"start":{"line":248,"column":8},"end":{"line":258,"column":9}},{"start":{},"end":{}}],"line":248},"25":{"loc":{"start":{"line":248,"column":12},"end":{"line":248,"column":31}},"type":"binary-expr","locations":[{"start":{"line":248,"column":12},"end":{"line":248,"column":18}},{"start":{"line":248,"column":22},"end":{"line":248,"column":31}}],"line":248},"26":{"loc":{"start":{"line":263,"column":36},"end":{"line":263,"column":50}},"type":"binary-expr","locations":[{"start":{"line":263,"column":36},"end":{"line":263,"column":44}},{"start":{"line":263,"column":48},"end":{"line":263,"column":50}}],"line":263},"27":{"loc":{"start":{"line":275,"column":12},"end":{"line":292,"column":13}},"type":"if","locations":[{"start":{"line":275,"column":12},"end":{"line":292,"column":13}},{"start":{},"end":{}}],"line":275},"28":{"loc":{"start":{"line":276,"column":33},"end":{"line":276,"column":70}},"type":"binary-expr","locations":[{"start":{"line":276,"column":33},"end":{"line":276,"column":55}},{"start":{"line":276,"column":59},"end":{"line":276,"column":70}}],"line":276},"29":{"loc":{"start":{"line":278,"column":29},"end":{"line":278,"column":66}},"type":"cond-expr","locations":[{"start":{"line":278,"column":37},"end":{"line":278,"column":56}},{"start":{"line":278,"column":59},"end":{"line":278,"column":66}}],"line":278},"30":{"loc":{"start":{"line":280,"column":16},"end":{"line":291,"column":17}},"type":"if","locations":[{"start":{"line":280,"column":16},"end":{"line":291,"column":17}},{"start":{"line":285,"column":23},"end":{"line":291,"column":17}}],"line":280},"31":{"loc":{"start":{"line":306,"column":33},"end":{"line":306,"column":100}},"type":"binary-expr","locations":[{"start":{"line":306,"column":33},"end":{"line":306,"column":53}},{"start":{"line":306,"column":57},"end":{"line":306,"column":70}},{"start":{"line":306,"column":74},"end":{"line":306,"column":100}}],"line":306},"32":{"loc":{"start":{"line":307,"column":35},"end":{"line":307,"column":130}},"type":"cond-expr","locations":[{"start":{"line":307,"column":70},"end":{"line":307,"column":82}},{"start":{"line":307,"column":85},"end":{"line":307,"column":130}}],"line":307},"33":{"loc":{"start":{"line":337,"column":37},"end":{"line":337,"column":104}},"type":"binary-expr","locations":[{"start":{"line":337,"column":37},"end":{"line":337,"column":57}},{"start":{"line":337,"column":61},"end":{"line":337,"column":74}},{"start":{"line":337,"column":78},"end":{"line":337,"column":104}}],"line":337},"34":{"loc":{"start":{"line":338,"column":39},"end":{"line":338,"column":134}},"type":"cond-expr","locations":[{"start":{"line":338,"column":74},"end":{"line":338,"column":86}},{"start":{"line":338,"column":89},"end":{"line":338,"column":134}}],"line":338},"35":{"loc":{"start":{"line":359,"column":52},"end":{"line":359,"column":110}},"type":"cond-expr","locations":[{"start":{"line":359,"column":64},"end":{"line":359,"column":84}},{"start":{"line":359,"column":87},"end":{"line":359,"column":110}}],"line":359},"36":{"loc":{"start":{"line":370,"column":37},"end":{"line":370,"column":110}},"type":"binary-expr","locations":[{"start":{"line":370,"column":37},"end":{"line":370,"column":57}},{"start":{"line":370,"column":61},"end":{"line":370,"column":74}},{"start":{"line":370,"column":78},"end":{"line":370,"column":110}}],"line":370},"37":{"loc":{"start":{"line":371,"column":39},"end":{"line":371,"column":140}},"type":"cond-expr","locations":[{"start":{"line":371,"column":74},"end":{"line":371,"column":86}},{"start":{"line":371,"column":89},"end":{"line":371,"column":140}}],"line":371},"38":{"loc":{"start":{"line":388,"column":8},"end":{"line":400,"column":9}},"type":"if","locations":[{"start":{"line":388,"column":8},"end":{"line":400,"column":9}},{"start":{"line":391,"column":15},"end":{"line":400,"column":9}}],"line":388},"39":{"loc":{"start":{"line":388,"column":12},"end":{"line":388,"column":52}},"type":"binary-expr","locations":[{"start":{"line":388,"column":12},"end":{"line":388,"column":22}},{"start":{"line":388,"column":26},"end":{"line":388,"column":52}}],"line":388},"40":{"loc":{"start":{"line":391,"column":15},"end":{"line":400,"column":9}},"type":"if","locations":[{"start":{"line":391,"column":15},"end":{"line":400,"column":9}},{"start":{},"end":{}}],"line":391},"41":{"loc":{"start":{"line":408,"column":8},"end":{"line":418,"column":9}},"type":"if","locations":[{"start":{"line":408,"column":8},"end":{"line":418,"column":9}},{"start":{},"end":{}}],"line":408},"42":{"loc":{"start":{"line":434,"column":33},"end":{"line":434,"column":95}},"type":"binary-expr","locations":[{"start":{"line":434,"column":33},"end":{"line":434,"column":53}},{"start":{"line":434,"column":57},"end":{"line":434,"column":70}},{"start":{"line":434,"column":74},"end":{"line":434,"column":95}}],"line":434},"43":{"loc":{"start":{"line":435,"column":35},"end":{"line":435,"column":125}},"type":"cond-expr","locations":[{"start":{"line":435,"column":70},"end":{"line":435,"column":82}},{"start":{"line":435,"column":85},"end":{"line":435,"column":125}}],"line":435},"44":{"loc":{"start":{"line":456,"column":8},"end":{"line":458,"column":9}},"type":"if","locations":[{"start":{"line":456,"column":8},"end":{"line":458,"column":9}},{"start":{},"end":{}}],"line":456},"45":{"loc":{"start":{"line":468,"column":8},"end":{"line":470,"column":9}},"type":"if","locations":[{"start":{"line":468,"column":8},"end":{"line":470,"column":9}},{"start":{},"end":{}}],"line":468},"46":{"loc":{"start":{"line":476,"column":13},"end":{"line":488,"column":13}},"type":"binary-expr","locations":[{"start":{"line":476,"column":13},"end":{"line":476,"column":34}},{"start":{"line":477,"column":16},"end":{"line":487,"column":19}}],"line":476},"47":{"loc":{"start":{"line":484,"column":29},"end":{"line":484,"column":89}},"type":"cond-expr","locations":[{"start":{"line":484,"column":55},"end":{"line":484,"column":71}},{"start":{"line":484,"column":74},"end":{"line":484,"column":89}}],"line":484},"48":{"loc":{"start":{"line":540,"column":25},"end":{"line":548,"column":25}},"type":"binary-expr","locations":[{"start":{"line":540,"column":25},"end":{"line":540,"column":30}},{"start":{"line":541,"column":28},"end":{"line":547,"column":35}}],"line":540},"49":{"loc":{"start":{"line":550,"column":25},"end":{"line":563,"column":25}},"type":"cond-expr","locations":[{"start":{"line":551,"column":28},"end":{"line":557,"column":35}},{"start":{"line":559,"column":28},"end":{"line":562,"column":35}}],"line":550},"50":{"loc":{"start":{"line":550,"column":26},"end":{"line":550,"column":44}},"type":"binary-expr","locations":[{"start":{"line":550,"column":26},"end":{"line":550,"column":34}},{"start":{"line":550,"column":38},"end":{"line":550,"column":44}}],"line":550},"51":{"loc":{"start":{"line":559,"column":28},"end":{"line":562,"column":35}},"type":"binary-expr","locations":[{"start":{"line":559,"column":28},"end":{"line":559,"column":34}},{"start":{"line":560,"column":28},"end":{"line":562,"column":35}}],"line":559},"52":{"loc":{"start":{"line":596,"column":21},"end":{"line":615,"column":21}},"type":"binary-expr","locations":[{"start":{"line":596,"column":21},"end":{"line":596,"column":44}},{"start":{"line":597,"column":24},"end":{"line":614,"column":31}}],"line":596},"53":{"loc":{"start":{"line":601,"column":38},"end":{"line":601,"column":72}},"type":"cond-expr","locations":[{"start":{"line":601,"column":49},"end":{"line":601,"column":55}},{"start":{"line":601,"column":58},"end":{"line":601,"column":72}}],"line":601},"54":{"loc":{"start":{"line":604,"column":45},"end":{"line":604,"column":79}},"type":"cond-expr","locations":[{"start":{"line":604,"column":56},"end":{"line":604,"column":65}},{"start":{"line":604,"column":68},"end":{"line":604,"column":79}}],"line":604},"55":{"loc":{"start":{"line":605,"column":43},"end":{"line":605,"column":69}},"type":"cond-expr","locations":[{"start":{"line":605,"column":54},"end":{"line":605,"column":60}},{"start":{"line":605,"column":63},"end":{"line":605,"column":69}}],"line":605},"56":{"loc":{"start":{"line":610,"column":65},"end":{"line":610,"column":94}},"type":"binary-expr","locations":[{"start":{"line":610,"column":65},"end":{"line":610,"column":73}},{"start":{"line":610,"column":77},"end":{"line":610,"column":94}}],"line":610},"57":{"loc":{"start":{"line":611,"column":37},"end":{"line":611,"column":91}},"type":"cond-expr","locations":[{"start":{"line":611,"column":48},"end":{"line":611,"column":70}},{"start":{"line":611,"column":73},"end":{"line":611,"column":91}}],"line":611},"58":{"loc":{"start":{"line":617,"column":21},"end":{"line":685,"column":21}},"type":"binary-expr","locations":[{"start":{"line":617,"column":21},"end":{"line":617,"column":44}},{"start":{"line":618,"column":24},"end":{"line":684,"column":31}}],"line":617},"59":{"loc":{"start":{"line":623,"column":33},"end":{"line":637,"column":33}},"type":"cond-expr","locations":[{"start":{"line":624,"column":36},"end":{"line":634,"column":38}},{"start":{"line":636,"column":36},"end":{"line":636,"column":92}}],"line":623},"60":{"loc":{"start":{"line":662,"column":46},"end":{"line":662,"column":71}},"type":"binary-expr","locations":[{"start":{"line":662,"column":46},"end":{"line":662,"column":53}},{"start":{"line":662,"column":57},"end":{"line":662,"column":71}}],"line":662},"61":{"loc":{"start":{"line":687,"column":21},"end":{"line":814,"column":21}},"type":"binary-expr","locations":[{"start":{"line":687,"column":21},"end":{"line":687,"column":44}},{"start":{"line":688,"column":24},"end":{"line":813,"column":31}}],"line":687},"62":{"loc":{"start":{"line":693,"column":33},"end":{"line":710,"column":33}},"type":"cond-expr","locations":[{"start":{"line":694,"column":36},"end":{"line":707,"column":38}},{"start":{"line":709,"column":36},"end":{"line":709,"column":94}}],"line":693},"63":{"loc":{"start":{"line":716,"column":38},"end":{"line":716,"column":76}},"type":"cond-expr","locations":[{"start":{"line":716,"column":55},"end":{"line":716,"column":67}},{"start":{"line":716,"column":70},"end":{"line":716,"column":76}}],"line":716},"64":{"loc":{"start":{"line":725,"column":33},"end":{"line":725,"column":85}},"type":"cond-expr","locations":[{"start":{"line":725,"column":50},"end":{"line":725,"column":72}},{"start":{"line":725,"column":75},"end":{"line":725,"column":85}}],"line":725},"65":{"loc":{"start":{"line":729,"column":29},"end":{"line":812,"column":29}},"type":"binary-expr","locations":[{"start":{"line":729,"column":29},"end":{"line":729,"column":43}},{"start":{"line":730,"column":32},"end":{"line":811,"column":39}}],"line":729},"66":{"loc":{"start":{"line":748,"column":37},"end":{"line":810,"column":37}},"type":"cond-expr","locations":[{"start":{"line":749,"column":40},"end":{"line":749,"column":96}},{"start":{"line":750,"column":40},"end":{"line":810,"column":37}}],"line":748},"67":{"loc":{"start":{"line":750,"column":40},"end":{"line":810,"column":37}},"type":"cond-expr","locations":[{"start":{"line":751,"column":40},"end":{"line":803,"column":43}},{"start":{"line":805,"column":40},"end":{"line":809,"column":47}}],"line":750},"68":{"loc":{"start":{"line":756,"column":56},"end":{"line":757,"column":120}},"type":"binary-expr","locations":[{"start":{"line":756,"column":56},"end":{"line":756,"column":86}},{"start":{"line":757,"column":56},"end":{"line":757,"column":120}}],"line":756},"69":{"loc":{"start":{"line":760,"column":55},"end":{"line":801,"column":49}},"type":"cond-expr","locations":[{"start":{"line":761,"column":52},"end":{"line":796,"column":55}},{"start":{"line":798,"column":52},"end":{"line":800,"column":59}}],"line":760},"70":{"loc":{"start":{"line":781,"column":57},"end":{"line":795,"column":57}},"type":"binary-expr","locations":[{"start":{"line":781,"column":57},"end":{"line":781,"column":97}},{"start":{"line":781,"column":101},"end":{"line":781,"column":131}},{"start":{"line":782,"column":60},"end":{"line":794,"column":69}}],"line":781},"71":{"loc":{"start":{"line":806,"column":45},"end":{"line":808,"column":70}},"type":"cond-expr","locations":[{"start":{"line":807,"column":50},"end":{"line":807,"column":75}},{"start":{"line":808,"column":50},"end":{"line":808,"column":70}}],"line":806},"72":{"loc":{"start":{"line":806,"column":45},"end":{"line":806,"column":98}},"type":"binary-expr","locations":[{"start":{"line":806,"column":45},"end":{"line":806,"column":69}},{"start":{"line":806,"column":73},"end":{"line":806,"column":98}}],"line":806},"73":{"loc":{"start":{"line":817,"column":25},"end":{"line":830,"column":25}},"type":"binary-expr","locations":[{"start":{"line":817,"column":25},"end":{"line":817,"column":48}},{"start":{"line":818,"column":28},"end":{"line":829,"column":37}}],"line":817},"74":{"loc":{"start":{"line":835,"column":37},"end":{"line":835,"column":90}},"type":"cond-expr","locations":[{"start":{"line":835,"column":63},"end":{"line":835,"column":77}},{"start":{"line":835,"column":80},"end":{"line":835,"column":90}}],"line":835}},"s":{"0":0,"1":0,"2":0,"3":0,"4":0,"5":0,"6":0,"7":0,"8":0,"9":0,"10":0,"11":0,"12":0,"13":0,"14":0,"15":0,"16":0,"17":0,"18":0,"19":0,"20":0,"21":0,"22":0,"23":0,"24":0,"25":0,"26":0,"27":0,"28":0,"29":0,"30":0,"31":0,"32":0,"33":0,"34":0,"35":0,"36":0,"37":0,"38":0,"39":0,"40":0,"41":0,"42":0,"43":0,"44":0,"45":0,"46":0,"47":0,"48":0,"49":0,"50":0,"51":0,"52":0,"53":0,"54":0,"55":0,"56":0,"57":0,"58":0,"59":0,"60":0,"61":0,"62":0,"63":0,"64":0,"65":0,"66":0,"67":0,"68":0,"69":0,"70":0,"71":0,"72":0,"73":0,"74":0,"75":0,"76":0,"77":0,"78":0,"79":0,"80":0,"81":0,"82":0,"83":0,"84":0,"85":0,"86":0,"87":0,"88":0,"89":0,"90":0,"91":0,"92":0,"93":0,"94":0,"95":0,"96":0,"97":0,"98":0,"99":0,"100":0,"101":0,"102":0,"103":0,"104":0,"105":0,"106":0,"107":0,"108":0,"109":0,"110":0,"111":0,"112":0,"113":0,"114":0,"115":0,"116":0,"117":0,"118":0,"119":0,"120":0,"121":0,"122":0,"123":0,"124":0,"125":0,"126":0,"127":0,"128":0,"129":0,"130":0,"131":0,"132":0,"133":0,"134":0,"135":0,"136":0,"137":0,"138":0,"139":0,"140":0,"141":0,"142":0,"143":0,"144":0,"145":0,"146":0,"147":0,"148":0,"149":0,"150":0,"151":0,"152":0,"153":0,"154":0,"155":0,"156":0,"157":0,"158":0,"159":0,"160":0,"161":0,"162":0,"163":0,"164":0,"165":0,"166":0,"167":0,"168":0,"169":0,"170":0,"171":0,"172":0,"173":0,"174":0,"175":0,"176":0,"177":0,"178":0,"179":0,"180":0,"181":0,"182":0,"183":0,"184":0,"185":0,"186":0,"187":0,"188":0,"189":0,"190":0,"191":0,"192":0,"193":0,"194":0,"195":0,"196":0,"197":0,"198":0,"199":0,"200":0,"201":0,"202":0,"203":0,"204":0,"205":0,"206":0,"207":0,"208":0,"209":0},"f":{"0":0,"1":0,"2":0,"3":0,"4":0,"5":0,"6":0,"7":0,"8":0,"9":0,"10":0,"11":0,"12":0,"13":0,"14":0,"15":0,"16":0,"17":0,"18":0,"19":0,"20":0,"21":0,"22":0,"23":0,"24":0,"25":0,"26":0,"27":0,"28":0,"29":0,"30":0,"31":0,"32":0,"33":0,"34":0,"35":0,"36":0,"37":0,"38":0,"39":0,"40":0,"41":0,"42":0,"43":0,"44":0},"b":{"0":[0,0],"1":[0,0],"2":[0,0],"3":[0,0],"4":[0,0],"5":[0,0],"6":[0,0],"7":[0,0],"8":[0,0],"9":[0,0],"10":[0,0],"11":[0,0],"12":[0,0,0],"13":[0,0],"14":[0,0],"15":[0,0,0],"16":[0,0],"17":[0,0],"18":[0,0],"19":[0,0],"20":[0,0],"21":[0,0],"22":[0,0,0],"23":[0,0],"24":[0,0],"25":[0,0],"26":[0,0],"27":[0,0],"28":[0,0],"29":[0,0],"30":[0,0],"31":[0,0,0],"32":[0,0],"33":[0,0,0],"34":[0,0],"35":[0,0],"36":[0,0,0],"37":[0,0],"38":[0,0],"39":[0,0],"40":[0,0],"41":[0,0],"42":[0,0,0],"43":[0,0],"44":[0,0],"45":[0,0],"46":[0,0],"47":[0,0],"48":[0,0],"49":[0,0],"50":[0,0],"51":[0,0],"52":[0,0],"53":[0,0],"54":[0,0],"55":[0,0],"56":[0,0],"57":[0,0],"58":[0,0],"59":[0,0],"60":[0,0],"61":[0,0],"62":[0,0],"63":[0,0],"64":[0,0],"65":[0,0],"66":[0,0],"67":[0,0],"68":[0,0],"69":[0,0],"70":[0,0,0],"71":[0,0],"72":[0,0],"73":[0,0],"74":[0,0]}}
,"C:\\Users\\lekeo\\OneDrive\\Documents\\GitHub\\McKinleyUI\\app\\EditProfile.tsx": {"path":"C:\\Users\\lekeo\\OneDrive\\Documents\\GitHub\\McKinleyUI\\app\\EditProfile.tsx","statementMap":{"0":{"start":{"line":14,"column":22},"end":{"line":35,"column":1}},"1":{"start":{"line":38,"column":20},"end":{"line":38,"column":29}},"2":{"start":{"line":39,"column":16},"end":{"line":39,"column":52}},"3":{"start":{"line":39,"column":30},"end":{"line":39,"column":47}},"4":{"start":{"line":40,"column":19},"end":{"line":40,"column":38}},"5":{"start":{"line":41,"column":38},"end":{"line":41,"column":50}},"6":{"start":{"line":42,"column":36},"end":{"line":42,"column":48}},"7":{"start":{"line":43,"column":30},"end":{"line":43,"column":42}},"8":{"start":{"line":44,"column":42},"end":{"line":44,"column":54}},"9":{"start":{"line":45,"column":42},"end":{"line":45,"column":56}},"10":{"start":{"line":46,"column":42},"end":{"line":46,"column":57}},"11":{"start":{"line":47,"column":48},"end":{"line":47,"column":63}},"12":{"start":{"line":48,"column":46},"end":{"line":48,"column":61}},"13":{"start":{"line":49,"column":52},"end":{"line":49,"column":67}},"14":{"start":{"line":52,"column":25},"end":{"line":69,"column":5}},"15":{"start":{"line":53,"column":20},"end":{"line":53,"column":24}},"16":{"start":{"line":54,"column":8},"end":{"line":57,"column":9}},"17":{"start":{"line":55,"column":12},"end":{"line":55,"column":36}},"18":{"start":{"line":56,"column":12},"end":{"line":56,"column":26}},"19":{"start":{"line":58,"column":8},"end":{"line":61,"column":9}},"20":{"start":{"line":59,"column":12},"end":{"line":59,"column":35}},"21":{"start":{"line":60,"column":12},"end":{"line":60,"column":26}},"22":{"start":{"line":63,"column":28},"end":{"line":63,"column":77}},"23":{"start":{"line":64,"column":8},"end":{"line":67,"column":9}},"24":{"start":{"line":65,"column":12},"end":{"line":65,"column":38}},"25":{"start":{"line":66,"column":12},"end":{"line":66,"column":26}},"26":{"start":{"line":68,"column":8},"end":{"line":68,"column":21}},"27":{"start":{"line":71,"column":29},"end":{"line":98,"column":18}},"28":{"start":{"line":72,"column":8},"end":{"line":97,"column":11}},"29":{"start":{"line":74,"column":12},"end":{"line":74,"column":50}},"30":{"start":{"line":75,"column":12},"end":{"line":75,"column":48}},"31":{"start":{"line":76,"column":12},"end":{"line":76,"column":42}},"32":{"start":{"line":78,"column":12},"end":{"line":81,"column":13}},"33":{"start":{"line":79,"column":16},"end":{"line":79,"column":35}},"34":{"start":{"line":80,"column":16},"end":{"line":80,"column":23}},"35":{"start":{"line":83,"column":26},"end":{"line":83,"column":79}},"36":{"start":{"line":84,"column":12},"end":{"line":84,"column":62}},"37":{"start":{"line":85,"column":12},"end":{"line":85,"column":58}},"38":{"start":{"line":88,"column":33},"end":{"line":88,"column":104}},"39":{"start":{"line":89,"column":12},"end":{"line":96,"column":15}},"40":{"start":{"line":100,"column":29},"end":{"line":107,"column":5}},"41":{"start":{"line":101,"column":29},"end":{"line":101,"column":67}},"42":{"start":{"line":102,"column":8},"end":{"line":106,"column":9}},"43":{"start":{"line":103,"column":12},"end":{"line":103,"column":48}},"44":{"start":{"line":105,"column":12},"end":{"line":105,"column":25}},"45":{"start":{"line":109,"column":26},"end":{"line":109,"column":49}},"46":{"start":{"line":109,"column":34},"end":{"line":109,"column":47}},"47":{"start":{"line":111,"column":30},"end":{"line":138,"column":5}},"48":{"start":{"line":112,"column":8},"end":{"line":112,"column":23}},"49":{"start":{"line":113,"column":8},"end":{"line":116,"column":9}},"50":{"start":{"line":114,"column":12},"end":{"line":114,"column":61}},"51":{"start":{"line":115,"column":12},"end":{"line":115,"column":19}},"52":{"start":{"line":117,"column":28},"end":{"line":117,"column":71}},"53":{"start":{"line":118,"column":8},"end":{"line":137,"column":9}},"54":{"start":{"line":119,"column":32},"end":{"line":124,"column":13}},"55":{"start":{"line":125,"column":12},"end":{"line":133,"column":15}},"56":{"start":{"line":127,"column":16},"end":{"line":127,"column":60}},"57":{"start":{"line":128,"column":16},"end":{"line":128,"column":50}},"58":{"start":{"line":131,"column":16},"end":{"line":131,"column":78}},"59":{"start":{"line":135,"column":12},"end":{"line":135,"column":48}},"60":{"start":{"line":136,"column":12},"end":{"line":136,"column":19}},"61":{"start":{"line":140,"column":4},"end":{"line":142,"column":26}},"62":{"start":{"line":141,"column":8},"end":{"line":141,"column":27}},"63":{"start":{"line":145,"column":4},"end":{"line":278,"column":6}},"64":{"start":{"line":225,"column":45},"end":{"line":225,"column":66}},"65":{"start":{"line":228,"column":51},"end":{"line":228,"column":71}},"66":{"start":{"line":240,"column":36},"end":{"line":248,"column":38}},"67":{"start":{"line":243,"column":44},"end":{"line":243,"column":70}},"68":{"start":{"line":244,"column":44},"end":{"line":244,"column":66}}},"fnMap":{"0":{"name":"EditProfile","decl":{"start":{"line":37,"column":24},"end":{"line":37,"column":35}},"loc":{"start":{"line":37,"column":38},"end":{"line":279,"column":1}},"line":37},"1":{"name":"(anonymous_1)","decl":{"start":{"line":39,"column":24},"end":{"line":39,"column":25}},"loc":{"start":{"line":39,"column":30},"end":{"line":39,"column":47}},"line":39},"2":{"name":"(anonymous_2)","decl":{"start":{"line":52,"column":25},"end":{"line":52,"column":26}},"loc":{"start":{"line":52,"column":31},"end":{"line":69,"column":5}},"line":52},"3":{"name":"(anonymous_3)","decl":{"start":{"line":71,"column":41},"end":{"line":71,"column":42}},"loc":{"start":{"line":71,"column":47},"end":{"line":98,"column":5}},"line":71},"4":{"name":"(anonymous_4)","decl":{"start":{"line":73,"column":14},"end":{"line":73,"column":15}},"loc":{"start":{"line":73,"column":28},"end":{"line":86,"column":9}},"line":73},"5":{"name":"(anonymous_5)","decl":{"start":{"line":87,"column":15},"end":{"line":87,"column":16}},"loc":{"start":{"line":87,"column":26},"end":{"line":97,"column":9}},"line":87},"6":{"name":"(anonymous_6)","decl":{"start":{"line":100,"column":29},"end":{"line":100,"column":30}},"loc":{"start":{"line":100,"column":53},"end":{"line":107,"column":5}},"line":100},"7":{"name":"(anonymous_7)","decl":{"start":{"line":109,"column":26},"end":{"line":109,"column":27}},"loc":{"start":{"line":109,"column":32},"end":{"line":109,"column":49}},"line":109},"8":{"name":"(anonymous_8)","decl":{"start":{"line":111,"column":30},"end":{"line":111,"column":31}},"loc":{"start":{"line":111,"column":36},"end":{"line":138,"column":5}},"line":111},"9":{"name":"(anonymous_9)","decl":{"start":{"line":126,"column":18},"end":{"line":126,"column":19}},"loc":{"start":{"line":126,"column":32},"end":{"line":129,"column":13}},"line":126},"10":{"name":"(anonymous_10)","decl":{"start":{"line":130,"column":19},"end":{"line":130,"column":20}},"loc":{"start":{"line":130,"column":30},"end":{"line":133,"column":13}},"line":130},"11":{"name":"(anonymous_11)","decl":{"start":{"line":140,"column":14},"end":{"line":140,"column":15}},"loc":{"start":{"line":140,"column":20},"end":{"line":142,"column":5}},"line":140},"12":{"name":"(anonymous_12)","decl":{"start":{"line":225,"column":39},"end":{"line":225,"column":40}},"loc":{"start":{"line":225,"column":45},"end":{"line":225,"column":66}},"line":225},"13":{"name":"(anonymous_13)","decl":{"start":{"line":228,"column":45},"end":{"line":228,"column":46}},"loc":{"start":{"line":228,"column":51},"end":{"line":228,"column":71}},"line":228},"14":{"name":"(anonymous_14)","decl":{"start":{"line":239,"column":51},"end":{"line":239,"column":52}},"loc":{"start":{"line":240,"column":36},"end":{"line":248,"column":38}},"line":240},"15":{"name":"(anonymous_15)","decl":{"start":{"line":242,"column":49},"end":{"line":242,"column":50}},"loc":{"start":{"line":242,"column":55},"end":{"line":245,"column":41}},"line":242}},"branchMap":{"0":{"loc":{"start":{"line":54,"column":8},"end":{"line":57,"column":9}},"type":"if","locations":[{"start":{"line":54,"column":8},"end":{"line":57,"column":9}},{"start":{},"end":{}}],"line":54},"1":{"loc":{"start":{"line":54,"column":12},"end":{"line":54,"column":43}},"type":"binary-expr","locations":[{"start":{"line":54,"column":12},"end":{"line":54,"column":35}},{"start":{"line":54,"column":39},"end":{"line":54,"column":43}}],"line":54},"2":{"loc":{"start":{"line":58,"column":8},"end":{"line":61,"column":9}},"type":"if","locations":[{"start":{"line":58,"column":8},"end":{"line":61,"column":9}},{"start":{},"end":{}}],"line":58},"3":{"loc":{"start":{"line":58,"column":12},"end":{"line":58,"column":42}},"type":"binary-expr","locations":[{"start":{"line":58,"column":12},"end":{"line":58,"column":34}},{"start":{"line":58,"column":38},"end":{"line":58,"column":42}}],"line":58},"4":{"loc":{"start":{"line":64,"column":8},"end":{"line":67,"column":9}},"type":"if","locations":[{"start":{"line":64,"column":8},"end":{"line":67,"column":9}},{"start":{},"end":{}}],"line":64},"5":{"loc":{"start":{"line":78,"column":12},"end":{"line":81,"column":13}},"type":"if","locations":[{"start":{"line":78,"column":12},"end":{"line":81,"column":13}},{"start":{},"end":{}}],"line":78},"6":{"loc":{"start":{"line":84,"column":27},"end":{"line":84,"column":60}},"type":"binary-expr","locations":[{"start":{"line":84,"column":27},"end":{"line":84,"column":52}},{"start":{"line":84,"column":56},"end":{"line":84,"column":60}}],"line":84},"7":{"loc":{"start":{"line":85,"column":27},"end":{"line":85,"column":56}},"type":"binary-expr","locations":[{"start":{"line":85,"column":27},"end":{"line":85,"column":50}},{"start":{"line":85,"column":54},"end":{"line":85,"column":56}}],"line":85},"8":{"loc":{"start":{"line":88,"column":33},"end":{"line":88,"column":104}},"type":"binary-expr","locations":[{"start":{"line":88,"column":33},"end":{"line":88,"column":53}},{"start":{"line":88,"column":57},"end":{"line":88,"column":70}},{"start":{"line":88,"column":74},"end":{"line":88,"column":104}}],"line":88},"9":{"loc":{"start":{"line":92,"column":23},"end":{"line":92,"column":103}},"type":"cond-expr","locations":[{"start":{"line":92,"column":58},"end":{"line":92,"column":70}},{"start":{"line":92,"column":73},"end":{"line":92,"column":103}}],"line":92},"10":{"loc":{"start":{"line":102,"column":8},"end":{"line":106,"column":9}},"type":"if","locations":[{"start":{"line":102,"column":8},"end":{"line":106,"column":9}},{"start":{"line":104,"column":13},"end":{"line":106,"column":9}}],"line":102},"11":{"loc":{"start":{"line":113,"column":8},"end":{"line":116,"column":9}},"type":"if","locations":[{"start":{"line":113,"column":8},"end":{"line":116,"column":9}},{"start":{},"end":{}}],"line":113},"12":{"loc":{"start":{"line":118,"column":8},"end":{"line":137,"column":9}},"type":"if","locations":[{"start":{"line":118,"column":8},"end":{"line":137,"column":9}},{"start":{"line":134,"column":13},"end":{"line":137,"column":9}}],"line":118},"13":{"loc":{"start":{"line":148,"column":13},"end":{"line":158,"column":13}},"type":"binary-expr","locations":[{"start":{"line":148,"column":13},"end":{"line":148,"column":34}},{"start":{"line":149,"column":16},"end":{"line":157,"column":19}}],"line":148},"14":{"loc":{"start":{"line":174,"column":21},"end":{"line":174,"column":99}},"type":"binary-expr","locations":[{"start":{"line":174,"column":21},"end":{"line":174,"column":35}},{"start":{"line":174,"column":39},"end":{"line":174,"column":99}}],"line":174},"15":{"loc":{"start":{"line":183,"column":38},"end":{"line":183,"column":91}},"type":"cond-expr","locations":[{"start":{"line":183,"column":55},"end":{"line":183,"column":66}},{"start":{"line":183,"column":69},"end":{"line":183,"column":91}}],"line":183},"16":{"loc":{"start":{"line":189,"column":21},"end":{"line":189,"column":97}},"type":"binary-expr","locations":[{"start":{"line":189,"column":21},"end":{"line":189,"column":34}},{"start":{"line":189,"column":38},"end":{"line":189,"column":97}}],"line":189},"17":{"loc":{"start":{"line":198,"column":38},"end":{"line":198,"column":90}},"type":"cond-expr","locations":[{"start":{"line":198,"column":54},"end":{"line":198,"column":65}},{"start":{"line":198,"column":68},"end":{"line":198,"column":90}}],"line":198},"18":{"loc":{"start":{"line":221,"column":21},"end":{"line":221,"column":102}},"type":"binary-expr","locations":[{"start":{"line":221,"column":21},"end":{"line":221,"column":37}},{"start":{"line":221,"column":41},"end":{"line":221,"column":102}}],"line":221},"19":{"loc":{"start":{"line":247,"column":52},"end":{"line":247,"column":125}},"type":"cond-expr","locations":[{"start":{"line":247,"column":80},"end":{"line":247,"column":103}},{"start":{"line":247,"column":106},"end":{"line":247,"column":125}}],"line":247},"20":{"loc":{"start":{"line":261,"column":42},"end":{"line":261,"column":91}},"type":"cond-expr","locations":[{"start":{"line":261,"column":61},"end":{"line":261,"column":66}},{"start":{"line":261,"column":69},"end":{"line":261,"column":91}}],"line":261}},"s":{"0":0,"1":0,"2":0,"3":0,"4":0,"5":0,"6":0,"7":0,"8":0,"9":0,"10":0,"11":0,"12":0,"13":0,"14":0,"15":0,"16":0,"17":0,"18":0,"19":0,"20":0,"21":0,"22":0,"23":0,"24":0,"25":0,"26":0,"27":0,"28":0,"29":0,"30":0,"31":0,"32":0,"33":0,"34":0,"35":0,"36":0,"37":0,"38":0,"39":0,"40":0,"41":0,"42":0,"43":0,"44":0,"45":0,"46":0,"47":0,"48":0,"49":0,"50":0,"51":0,"52":0,"53":0,"54":0,"55":0,"56":0,"57":0,"58":0,"59":0,"60":0,"61":0,"62":0,"63":0,"64":0,"65":0,"66":0,"67":0,"68":0},"f":{"0":0,"1":0,"2":0,"3":0,"4":0,"5":0,"6":0,"7":0,"8":0,"9":0,"10":0,"11":0,"12":0,"13":0,"14":0,"15":0},"b":{"0":[0,0],"1":[0,0],"2":[0,0],"3":[0,0],"4":[0,0],"5":[0,0],"6":[0,0],"7":[0,0],"8":[0,0,0],"9":[0,0],"10":[0,0],"11":[0,0],"12":[0,0],"13":[0,0],"14":[0,0],"15":[0,0],"16":[0,0],"17":[0,0],"18":[0,0],"19":[0,0],"20":[0,0]}}
,"C:\\Users\\lekeo\\OneDrive\\Documents\\GitHub\\McKinleyUI\\app\\Intro.tsx": {"path":"C:\\Users\\lekeo\\OneDrive\\Documents\\GitHub\\McKinleyUI\\app\\Intro.tsx","statementMap":{"0":{"start":{"line":12,"column":19},"end":{"line":12,"column":38}},"1":{"start":{"line":13,"column":34},"end":{"line":13,"column":44}},"2":{"start":{"line":15,"column":27},"end":{"line":32,"column":5}},"3":{"start":{"line":16,"column":8},"end":{"line":16,"column":42}},"4":{"start":{"line":18,"column":8},"end":{"line":31,"column":9}},"5":{"start":{"line":19,"column":12},"end":{"line":27,"column":15}},"6":{"start":{"line":29,"column":12},"end":{"line":29,"column":38}},"7":{"start":{"line":30,"column":12},"end":{"line":30,"column":60}},"8":{"start":{"line":34,"column":25},"end":{"line":51,"column":5}},"9":{"start":{"line":35,"column":8},"end":{"line":35,"column":41}},"10":{"start":{"line":37,"column":8},"end":{"line":50,"column":9}},"11":{"start":{"line":38,"column":12},"end":{"line":46,"column":15}},"12":{"start":{"line":48,"column":12},"end":{"line":48,"column":38}},"13":{"start":{"line":49,"column":12},"end":{"line":49,"column":59}},"14":{"start":{"line":53,"column":4},"end":{"line":81,"column":6}}},"fnMap":{"0":{"name":"Intro","decl":{"start":{"line":11,"column":24},"end":{"line":11,"column":29}},"loc":{"start":{"line":11,"column":31},"end":{"line":82,"column":1}},"line":11},"1":{"name":"(anonymous_1)","decl":{"start":{"line":15,"column":27},"end":{"line":15,"column":28}},"loc":{"start":{"line":15,"column":39},"end":{"line":32,"column":5}},"line":15},"2":{"name":"(anonymous_2)","decl":{"start":{"line":34,"column":25},"end":{"line":34,"column":26}},"loc":{"start":{"line":34,"column":37},"end":{"line":51,"column":5}},"line":34}},"branchMap":{},"s":{"0":0,"1":0,"2":0,"3":0,"4":0,"5":0,"6":0,"7":0,"8":0,"9":0,"10":0,"11":0,"12":0,"13":0,"14":0},"f":{"0":0,"1":0,"2":0},"b":{}}
,"C:\\Users\\lekeo\\OneDrive\\Documents\\GitHub\\McKinleyUI\\app\\MenuItem.tsx": {"path":"C:\\Users\\lekeo\\OneDrive\\Documents\\GitHub\\McKinleyUI\\app\\MenuItem.tsx","statementMap":{"0":{"start":{"line":28,"column":19},"end":{"line":28,"column":41}},"1":{"start":{"line":29,"column":16},"end":{"line":29,"column":52}},"2":{"start":{"line":29,"column":30},"end":{"line":29,"column":47}},"3":{"start":{"line":30,"column":19},"end":{"line":30,"column":38}},"4":{"start":{"line":31,"column":36},"end":{"line":31,"column":67}},"5":{"start":{"line":32,"column":36},"end":{"line":32,"column":47}},"6":{"start":{"line":33,"column":30},"end":{"line":33,"column":54}},"7":{"start":{"line":34,"column":50},"end":{"line":34,"column":72}},"8":{"start":{"line":35,"column":26},"end":{"line":35,"column":35}},"9":{"start":{"line":37,"column":4},"end":{"line":54,"column":18}},"10":{"start":{"line":38,"column":8},"end":{"line":53,"column":15}},"11":{"start":{"line":40,"column":16},"end":{"line":40,"column":38}},"12":{"start":{"line":41,"column":16},"end":{"line":41,"column":29}},"13":{"start":{"line":44,"column":37},"end":{"line":44,"column":105}},"14":{"start":{"line":45,"column":16},"end":{"line":52,"column":19}},"15":{"start":{"line":56,"column":23},"end":{"line":64,"column":5}},"16":{"start":{"line":57,"column":8},"end":{"line":63,"column":9}},"17":{"start":{"line":58,"column":24},"end":{"line":58,"column":78}},"18":{"start":{"line":59,"column":12},"end":{"line":59,"column":45}},"19":{"start":{"line":62,"column":12},"end":{"line":62,"column":59}},"20":{"start":{"line":66,"column":30},"end":{"line":69,"column":5}},"21":{"start":{"line":67,"column":8},"end":{"line":67,"column":52}},"22":{"start":{"line":67,"column":42},"end":{"line":67,"column":52}},"23":{"start":{"line":68,"column":8},"end":{"line":68,"column":21}},"24":{"start":{"line":71,"column":32},"end":{"line":77,"column":5}},"25":{"start":{"line":72,"column":8},"end":{"line":76,"column":10}},"26":{"start":{"line":73,"column":12},"end":{"line":75,"column":35}},"27":{"start":{"line":74,"column":36},"end":{"line":74,"column":49}},"28":{"start":{"line":79,"column":28},"end":{"line":81,"column":5}},"29":{"start":{"line":80,"column":8},"end":{"line":80,"column":52}},"30":{"start":{"line":80,"column":26},"end":{"line":80,"column":52}},"31":{"start":{"line":83,"column":28},"end":{"line":85,"column":5}},"32":{"start":{"line":84,"column":8},"end":{"line":84,"column":34}},"33":{"start":{"line":87,"column":28},"end":{"line":100,"column":5}},"34":{"start":{"line":88,"column":8},"end":{"line":99,"column":9}},"35":{"start":{"line":89,"column":12},"end":{"line":89,"column":59}},"36":{"start":{"line":90,"column":12},"end":{"line":97,"column":15}},"37":{"start":{"line":98,"column":12},"end":{"line":98,"column":26}},"38":{"start":{"line":102,"column":19},"end":{"line":104,"column":5}},"39":{"start":{"line":103,"column":8},"end":{"line":103,"column":22}},"40":{"start":{"line":106,"column":4},"end":{"line":112,"column":5}},"41":{"start":{"line":107,"column":8},"end":{"line":111,"column":10}},"42":{"start":{"line":114,"column":18},"end":{"line":114,"column":39}},"43":{"start":{"line":115,"column":27},"end":{"line":115,"column":46}},"44":{"start":{"line":118,"column":8},"end":{"line":209,"column":11}},"45":{"start":{"line":169,"column":32},"end":{"line":192,"column":51}},"46":{"start":{"line":181,"column":51},"end":{"line":181,"column":79}},"47":{"start":{"line":213,"column":4},"end":{"line":248,"column":5}},"48":{"start":{"line":214,"column":8},"end":{"line":247,"column":10}},"49":{"start":{"line":229,"column":40},"end":{"line":229,"column":59}},"50":{"start":{"line":251,"column":4},"end":{"line":269,"column":6}}},"fnMap":{"0"
[...]
nd":{"line":303,"column":13}},{"start":{"line":303,"column":17},"end":{"line":314,"column":5}}],"line":303},"22":{"loc":{"start":{"line":320,"column":9},"end":{"line":320,"column":24}},"type":"cond-expr","locations":[{"start":{"line":320,"column":17},"end":{"line":320,"column":19}},{"start":{"line":320,"column":22},"end":{"line":320,"column":24}}],"line":320},"23":{"loc":{"start":{"line":323,"column":8},"end":{"line":328,"column":5}},"type":"binary-expr","locations":[{"start":{"line":323,"column":8},"end":{"line":323,"column":13}},{"start":{"line":323,"column":17},"end":{"line":328,"column":5}}],"line":323},"24":{"loc":{"start":{"line":331,"column":11},"end":{"line":331,"column":35}},"type":"cond-expr","locations":[{"start":{"line":331,"column":19},"end":{"line":331,"column":22}},{"start":{"line":331,"column":25},"end":{"line":331,"column":35}}],"line":331},"25":{"loc":{"start":{"line":340,"column":8},"end":{"line":350,"column":5}},"type":"binary-expr","locations":[{"start":{"line":340,"column":8},"end":{"line":340,"column":13}},{"start":{"line":340,"column":17},"end":{"line":350,"column":5}}],"line":340},"26":{"loc":{"start":{"line":357,"column":8},"end":{"line":362,"column":5}},"type":"binary-expr","locations":[{"start":{"line":357,"column":8},"end":{"line":357,"column":13}},{"start":{"line":357,"column":17},"end":{"line":362,"column":5}}],"line":357},"27":{"loc":{"start":{"line":375,"column":8},"end":{"line":380,"column":5}},"type":"binary-expr","locations":[{"start":{"line":375,"column":8},"end":{"line":375,"column":13}},{"start":{"line":375,"column":17},"end":{"line":380,"column":5}}],"line":375},"28":{"loc":{"start":{"line":400,"column":23},"end":{"line":400,"column":38}},"type":"cond-expr","locations":[{"start":{"line":400,"column":31},"end":{"line":400,"column":33}},{"start":{"line":400,"column":36},"end":{"line":400,"column":38}}],"line":400},"29":{"loc":{"start":{"line":402,"column":8},"end":{"line":409,"column":5}},"type":"binary-expr","locations":[{"start":{"line":402,"column":8},"end":{"line":402,"column":13}},{"start":{"line":402,"column":17},"end":{"line":409,"column":5}}],"line":402},"30":{"loc":{"start":{"line":412,"column":11},"end":{"line":412,"column":31}},"type":"cond-expr","locations":[{"start":{"line":412,"column":19},"end":{"line":412,"column":22}},{"start":{"line":412,"column":25},"end":{"line":412,"column":31}}],"line":412},"31":{"loc":{"start":{"line":417,"column":8},"end":{"line":423,"column":5}},"type":"binary-expr","locations":[{"start":{"line":417,"column":8},"end":{"line":417,"column":13}},{"start":{"line":417,"column":17},"end":{"line":423,"column":5}}],"line":417},"32":{"loc":{"start":{"line":428,"column":8},"end":{"line":433,"column":5}},"type":"binary-expr","locations":[{"start":{"line":428,"column":8},"end":{"line":428,"column":13}},{"start":{"line":428,"column":17},"end":{"line":433,"column":5}}],"line":428},"33":{"loc":{"start":{"line":441,"column":8},"end":{"line":446,"column":5}},"type":"binary-expr","locations":[{"start":{"line":441,"column":8},"end":{"line":441,"column":13}},{"start":{"line":441,"column":17},"end":{"line":446,"column":5}}],"line":441},"34":{"loc":{"start":{"line":453,"column":8},"end":{"line":458,"column":5}},"type":"binary-expr","locations":[{"start":{"line":453,"column":8},"end":{"line":453,"column":13}},{"start":{"line":453,"column":17},"end":{"line":458,"column":5}}],"line":453},"35":{"loc":{"start":{"line":476,"column":23},"end":{"line":476,"column":38}},"type":"cond-expr","locations":[{"start":{"line":476,"column":31},"end":{"line":476,"column":33}},{"start":{"line":476,"column":36},"end":{"line":476,"column":38}}],"line":476},"36":{"loc":{"start":{"line":478,"column":8},"end":{"line":484,"column":5}},"type":"binary-expr","locations":[{"start":{"line":478,"column":8},"end":{"line":478,"column":13}},{"start":{"line":478,"column":17},"end":{"line":484,"column":5}}],"line":478},"37":{"loc":{"start":{"line":487,"column":14},"end":{"line":487,"column":29}},"type":"cond-expr","locations":[{"start":{"line":487,"column":22},"end":{"line":487,"column":24}},{"start":{"line":487,"column":27},"end":{"line":487,"column":29}}],"line":487},"38":{"loc":{"start":{"line":493,"column":8},"end":{"line":502,"column":5}},"type":"binary-expr","locations":[{"start":{"line":493,"column":8},"end":{"line":493,"column":13}},{"start":{"line":493,"column":17},"end":{"line":502,"column":5}}],"line":493},"39":{"loc":{"start":{"line":510,"column":8},"end":{"line":516,"column":5}},"type":"binary-expr","locations":[{"start":{"line":510,"column":8},"end":{"line":510,"column":13}},{"start":{"line":510,"column":17},"end":{"line":516,"column":5}}],"line":510},"40":{"loc":{"start":{"line":523,"column":8},"end":{"line":529,"column":5}},"type":"binary-expr","locations":[{"start":{"line":523,"column":8},"end":{"line":523,"column":13}},{"start":{"line":523,"column":17},"end":{"line":529,"column":5}}],"line":523},"41":{"loc":{"start":{"line":536,"column":8},"end":{"line":541,"column":5}},"type":"binary-expr","locations":[{"start":{"line":536,"column":8},"end":{"line":536,"column":13}},{"start":{"line":536,"column":17},"end":{"line":541,"column":5}}],"line":536},"42":{"loc":{"start":{"line":548,"column":8},"end":{"line":553,"column":5}},"type":"binary-expr","locations":[{"start":{"line":548,"column":8},"end":{"line":548,"column":13}},{"start":{"line":548,"column":17},"end":{"line":553,"column":5}}],"line":548}},"s":{"0":0,"1":0,"2":0},"f":{},"b":{"0":[0,0],"1":[0,0],"2":[0,0],"3":[0,0],"4":[0,0],"5":[0,0],"6":[0,0],"7":[0,0],"8":[0,0],"9":[0,0],"10":[0,0],"11":[0,0],"12":[0,0],"13":[0,0],"14":[0,0],"15":[0,0],"16":[0,0],"17":[0,0],"18":[0,0],"19":[0,0],"20":[0,0],"21":[0,0],"22":[0,0],"23":[0,0],"24":[0,0],"25":[0,0],"26":[0,0],"27":[0,0],"28":[0,0],"29":[0,0],"30":[0,0],"31":[0,0],"32":[0,0],"33":[0,0],"34":[0,0],"35":[0,0],"36":[0,0],"37":[0,0],"38":[0,0],"39":[0,0],"40":[0,0],"41":[0,0],"42":[0,0]}}
,"C:\\Users\\lekeo\\OneDrive\\Documents\\GitHub\\McKinleyUI\\styles\\components\\AppleSignInButton.styles.ts": {"path":"C:\\Users\\lekeo\\OneDrive\\Documents\\GitHub\\McKinleyUI\\styles\\components\\AppleSignInButton.styles.ts","statementMap":{"0":{"start":{"line":3,"column":15},"end":{"line":23,"column":2}}},"fnMap":{},"branchMap":{},"s":{"0":0},"f":{},"b":{}}
,"C:\\Users\\lekeo\\OneDrive\\Documents\\GitHub\\McKinleyUI\\styles\\components\\GoogleSignInButton.styles.ts": {"path":"C:\\Users\\lekeo\\OneDrive\\Documents\\GitHub\\McKinleyUI\\styles\\components\\GoogleSignInButton.styles.ts","statementMap":{"0":{"start":{"line":3,"column":15},"end":{"line":23,"column":2}}},"fnMap":{},"branchMap":{},"s":{"0":0},"f":{},"b":{}}
,"C:\\Users\\lekeo\\OneDrive\\Documents\\GitHub\\McKinleyUI\\styles\\components\\HorizontalPills.styles.ts": {"path":"C:\\Users\\lekeo\\OneDrive\\Documents\\GitHub\\McKinleyUI\\styles\\components\\HorizontalPills.styles.ts","statementMap":{"0":{"start":{"line":3,"column":14},"end":{"line":3,"column":35}},"1":{"start":{"line":5,"column":15},"end":{"line":20,"column":2}}},"fnMap":{},"branchMap":{"0":{"loc":{"start":{"line":8,"column":19},"end":{"line":8,"column":44}},"type":"cond-expr","locations":[{"start":{"line":8,"column":27},"end":{"line":8,"column":35}},{"start":{"line":8,"column":38},"end":{"line":8,"column":44}}],"line":8}},"s":{"0":0,"1":0},"f":{},"b":{"0":[0,0]}}
,"C:\\Users\\lekeo\\OneDrive\\Documents\\GitHub\\McKinleyUI\\styles\\components\\MenuItemCard.styles.ts": {"path":"C:\\Users\\lekeo\\OneDrive\\Documents\\GitHub\\McKinleyUI\\styles\\components\\MenuItemCard.styles.ts","statementMap":{"0":{"start":{"line":3,"column":14},"end":{"line":3,"column":35}},"1":{"start":{"line":5,"column":25},"end":{"line":66,"column":1}},"2":{"start":{"line":6,"column":19},"end":{"line":6,"column":37}},"3":{"start":{"line":8,"column":2},"end":{"line":65,"column":5}}},"fnMap":{"0":{"name":"(anonymous_0)","decl":{"start":{"line":5,"column":25},"end":{"line":5,"column":26}},"loc":{"start":{"line":5,"column":50},"end":{"line":66,"column":1}},"line":5}},"branchMap":{"0":{"loc":{"start":{"line":10,"column":13},"end":{"line":10,"column":52}},"type":"cond-expr","locations":[{"start":{"line":10,"column":34},"end":{"line":10,"column":40}},{"start":{"line":10,"column":43},"end":{"line":10,"column":52}}],"line":10},"1":{"loc":{"start":{"line":10,"column":13},"end":{"line":10,"column":31}},"type":"binary-expr","locations":[{"start":{"line":10,"column":13},"end":{"line":10,"column":21}},{"start":{"line":10,"column":25},"end":{"line":10,"column":31}}],"line":10},"2":{"loc":{"start":{"line":11,"column":17},"end":{"line":11,"column":52}},"type":"cond-expr","locations":[{"start":{"line":11,"column":38},"end":{"line":11,"column":44}},{"start":{"line":11,"column":47},"end":{"line":11,"column":52}}],"line":11},"3":{"loc":{"start":{"line":11,"column":17},"end":{"line":11,"column":35}},"type":"binary-expr","locations":[{"start":{"line":11,"column":17},"end":{"line":11,"column":25}},{"start":{"line":11,"column":29},"end":{"line":11,"column":35}}],"line":11},"4":{"loc":{"start":{"line":12,"column":16},"end":{"line":12,"column":51}},"type":"cond-expr","locations":[{"start":{"line":12,"column":37},"end":{"line":12,"column":43}},{"start":{"line":12,"column":46},"end":{"line":12,"column":51}}],"line":12},"5":{"loc":{"start":{"line":12,"column":16},"end":{"line":12,"column":34}},"type":"binary-expr","locations":[{"start":{"line":12,"column":16},"end":{"line":12,"column":24}},{"start":{"line":12,"column":28},"end":{"line":12,"column":34}}],"line":12},"6":{"loc":{"start":{"line":15,"column":22},"end":{"line":15,"column":36}},"type":"cond-expr","locations":[{"start":{"line":15,"column":30},"end":{"line":15,"column":32}},{"start":{"line":15,"column":35},"end":{"line":15,"column":36}}],"line":15},"7":{"loc":{"start":{"line":16,"column":24},"end":{"line":16,"column":51}},"type":"cond-expr","locations":[{"start":{"line":16,"column":45},"end":{"line":16,"column":46}},{"start":{"line":16,"column":49},"end":{"line":16,"column":51}}],"line":16},"8":{"loc":{"start":{"line":16,"column":24},"end":{"line":16,"column":42}},"type":"binary-expr","locations":[{"start":{"line":16,"column":24},"end":{"line":16,"column":32}},{"start":{"line":16,"column":36},"end":{"line":16,"column":42}}],"line":16},"9":{"loc":{"start":{"line":32,"column":16},"end":{"line":32,"column":43}},"type":"cond-expr","locations":[{"start":{"line":32,"column":36},"end":{"line":32,"column":38}},{"start":{"line":32,"column":41},"end":{"line":32,"column":43}}],"line":32},"10":{"loc":{"start":{"line":32,"column":16},"end":{"line":32,"column":33}},"type":"binary-expr","locations":[{"start":{"line":32,"column":16},"end":{"line":32,"column":24}},{"start":{"line":32,"column":28},"end":{"line":32,"column":33}}],"line":32},"11":{"loc":{"start":{"line":38,"column":16},"end":{"line":38,"column":43}},"type":"cond-expr","locations":[{"start":{"line":38,"column":36},"end":{"line":38,"column":38}},{"start":{"line":38,"column":41},"end":{"line":38,"column":43}}],"line":38},"12":{"loc":{"start":{"line":38,"column":16},"end":{"line":38,"column":33}},"type":"binary-expr","locations":[{"start":{"line":38,"column":16},"end":{"line":38,"column":24}},{"start":{"line":38,"column":28},"end":{"line":38,"column":33}}],"line":38},"13":{"loc":{"start":{"line":41,"column":18},"end":{"line":41,"column":45}},"type":"cond-expr","locations":[{"start":{"line":41,"column":38},"end":{"line":41,"column":40}},{"start":{"line":41,"column":43},"end":{"line":41,"column":45}}],"line":41},"14":{"loc":{"start":{"line":41,"column":18},"end":{"line":41,"column":35}},"type":"binary-expr","locations":[{"start":{"line":41,"column":18},"end":{"line":41,"column":26}},{"start":{"line":41,"column":30},"end":{"line":41,"column":35}}],"line":41}},"s":{"0":0,"1":0,"2":0,"3":0},"f":{"0":0},"b":{"0":[0,0],"1":[0,0],"2":[0,0],"3":[0,0],"4":[0,0],"5":[0,0],"6":[0,0],"7":[0,0],"8":[0,0],"9":[0,0],"10":[0,0],"11":[0,0],"12":[0,0],"13":[0,0],"14":[0,0]}}
,"C:\\Users\\lekeo\\OneDrive\\Documents\\GitHub\\McKinleyUI\\styles\\components\\OrderCard.styles.ts": {"path":"C:\\Users\\lekeo\\OneDrive\\Documents\\GitHub\\McKinleyUI\\styles\\components\\OrderCard.styles.ts","statementMap":{"0":{"start":{"line":3,"column":14},"end":{"line":3,"column":35}},"1":{"start":{"line":5,"column":15},"end":{"line":152,"column":2}}},"fnMap":{},"branchMap":{"0":{"loc":{"start":{"line":11,"column":26},"end":{"line":11,"column":39}},"type":"cond-expr","locations":[{"start":{"line":11,"column":34},"end":{"line":11,"column":35}},{"start":{"line":11,"column":38},"end":{"line":11,"column":39}}],"line":11},"1":{"loc":{"start":{"line":12,"column":19},"end":{"line":12,"column":33}},"type":"cond-expr","locations":[{"start":{"line":12,"column":27},"end":{"line":12,"column":28}},{"start":{"line":12,"column":31},"end":{"line":12,"column":33}}],"line":12},"2":{"loc":{"start":{"line":21,"column":18},"end":{"line":21,"column":39}},"type":"cond-expr","locations":[{"start":{"line":21,"column":26},"end":{"line":21,"column":30}},{"start":{"line":21,"column":33},"end":{"line":21,"column":39}}],"line":21},"3":{"loc":{"start":{"line":25,"column":12},"end":{"line":36,"column":16}},"type":"binary-expr","locations":[{"start":{"line":25,"column":12},"end":{"line":25,"column":17}},{"start":{"line":25,"column":21},"end":{"line":36,"column":16}}],"line":25},"4":{"loc":{"start":{"line":48,"column":12},"end":{"line":52,"column":16}},"type":"binary-expr","locations":[{"start":{"line":48,"column":12},"end":{"line":48,"column":17}},{"start":{"line":48,"column":21},"end":{"line":52,"column":16}}],"line":48},"5":{"loc":{"start":{"line":86,"column":12},"end":{"line":91,"column":16}},"type":"binary-expr","locations":[{"start":{"line":86,"column":12},"end":{"line":86,"column":17}},{"start":{"line":86,"column":21},"end":{"line":91,"column":16}}],"line":86},"6":{"loc":{"start":{"line":97,"column":12},"end":{"line":101,"column":16}},"type":"binary-expr","locations":[{"start":{"line":97,"column":12},"end":{"line":97,"column":17}},{"start":{"line":97,"column":21},"end":{"line":101,"column":16}}],"line":97},"7":{"loc":{"start":{"line":107,"column":12},"end":{"line":111,"column":16}},"type":"binary-expr","locations":[{"start":{"line":107,"column":12},"end":{"line":107,"column":17}},{"start":{"line":107,"column":21},"end":{"line":111,"column":16}}],"line":107}},"s":{"0":0,"1":0},"f":{},"b":{"0":[0,0],"1":[0,0],"2":[0,0],"3":[0,0],"4":[0,0],"5":[0,0],"6":[0,0],"7":[0,0]}}
,"C:\\Users\\lekeo\\OneDrive\\Documents\\GitHub\\McKinleyUI\\styles\\components\\OrderCardKitchen.styles.ts": {"path":"C:\\Users\\lekeo\\OneDrive\\Documents\\GitHub\\McKinleyUI\\styles\\components\\OrderCardKitchen.styles.ts","statementMap":{"0":{"start":{"line":3,"column":14},"end":{"line":3,"column":35}},"1":{"start":{"line":5,"column":15},"end":{"line":291,"column":2}}},"fnMap":{},"branchMap":{"0":{"loc":{"start":{"line":11,"column":26},"end":{"line":11,"column":39}},"type":"cond-expr","locations":[{"start":{"line":11,"column":34},"end":{"line":11,"column":35}},{"start":{"line":11,"column":38},"end":{"line":11,"column":39}}],"line":11},"1":{"loc":{"start":{"line":12,"column":19},"end":{"line":12,"column":33}},"type":"cond-expr","locations":[{"start":{"line":12,"column":27},"end":{"line":12,"column":28}},{"start":{"line":12,"column":31},"end":{"line":12,"column":33}}],"line":12},"2":{"loc":{"start":{"line":21,"column":18},"end":{"line":21,"column":39}},"type":"cond-expr","locations":[{"start":{"line":21,"column":26},"end":{"line":21,"column":30}},{"start":{"line":21,"column":33},"end":{"line":21,"column":39}}],"line":21},"3":{"loc":{"start":{"line":25,"column":12},"end":{"line":36,"column":16}},"type":"binary-expr","locations":[{"start":{"line":25,"column":12},"end":{"line":25,"column":17}},{"start":{"line":25,"column":21},"end":{"line":36,"column":16}}],"line":25},"4":{"loc":{"start":{"line":54,"column":12},"end":{"line":58,"column":16}},"type":"binary-expr","locations":[{"start":{"line":54,"column":12},"end":{"line":54,"column":17}},{"start":{"line":54,"column":21},"end":{"line":58,"column":16}}],"line":54},"5":{"loc":{"start":{"line":102,"column":12},"end":{"line":107,"column":16}},"type":"binary-expr","locations":[{"start":{"line":102,"column":12},"end":{"line":102,"column":17}},{"start":{"line":102,"column":21},"end":{"line":107,"column":16}}],"line":102},"6":{"loc":{"start":{"line":113,"column":12},"end":{"line":117,"column":16}},"type":"binary-expr","locations":[{"start":{"line":113,"column":12},"end":{"line":113,"column":17}},{"start":{"line":113,"column":21},"end":{"line":117,"column":16}}],"line":113},"7":{"loc":{"start":{"line":123,"column":12},"end":{"line":127,"column":16}},"type":"binary-expr","locations":[{"start":{"line":123,"column":12},"end":{"line":123,"column":17}},{"start":{"line":123,"column":21},"end":{"line":127,"column":16}}],"line":123}},"s":{"0":0,"1":0},"f":{},"b":{"0":[0,0],"1":[0,0],"2":[0,0],"3":[0,0],"4":[0,0],"5":[0,0],"6":[0,0],"7":[0,0]}}
,"C:\\Users\\lekeo\\OneDrive\\Documents\\GitHub\\McKinleyUI\\styles\\components\\OrderDetailsCard.styles.ts": {"path":"C:\\Users\\lekeo\\OneDrive\\Documents\\GitHub\\McKinleyUI\\styles\\components\\OrderDetailsCard.styles.ts","statementMap":{"0":{"start":{"line":2,"column":14},"end":{"line":2,"column":35}},"1":{"start":{"line":4,"column":15},"end":{"line":177,"column":2}}},"fnMap":{},"branchMap":{"0":{"loc":{"start":{"line":7,"column":18},"end":{"line":7,"column":39}},"type":"cond-expr","locations":[{"start":{"line":7,"column":26},"end":{"line":7,"column":30}},{"start":{"line":7,"column":33},"end":{"line":7,"column":39}}],"line":7},"1":{"loc":{"start":{"line":22,"column":12},"end":{"line":32,"column":16}},"type":"binary-expr","locations":[{"start":{"line":22,"column":12},"end":{"line":22,"column":17}},{"start":{"line":22,"column":21},"end":{"line":32,"column":16}}],"line":22},"2":{"loc":{"start":{"line":48,"column":12},"end":{"line":52,"column":16}},"type":"binary-expr","locations":[{"start":{"line":48,"column":12},"end":{"line":48,"column":17}},{"start":{"line":48,"column":21},"end":{"line":52,"column":16}}],"line":48}},"s":{"0":0,"1":0},"f":{},"b":{"0":[0,0],"1":[0,0],"2":[0,0]}}
,"C:\\Users\\lekeo\\OneDrive\\Documents\\GitHub\\McKinleyUI\\styles\\components\\OrderHistoryCard.styles.ts": {"path":"C:\\Users\\lekeo\\OneDrive\\Documents\\GitHub\\McKinleyUI\\styles\\components\\OrderHistoryCard.styles.ts","statementMap":{"0":{"start":{"line":2,"column":14},"end":{"line":2,"column":35}},"1":{"start":{"line":4,"column":15},"end":{"line":215,"column":2}}},"fnMap":{},"branchMap":{"0":{"loc":{"start":{"line":7,"column":18},"end":{"line":7,"column":39}},"type":"cond-expr","locations":[{"start":{"line":7,"column":26},"end":{"line":7,"column":30}},{"start":{"line":7,"column":33},"end":{"line":7,"column":39}}],"line":7},"1":{"loc":{"start":{"line":22,"column":12},"end":{"line":32,"column":16}},"type":"binary-expr","locations":[{"start":{"line":22,"column":12},"end":{"line":22,"column":17}},{"start":{"line":22,"column":21},"end":{"line":32,"column":16}}],"line":22},"2":{"loc":{"start":{"line":48,"column":12},"end":{"line":52,"column":16}},"type":"binary-expr","locations":[{"start":{"line":48,"column":12},"end":{"line":48,"column":17}},{"start":{"line":48,"column":21},"end":{"line":52,"column":16}}],"line":48},"3":{"loc":{"start":{"line":59,"column":12},"end":{"line":63,"column":16}},"type":"binary-expr","locations":[{"start":{"line":59,"column":12},"end":{"line":59,"column":17}},{"start":{"line":59,"column":21},"end":{"line":63,"column":16}}],"line":59}},"s":{"0":0,"1":0},"f":{},"b":{"0":[0,0],"1":[0,0],"2":[0,0],"3":[0,0]}}
,"C:\\Users\\lekeo\\OneDrive\\Documents\\GitHub\\McKinleyUI\\styles\\components\\ViewSwitcher.styles.ts": {"path":"C:\\Users\\lekeo\\OneDrive\\Documents\\GitHub\\McKinleyUI\\styles\\components\\ViewSwitcher.styles.ts","statementMap":{"0":{"start":{"line":3,"column":15},"end":{"line":25,"column":2}}},"fnMap":{},"branchMap":{},"s":{"0":0},"f":{},"b":{}}
}
