TN:
SF:eslint.config.js
FNF:0
FNH:0
DA:2,0
DA:3,0
DA:5,0
LF:3
LH:0
BRF:0
BRH:0
end_of_record
TN:
SF:jest.config.js
FNF:0
FNH:0
DA:1,0
LF:1
LH:0
BRF:0
BRH:0
end_of_record
TN:
SF:metro.config.js
FN:7,(anonymous_0)
FNF:1
FNH:0
FNDA:0,(anonymous_0)
DA:1,0
DA:3,0
DA:5,0
DA:9,0
DA:10,0
DA:14,0
DA:18,0
LF:7
LH:0
BRDA:9,0,0,0
BRDA:9,0,1,0
BRDA:9,1,0,0
BRDA:9,1,1,0
BRF:4
BRH:0
end_of_record
TN:
SF:app\+not-found.tsx
FN:7,NotFoundScreen
FNF:1
FNH:0
FNDA:0,NotFoundScreen
DA:8,0
DA:21,0
LF:2
LH:0
BRF:0
BRH:0
end_of_record
TN:
SF:app\Admin.tsx
FN:18,Admin
FN:19,(anonymous_1)
FN:27,(anonymous_2)
FN:32,(anonymous_3)
FN:45,(anonymous_4)
FN:48,(anonymous_5)
FN:55,(anonymous_6)
FN:68,(anonymous_7)
FN:72,(anonymous_8)
FN:76,(anonymous_9)
FN:86,(anonymous_10)
FN:113,(anonymous_11)
FN:125,(anonymous_12)
FN:143,(anonymous_13)
FN:175,(anonymous_14)
FN:212,(anonymous_15)
FNF:16
FNH:0
FNDA:0,Admin
FNDA:0,(anonymous_1)
FNDA:0,(anonymous_2)
FNDA:0,(anonymous_3)
FNDA:0,(anonymous_4)
FNDA:0,(anonymous_5)
FNDA:0,(anonymous_6)
FNDA:0,(anonymous_7)
FNDA:0,(anonymous_8)
FNDA:0,(anonymous_9)
FNDA:0,(anonymous_10)
FNDA:0,(anonymous_11)
FNDA:0,(anonymous_12)
FNDA:0,(anonymous_13)
FNDA:0,(anonymous_14)
FNDA:0,(anonymous_15)
DA:19,0
DA:20,0
DA:21,0
DA:22,0
DA:24,0
DA:25,0
DA:26,0
DA:27,0
DA:28,0
DA:29,0
DA:30,0
DA:32,0
DA:33,0
DA:34,0
DA:35,0
DA:38,0
DA:39,0
DA:40,0
DA:43,0
DA:45,0
DA:46,0
DA:47,0
DA:49,0
DA:50,0
DA:51,0
DA:52,0
DA:56,0
DA:57,0
DA:68,0
DA:69,0
DA:70,0
DA:71,0
DA:73,0
DA:74,0
DA:77,0
DA:86,0
DA:87,0
DA:91,0
DA:114,0
DA:125,0
DA:143,0
DA:176,0
DA:213,0
LF:43
LH:0
BRDA:49,0,0,0
BRDA:49,0,1,0
BRDA:51,1,0,0
BRDA:51,1,1,0
BRDA:56,2,0,0
BRDA:56,2,1,0
BRDA:56,2,2,0
BRDA:60,3,0,0
BRDA:60,3,1,0
BRDA:73,4,0,0
BRDA:73,4,1,0
BRDA:74,5,0,0
BRDA:74,5,1,0
BRDA:95,6,0,0
BRDA:95,6,1,0
BRDA:99,7,0,0
BRDA:99,7,1,0
BRDA:100,8,0,0
BRDA:100,8,1,0
BRDA:103,9,0,0
BRDA:103,9,1,0
BRDA:119,10,0,0
BRDA:119,10,1,0
BRDA:120,11,0,0
BRDA:120,11,1,0
BRDA:131,12,0,0
BRDA:131,12,1,0
BRDA:141,13,0,0
BRDA:141,13,1,0
BRDA:155,14,0,0
BRDA:155,14,1,0
BRDA:155,15,0,0
BRDA:155,15,1,0
BRDA:180,16,0,0
BRDA:180,16,1,0
BRDA:184,17,0,0
BRDA:184,17,1,0
BRDA:198,18,0,0
BRDA:198,18,1,0
BRDA:221,19,0,0
BRDA:221,19,1,0
BRDA:238,20,0,0
BRDA:238,20,1,0
BRDA:239,21,0,0
BRDA:239,21,1,0
BRDA:240,22,0,0
BRDA:240,22,1,0
BRDA:241,23,0,0
BRDA:241,23,1,0
BRF:49
BRH:0
end_of_record
TN:
SF:app\EditProduct.tsx
FN:12,EditProduct
FN:36,(anonymous_1)
FN:38,(anonymous_2)
FN:66,(anonymous_3)
FN:67,(anonymous_4)
FN:85,(anonymous_5)
FN:86,(anonymous_6)
FN:89,(anonymous_7)
FN:95,(anonymous_8)
FN:113,(anonymous_9)
FN:114,(anonymous_10)
FN:142,(anonymous_11)
FN:150,(anonymous_12)
FN:176,(anonymous_13)
FN:230,(anonymous_14)
FN:247,(anonymous_15)
FN:304,(anonymous_16)
FN:321,(anonymous_17)
FN:325,(anonymous_18)
FN:334,(anonymous_19)
FN:336,(anonymous_20)
FN:348,(anonymous_21)
FN:353,(anonymous_22)
FN:357,(anonymous_23)
FN:369,(anonymous_24)
FN:381,(anonymous_25)
FN:386,(anonymous_26)
FN:403,(anonymous_27)
FN:404,(anonymous_28)
FN:407,(anonymous_29)
FN:423,(anonymous_30)
FN:449,(anonymous_31)
FN:461,(anonymous_32)
FN:480,(anonymous_33)
FN:624,(anonymous_34)
FN:628,(anonymous_35)
FN:694,(anonymous_36)
FN:701,(anonymous_37)
FN:717,(anonymous_38)
FN:752,(anonymous_39)
FN:754,(anonymous_40)
FN:754,(anonymous_41)
FN:755,(anonymous_42)
FN:762,(anonymous_43)
FN:766,(anonymous_44)
FNF:45
FNH:0
FNDA:0,EditProduct
FNDA:0,(anonymous_1)
FNDA:0,(anonymous_2)
FNDA:0,(anonymous_3)
FNDA:0,(anonymous_4)
FNDA:0,(anonymous_5)
FNDA:0,(anonymous_6)
FNDA:0,(anonymous_7)
FNDA:0,(anonymous_8)
FNDA:0,(anonymous_9)
FNDA:0,(anonymous_10)
FNDA:0,(anonymous_11)
FNDA:0,(anonymous_12)
FNDA:0,(anonymous_13)
FNDA:0,(anonymous_14)
FNDA:0,(anonymous_15)
FNDA:0,(anonymous_16)
FNDA:0,(anonymous_17)
FNDA:0,(anonymous_18)
FNDA:0,(anonymous_19)
FNDA:0,(anonymous_20)
FNDA:0,(anonymous_21)
FNDA:0,(anonymous_22)
FNDA:0,(anonymous_23)
FNDA:0,(anonymous_24)
FNDA:0,(anonymous_25)
FNDA:0,(anonymous_26)
FNDA:0,(anonymous_27)
FNDA:0,(anonymous_28)
FNDA:0,(anonymous_29)
FNDA:0,(anonymous_30)
FNDA:0,(anonymous_31)
FNDA:0,(anonymous_32)
FNDA:0,(anonymous_33)
FNDA:0,(anonymous_34)
FNDA:0,(anonymous_35)
FNDA:0,(anonymous_36)
FNDA:0,(anonymous_37)
FNDA:0,(anonymous_38)
FNDA:0,(anonymous_39)
FNDA:0,(anonymous_40)
FNDA:0,(anonymous_41)
FNDA:0,(anonymous_42)
FNDA:0,(anonymous_43)
FNDA:0,(anonymous_44)
DA:13,0
DA:14,0
DA:15,0
DA:16,0
DA:17,0
DA:18,0
DA:19,0
DA:20,0
DA:21,0
DA:22,0
DA:23,0
DA:24,0
DA:25,0
DA:26,0
DA:27,0
DA:28,0
DA:29,0
DA:30,0
DA:31,0
DA:32,0
DA:33,0
DA:34,0
DA:35,0
DA:36,0
DA:38,0
DA:39,0
DA:41,0
DA:43,0
DA:44,0
DA:46,0
DA:47,0
DA:50,0
DA:52,0
DA:53,0
DA:54,0
DA:55,0
DA:58,0
DA:59,0
DA:62,0
DA:63,0
DA:64,0
DA:65,0
DA:66,0
DA:67,0
DA:71,0
DA:72,0
DA:81,0
DA:85,0
DA:86,0
DA:89,0
DA:90,0
DA:91,0
DA:95,0
DA:96,0
DA:97,0
DA:105,0
DA:108,0
DA:109,0
DA:110,0
DA:113,0
DA:114,0
DA:115,0
DA:118,0
DA:127,0
DA:128,0
DA:129,0
DA:138,0
DA:142,0
DA:143,0
DA:145,0
DA:146,0
DA:147,0
DA:150,0
DA:152,0
DA:161,0
DA:162,0
DA:163,0
DA:172,0
DA:176,0
DA:177,0
DA:178,0
DA:186,0
DA:189,0
DA:190,0
DA:192,0
DA:193,0
DA:195,0
DA:200,0
DA:202,0
DA:203,0
DA:204,0
DA:206,0
DA:207,0
DA:208,0
DA:209,0
DA:210,0
DA:211,0
DA:213,0
DA:220,0
DA:222,0
DA:230,0
DA:232,0
DA:233,0
DA:234,0
DA:243,0
DA:247,0
DA:248,0
DA:249,0
DA:257,0
DA:259,0
DA:260,0
DA:262,0
DA:263,0
DA:265,0
DA:271,0
DA:273,0
DA:275,0
DA:276,0
DA:277,0
DA:278,0
DA:280,0
DA:281,0
DA:282,0
DA:283,0
DA:284,0
DA:286,0
DA:294,0
DA:296,0
DA:304,0
DA:306,0
DA:307,0
DA:308,0
DA:317,0
DA:321,0
DA:322,0
DA:324,0
DA:326,0
DA:334,0
DA:337,0
DA:338,0
DA:339,0
DA:349,0
DA:353,0
DA:354,0
DA:356,0
DA:358,0
DA:359,0
DA:360,0
DA:370,0
DA:371,0
DA:372,0
DA:382,0
DA:386,0
DA:387,0
DA:388,0
DA:389,0
DA:390,0
DA:391,0
DA:392,0
DA:403,0
DA:404,0
DA:407,0
DA:408,0
DA:409,0
DA:417,0
DA:420,0
DA:421,0
DA:423,0
DA:425,0
DA:434,0
DA:435,0
DA:436,0
DA:445,0
DA:449,0
DA:450,0
DA:456,0
DA:457,0
DA:461,0
DA:462,0
DA:468,0
DA:469,0
DA:473,0
DA:480,0
DA:625,0
DA:628,0
DA:695,0
DA:701,0
DA:717,0
DA:753,0
DA:754,0
DA:756,0
DA:760,0
DA:763,0
DA:767,0
DA:768,0
LF:195
LH:0
BRDA:17,0,0,0
BRDA:17,0,1,0
BRDA:24,1,0,0
BRDA:24,1,1,0
BRDA:25,2,0,0
BRDA:25,2,1,0
BRDA:39,3,0,0
BRDA:39,3,1,0
BRDA:52,4,0,0
BRDA:52,4,1,0
BRDA:54,5,0,0
BRDA:54,5,1,0
BRDA:63,6,0,0
BRDA:63,6,1,0
BRDA:64,7,0,0
BRDA:64,7,1,0
BRDA:90,8,0,0
BRDA:90,8,1,0
BRDA:96,9,0,0
BRDA:96,9,1,0
BRDA:114,10,0,0
BRDA:114,10,1,0
BRDA:114,11,0,0
BRDA:114,11,1,0
BRDA:127,12,0,0
BRDA:127,12,1,0
BRDA:127,12,2,0
BRDA:128,13,0,0
BRDA:128,13,1,0
BRDA:143,14,0,0
BRDA:143,14,1,0
BRDA:161,15,0,0
BRDA:161,15,1,0
BRDA:161,15,2,0
BRDA:162,16,0,0
BRDA:162,16,1,0
BRDA:177,17,0,0
BRDA:177,17,1,0
BRDA:193,18,0,0
BRDA:193,18,1,0
BRDA:202,19,0,0
BRDA:202,19,1,0
BRDA:204,20,0,0
BRDA:204,20,1,0
BRDA:207,21,0,0
BRDA:207,21,1,0
BRDA:232,22,0,0
BRDA:232,22,1,0
BRDA:232,22,2,0
BRDA:233,23,0,0
BRDA:233,23,1,0
BRDA:248,24,0,0
BRDA:248,24,1,0
BRDA:248,25,0,0
BRDA:248,25,1,0
BRDA:263,26,0,0
BRDA:263,26,1,0
BRDA:275,27,0,0
BRDA:275,27,1,0
BRDA:276,28,0,0
BRDA:276,28,1,0
BRDA:278,29,0,0
BRDA:278,29,1,0
BRDA:280,30,0,0
BRDA:280,30,1,0
BRDA:306,31,0,0
BRDA:306,31,1,0
BRDA:306,31,2,0
BRDA:307,32,0,0
BRDA:307,32,1,0
BRDA:337,33,0,0
BRDA:337,33,1,0
BRDA:337,33,2,0
BRDA:338,34,0,0
BRDA:338,34,1,0
BRDA:359,35,0,0
BRDA:359,35,1,0
BRDA:370,36,0,0
BRDA:370,36,1,0
BRDA:370,36,2,0
BRDA:371,37,0,0
BRDA:371,37,1,0
BRDA:388,38,0,0
BRDA:388,38,1,0
BRDA:388,39,0,0
BRDA:388,39,1,0
BRDA:391,40,0,0
BRDA:391,40,1,0
BRDA:408,41,0,0
BRDA:408,41,1,0
BRDA:434,42,0,0
BRDA:434,42,1,0
BRDA:434,42,2,0
BRDA:435,43,0,0
BRDA:435,43,1,0
BRDA:456,44,0,0
BRDA:456,44,1,0
BRDA:468,45,0,0
BRDA:468,45,1,0
BRDA:476,46,0,0
BRDA:476,46,1,0
BRDA:484,47,0,0
BRDA:484,47,1,0
BRDA:540,48,0,0
BRDA:540,48,1,0
BRDA:550,49,0,0
BRDA:550,49,1,0
BRDA:550,50,0,0
BRDA:550,50,1,0
BRDA:559,51,0,0
BRDA:559,51,1,0
BRDA:596,52,0,0
BRDA:596,52,1,0
BRDA:601,53,0,0
BRDA:601,53,1,0
BRDA:604,54,0,0
BRDA:604,54,1,0
BRDA:605,55,0,0
BRDA:605,55,1,0
BRDA:610,56,0,0
BRDA:610,56,1,0
BRDA:611,57,0,0
BRDA:611,57,1,0
BRDA:617,58,0,0
BRDA:617,58,1,0
BRDA:623,59,0,0
BRDA:623,59,1,0
BRDA:662,60,0,0
BRDA:662,60,1,0
BRDA:687,61,0,0
BRDA:687,61,1,0
BRDA:693,62,0,0
BRDA:693,62,1,0
BRDA:716,63,0,0
BRDA:716,63,1,0
BRDA:725,64,0,0
BRDA:725,64,1,0
BRDA:729,65,0,0
BRDA:729,65,1,0
BRDA:748,66,0,0
BRDA:748,66,1,0
BRDA:750,67,0,0
BRDA:750,67,1,0
BRDA:756,68,0,0
BRDA:756,68,1,0
BRDA:760,69,0,0
BRDA:760,69,1,0
BRDA:781,70,0,0
BRDA:781,70,1,0
BRDA:781,70,2,0
BRDA:806,71,0,0
BRDA:806,71,1,0
BRDA:806,72,0,0
BRDA:806,72,1,0
BRDA:817,73,0,0
BRDA:817,73,1,0
BRDA:835,74,0,0
BRDA:835,74,1,0
BRF:158
BRH:0
end_of_record
TN:
SF:app\EditProfile.tsx
FN:37,EditProfile
FN:39,(anonymous_1)
FN:52,(anonymous_2)
FN:71,(anonymous_3)
FN:73,(anonymous_4)
FN:87,(anonymous_5)
FN:100,(anonymous_6)
FN:109,(anonymous_7)
FN:111,(anonymous_8)
FN:126,(anonymous_9)
FN:130,(anonymous_10)
FN:140,(anonymous_11)
FN:225,(anonymous_12)
FN:228,(anonymous_13)
FN:239,(anonymous_14)
FN:242,(anonymous_15)
FNF:16
FNH:0
FNDA:0,EditProfile
FNDA:0,(anonymous_1)
FNDA:0,(anonymous_2)
FNDA:0,(anonymous_3)
FNDA:0,(anonymous_4)
FNDA:0,(anonymous_5)
FNDA:0,(anonymous_6)
FNDA:0,(anonymous_7)
FNDA:0,(anonymous_8)
FNDA:0,(anonymous_9)
FNDA:0,(anonymous_10)
FNDA:0,(anonymous_11)
FNDA:0,(anonymous_12)
FNDA:0,(anonymous_13)
FNDA:0,(anonymous_14)
FNDA:0,(anonymous_15)
DA:14,0
DA:38,0
DA:39,0
DA:40,0
DA:41,0
DA:42,0
DA:43,0
DA:44,0
DA:45,0
DA:46,0
DA:47,0
DA:48,0
DA:49,0
DA:52,0
DA:53,0
DA:54,0
DA:55,0
DA:56,0
DA:58,0
DA:59,0
DA:60,0
DA:63,0
DA:64,0
DA:65,0
DA:66,0
DA:68,0
DA:71,0
DA:72,0
DA:74,0
DA:75,0
DA:76,0
DA:78,0
DA:79,0
DA:80,0
DA:83,0
DA:84,0
DA:85,0
DA:88,0
DA:89,0
DA:100,0
DA:101,0
DA:102,0
DA:103,0
DA:105,0
DA:109,0
DA:111,0
DA:112,0
DA:113,0
DA:114,0
DA:115,0
DA:117,0
DA:118,0
DA:119,0
DA:125,0
DA:127,0
DA:128,0
DA:131,0
DA:135,0
DA:136,0
DA:140,0
DA:141,0
DA:145,0
DA:225,0
DA:228,0
DA:240,0
DA:243,0
DA:244,0
LF:67
LH:0
BRDA:54,0,0,0
BRDA:54,0,1,0
BRDA:54,1,0,0
BRDA:54,1,1,0
BRDA:58,2,0,0
BRDA:58,2,1,0
BRDA:58,3,0,0
BRDA:58,3,1,0
BRDA:64,4,0,0
BRDA:64,4,1,0
BRDA:78,5,0,0
BRDA:78,5,1,0
BRDA:84,6,0,0
BRDA:84,6,1,0
BRDA:85,7,0,0
BRDA:85,7,1,0
BRDA:88,8,0,0
BRDA:88,8,1,0
BRDA:88,8,2,0
BRDA:92,9,0,0
BRDA:92,9,1,0
BRDA:102,10,0,0
BRDA:102,10,1,0
BRDA:113,11,0,0
BRDA:113,11,1,0
BRDA:118,12,0,0
BRDA:118,12,1,0
BRDA:148,13,0,0
BRDA:148,13,1,0
BRDA:174,14,0,0
BRDA:174,14,1,0
BRDA:183,15,0,0
BRDA:183,15,1,0
BRDA:189,16,0,0
BRDA:189,16,1,0
BRDA:198,17,0,0
BRDA:198,17,1,0
BRDA:221,18,0,0
BRDA:221,18,1,0
BRDA:247,19,0,0
BRDA:247,19,1,0
BRDA:261,20,0,0
BRDA:261,20,1,0
BRF:43
BRH:0
end_of_record
TN:
SF:app\Intro.tsx
FN:11,Intro
FN:15,(anonymous_1)
FN:34,(anonymous_2)
FNF:3
FNH:0
FNDA:0,Intro
FNDA:0,(anonymous_1)
FNDA:0,(anonymous_2)
DA:12,0
DA:13,0
DA:15,0
DA:16,0
DA:18,0
DA:19,0
DA:29,0
DA:30,0
DA:34,0
DA:35,0
DA:37,0
DA:38,0
DA:48,0
DA:49,0
DA:53,0
LF:15
LH:0
BRF:0
BRH:0
end_of_record
TN:
SF:app\MenuItem.tsx
FN:27,MenuItemScreen
FN:29,(anonymous_1)
FN:37,(anonymous_2)
FN:39,(anonymous_3)
FN:43,(anonymous_4)
FN:56,(anonymous_5)
FN:66,(anonymous_6)
FN:71,(anonymous_7)
FN:72,(anonymous_8)
FN:74,(anonymous_9)
FN:79,(anonymous_10)
FN:83,(anonymous_11)
FN:87,(anonymous_12)
FN:102,(anonymous_13)
FN:168,(anonymous_14)
FN:181,(anonymous_15)
FN:229,(anonymous_16)
FNF:17
FNH:0
FNDA:0,MenuItemScreen
FNDA:0,(anonymous_1)
FNDA:0,(anonymous_2)
FNDA:0,(anonymous_3)
FNDA:0,(anonymous_4)
FNDA:0,(anonymous_5)
FNDA:0,(anonymous_6)
FNDA:0,(anonymous_7)
FNDA:0,(anonymous_8)
FNDA:0,(anonymous_9)
FNDA:0,(anonymous_10)
FNDA:0,(anonymous_11)
FNDA:0,(anonymous_12)
FNDA:0,(anonymous_13)
FNDA:0,(anonymous_14)
FNDA:0,(anonymous_15)
FNDA:0,(anonymous_16)
DA:28,0
DA:29,0
DA:30,0
DA:31,0
DA:32,0
DA:33,0
DA:34,0
DA:35,0
DA:37,0
DA:38,0
DA:40,0
DA:41,0
DA:44,0
DA:45,0
DA:56,0
DA:57,0
DA:58,0
DA:59,0
DA:62,0
DA:66,0
DA:67,0
DA:68,0
DA:71,0
DA:72,0
DA:73,0
DA:74,0
DA:79,0
DA:80,0
DA:83,0
DA:84,0
DA:87,0
DA:88,0
DA:89,0
DA:90,0
DA:98,0
DA:102,0
DA:103,0
DA:106,0
DA:107,0
DA:114,0
DA:115,0
DA:118,0
DA:169,0
DA:181,0
DA:213,0
DA:214,0
DA:229,0
DA:251,0
LF:48
LH:0
BRDA:44,0,0,0
BRDA:44,0,1,0
BRDA:44,0,2,0
BRDA:48,1,0,0
BRDA:48,1,1,0
BRDA:59,2,0,0
BRDA:59,2,1,0
BRDA:67,3,0,0
BRDA:67,3,1,0
BRDA:73,4,0,0
BRDA:73,4,1,0
BRDA:80,5,0,0
BRDA:80,5,1,0
BRDA:88,6,0,0
BRDA:88,6,1,0
BRDA:106,7,0,0
BRDA:106,7,1,0
BRDA:122,8,0,0
BRDA:122,8,1,0
BRDA:127,9,0,0
BRDA:127,9,1,0
BRDA:163,10,0,0
BRDA:163,10,1,0
BRDA:177,11,0,0
BRDA:177,11,1,0
BRDA:178,12,0,0
BRDA:178,12,1,0
BRDA:179,13,0,0
BRDA:179,13,1,0
BRDA:184,14,0,0
BRDA:184,14,1,0
BRDA:199,15,0,0
BRDA:199,15,1,0
BRDA:213,16,0,0
BRDA:213,16,1,0
BRF:35
BRH:0
end_of_record
TN:
SF:app\OrderDetails.tsx
FN:42,OrderDetails
FN:44,(anonymous_1)
FN:49,(anonymous_2)
FN:51,(anonymous_3)
FN:52,(anonymous_4)
FN:54,(anonymous_5)
FN:58,(anonymous_6)
FN:62,(anonymous_7)
FN:72,(anonymous_8)
FN:83,(anonymous_9)
FN:100,(anonymous_10)
FN:221,(anonymous_11)
FNF:12
FNH:0
FNDA:0,OrderDetails
FNDA:0,(anonymous_1)
FNDA:0,(anonymous_2)
FNDA:0,(anonymous_3)
FNDA:0,(anonymous_4)
FNDA:0,(anonymous_5)
FNDA:0,(anonymous_6)
FNDA:0,(anonymous_7)
FNDA:0,(anonymous_8)
FNDA:0,(anonymous_9)
FNDA:0,(anonymous_10)
FNDA:0,(anonymous_11)
DA:43,0
DA:44,0
DA:45,0
DA:46,0
DA:47,0
DA:49,0
DA:51,0
DA:52,0
DA:53,0
DA:56,0
DA:59,0
DA:63,0
DA:67,0
DA:68,0
DA:72,0
DA:73,0
DA:74,0
DA:83,0
DA:84,0
DA:86,0
DA:88,0
DA:90,0
DA:92,0
DA:94,0
DA:96,0
DA:100,0
DA:101,0
DA:103,0
DA:105,0
DA:107,0
DA:109,0
DA:113,0
DA:114,0
DA:124,0
DA:125,0
DA:143,0
DA:222,0
LF:37
LH:0
BRDA:59,0,0,0
BRDA:59,0,1,0
BRDA:59,0,2,0
BRDA:67,1,0,0
BRDA:67,1,1,0
BRDA:84,2,0,0
BRDA:84,2,1,0
BRDA:84,2,2,0
BRDA:84,2,3,0
BRDA:84,2,4,0
BRDA:84,2,5,0
BRDA:101,3,0,0
BRDA:101,3,1,0
BRDA:101,3,2,0
BRDA:101,3,3,0
BRDA:113,4,0,0
BRDA:113,4,1,0
BRDA:124,5,0,0
BRDA:124,5,1,0
BRDA:127,6,0,0
BRDA:127,6,1,0
BRDA:148,7,0,0
BRDA:148,7,1,0
BRDA:185,8,0,0
BRDA:185,8,1,0
BRDA:185,9,0,0
BRDA:185,9,1,0
BRDA:191,10,0,0
BRDA:191,10,1,0
BRDA:191,11,0,0
BRDA:191,11,1,0
BRDA:199,12,0,0
BRDA:199,12,1,0
BRDA:199,12,2,0
BRDA:207,13,0,0
BRDA:207,13,1,0
BRDA:222,14,0,0
BRDA:222,14,1,0
BRDA:230,15,0,0
BRDA:230,15,1,0
BRF:40
BRH:0
end_of_record
TN:
SF:app\OrderHistory.tsx
FN:29,OrderHistory
FN:31,(anonymous_1)
FN:43,(anonymous_2)
FN:45,(anonymous_3)
FN:67,(anonymous_4)
FN:88,(anonymous_5)
FN:89,(anonymous_6)
FN:90,(anonymous_7)
FN:121,(anonymous_8)
FN:128,(anonymous_9)
FN:160,(anonymous_10)
FN:161,(anonymous_11)
FN:168,(anonymous_12)
FN:173,(anonymous_13)
FN:182,(anonymous_14)
FN:194,(anonymous_15)
FNF:16
FNH:0
FNDA:0,OrderHistory
FNDA:0,(anonymous_1)
FNDA:0,(anonymous_2)
FNDA:0,(anonymous_3)
FNDA:0,(anonymous_4)
FNDA:0,(anonymous_5)
FNDA:0,(anonymous_6)
FNDA:0,(anonymous_7)
FNDA:0,(anonymous_8)
FNDA:0,(anonymous_9)
FNDA:0,(anonymous_10)
FNDA:0,(anonymous_11)
FNDA:0,(anonymous_12)
FNDA:0,(anonymous_13)
FNDA:0,(anonymous_14)
FNDA:0,(anonymous_15)
DA:30,0
DA:31,0
DA:32,0
DA:33,0
DA:34,0
DA:35,0
DA:36,0
DA:37,0
DA:38,0
DA:39,0
DA:40,0
DA:41,0
DA:43,0
DA:45,0
DA:46,0
DA:47,0
DA:48,0
DA:49,0
DA:50,0
DA:51,0
DA:53,0
DA:54,0
DA:63,0
DA:67,0
DA:68,0
DA:69,0
DA:72,0
DA:73,0
DA:74,0
DA:77,0
DA:84,0
DA:85,0
DA:86,0
DA:88,0
DA:89,0
DA:90,0
DA:91,0
DA:92,0
DA:97,0
DA:98,0
DA:99,0
DA:102,0
DA:103,0
DA:112,0
DA:113,0
DA:115,0
DA:116,0
DA:121,0
DA:122,0
DA:128,0
DA:129,0
DA:132,0
DA:133,0
DA:143,0
DA:160,0
DA:162,0
DA:168,0
DA:173,0
DA:183,0
DA:185,0
DA:187,0
DA:188,0
DA:189,0
DA:190,0
DA:195,0
LF:65
LH:0
BRDA:53,0,0,0
BRDA:53,0,1,0
BRDA:53,0,2,0
BRDA:57,1,0,0
BRDA:57,1,1,0
BRDA:67,2,0,0
BRDA:68,3,0,0
BRDA:68,3,1,0
BRDA:68,4,0,0
BRDA:68,4,1,0
BRDA:68,4,2,0
BRDA:73,5,0,0
BRDA:73,5,1,0
BRDA:84,6,0,0
BRDA:84,6,1,0
BRDA:84,6,2,0
BRDA:85,7,0,0
BRDA:85,7,1,0
BRDA:90,8,0,0
BRDA:90,8,1,0
BRDA:91,9,0,0
BRDA:91,9,1,0
BRDA:97,10,0,0
BRDA:97,10,1,0
BRDA:99,11,0,0
BRDA:99,11,1,0
BRDA:102,12,0,0
BRDA:102,12,1,0
BRDA:102,12,2,0
BRDA:106,13,0,0
BRDA:106,13,1,0
BRDA:112,14,0,0
BRDA:112,14,1,0
BRDA:115,15,0,0
BRDA:115,15,1,0
BRDA:132,16,0,0
BRDA:132,16,1,0
BRDA:146,17,0,0
BRDA:146,17,1,0
BRDA:185,18,0,0
BRDA:185,18,1,0
BRDA:187,19,0,0
BRDA:187,19,1,0
BRDA:188,20,0,0
BRDA:188,20,1,0
BRDA:188,21,0,0
BRDA:188,21,1,0
BRDA:188,21,2,0
BRDA:203,22,0,0
BRDA:203,22,1,0
BRF:50
BRH:0
end_of_record
TN:
SF:app\UpdatePassword.tsx
FN:12,UpdatePassword
FN:14,(anonymous_1)
FN:47,(anonymous_2)
FN:59,(anonymous_3)
FN:68,(anonymous_4)
FN:71,(anonymous_5)
FN:73,(anonymous_6)
FN:89,(anonymous_7)
FN:101,(anonymous_8)
FN:150,(anonymous_9)
FN:164,(anonymous_10)
FN:203,(anonymous_11)
FNF:12
FNH:0
FNDA:0,UpdatePassword
FNDA:0,(anonymous_1)
FNDA:0,(anonymous_2)
FNDA:0,(anonymous_3)
FNDA:0,(anonymous_4)
FNDA:0,(anonymous_5)
FNDA:0,(anonymous_6)
FNDA:0,(anonymous_7)
FNDA:0,(anonymous_8)
FNDA:0,(anonymous_9)
FNDA:0,(anonymous_10)
FNDA:0,(anonymous_11)
DA:13,0
DA:14,0
DA:15,0
DA:17,0
DA:18,0
DA:19,0
DA:20,0
DA:21,0
DA:22,0
DA:23,0
DA:24,0
DA:25,0
DA:26,0
DA:27,0
DA:28,0
DA:30,0
DA:37,0
DA:42,0
DA:45,0
DA:47,0
DA:48,0
DA:58,0
DA:60,0
DA:68,0
DA:71,0
DA:73,0
DA:74,0
DA:75,0
DA:84,0
DA:85,0
DA:87,0
DA:88,0
DA:90,0
DA:99,0
DA:102,0
DA:103,0
DA:113,0
DA:117,0
DA:150,0
DA:164,0
DA:203,0
LF:41
LH:0
BRDA:23,0,0,0
BRDA:23,0,1,0
BRDA:24,1,0,0
BRDA:24,1,1,0
BRDA:25,2,0,0
BRDA:25,2,1,0
BRDA:26,3,0,0
BRDA:26,3,1,0
BRDA:27,4,0,0
BRDA:27,4,1,0
BRDA:30,5,0,0
BRDA:30,5,1,0
BRDA:30,5,2,0
BRDA:30,5,3,0
BRDA:30,5,4,0
BRDA:37,6,0,0
BRDA:37,6,1,0
BRDA:37,6,2,0
BRDA:42,7,0,0
BRDA:42,7,1,0
BRDA:42,7,2,0
BRDA:52,8,0,0
BRDA:52,8,1,0
BRDA:64,9,0,0
BRDA:64,9,1,0
BRDA:74,10,0,0
BRDA:74,10,1,0
BRDA:102,11,0,0
BRDA:102,11,1,0
BRDA:102,11,2,0
BRDA:106,12,0,0
BRDA:106,12,1,0
BRDA:126,13,0,0
BRDA:126,13,1,0
BRDA:150,14,0,0
BRDA:150,14,1,0
BRDA:164,15,0,0
BRDA:164,15,1,0
BRDA:169,16,0,0
BRDA:169,16,1,0
BRDA:203,17,0,0
BRDA:203,17,1,0
BRF:42
BRH:0
end_of_record
TN:
SF:app\UserProfile.tsx
FN:43,UserProfile
FN:45,(anonymous_1)
FN:55,(anonymous_2)
FN:56,(anonymous_3)
FN:72,(anonymous_4)
FN:110,(anonymous_5)
FN:119,(anonymous_6)
FN:136,(anonymous_7)
FN:157,(anonymous_8)
FN:159,(anonymous_9)
FN:166,(anonymous_10)
FN:180,(anonymous_11)
FN:285,(anonymous_12)
FN:291,(anonymous_13)
FN:297,(anonymous_14)
FN:303,(anonymous_15)
FN:309,(anonymous_16)
FN:315,(anonymous_17)
FN:350,(anonymous_18)
FN:372,(anonymous_19)
FN:375,(anonymous_20)
FNF:21
FNH:0
FNDA:0,UserProfile
FNDA:0,(anonymous_1)
FNDA:0,(anonymous_2)
FNDA:0,(anonymous_3)
FNDA:0,(anonymous_4)
FNDA:0,(anonymous_5)
FNDA:0,(anonymous_6)
FNDA:0,(anonymous_7)
FNDA:0,(anonymous_8)
FNDA:0,(anonymous_9)
FNDA:0,(anonymous_10)
FNDA:0,(anonymous_11)
FNDA:0,(anonymous_12)
FNDA:0,(anonymous_13)
FNDA:0,(anonymous_14)
FNDA:0,(anonymous_15)
FNDA:0,(anonymous_16)
FNDA:0,(anonymous_17)
FNDA:0,(anonymous_18)
FNDA:0,(anonymous_19)
FNDA:0,(anonymous_20)
DA:44,0
DA:45,0
DA:46,0
DA:47,0
DA:48,0
DA:49,0
DA:50,0
DA:51,0
DA:52,0
DA:53,0
DA:55,0
DA:56,0
DA:57,0
DA:58,0
DA:59,0
DA:60,0
DA:61,0
DA:63,0
DA:69,0
DA:72,0
DA:73,0
DA:76,0
DA:78,0
DA:79,0
DA:89,0
DA:90,0
DA:98,0
DA:100,0
DA:104,0
DA:110,0
DA:111,0
DA:112,0
DA:114,0
DA:119,0
DA:120,0
DA:121,0
DA:122,0
DA:123,0
DA:124,0
DA:125,0
DA:127,0
DA:133,0
DA:136,0
DA:137,0
DA:140,0
DA:143,0
DA:144,0
DA:153,0
DA:157,0
DA:159,0
DA:161,0
DA:162,0
DA:165,0
DA:167,0
DA:176,0
DA:177,0
DA:181,0
DA:182,0
DA:195,0
DA:196,0
DA:206,0
DA:207,0
DA:225,0
DA:285,0
DA:291,0
DA:297,0
DA:303,0
DA:309,0
DA:315,0
DA:351,0
DA:372,0
DA:375,0
LF:72
LH:0
BRDA:69,0,0,0
BRDA:69,0,1,0
BRDA:78,1,0,0
BRDA:78,1,1,0
BRDA:78,1,2,0
BRDA:82,2,0,0
BRDA:82,2,1,0
BRDA:89,3,0,0
BRDA:89,3,1,0
BRDA:89,3,2,0
BRDA:93,4,0,0
BRDA:93,4,1,0
BRDA:111,5,0,0
BRDA:111,5,1,0
BRDA:112,6,0,0
BRDA:112,6,1,0
BRDA:122,7,0,0
BRDA:122,7,1,0
BRDA:133,8,0,0
BRDA:133,8,1,0
BRDA:143,9,0,0
BRDA:143,9,1,0
BRDA:143,9,2,0
BRDA:147,10,0,0
BRDA:147,10,1,0
BRDA:161,11,0,0
BRDA:161,11,1,0
BRDA:176,12,0,0
BRDA:176,12,1,0
BRDA:181,13,0,0
BRDA:181,13,1,0
BRDA:181,13,2,0
BRDA:185,14,0,0
BRDA:185,14,1,0
BRDA:195,15,0,0
BRDA:195,15,1,0
BRDA:206,16,0,0
BRDA:206,16,1,0
BRDA:284,17,0,0
BRDA:284,17,1,0
BRDA:288,18,0,0
BRDA:288,18,1,0
BRDA:290,19,0,0
BRDA:290,19,1,0
BRDA:291,20,0,0
BRDA:291,20,1,0
BRDA:296,21,0,0
BRDA:296,21,1,0
BRDA:300,22,0,0
BRDA:300,22,1,0
BRDA:302,23,0,0
BRDA:302,23,1,0
BRDA:303,24,0,0
BRDA:303,24,1,0
BRDA:308,25,0,0
BRDA:308,25,1,0
BRDA:312,26,0,0
BRDA:312,26,1,0
BRDA:314,27,0,0
BRDA:314,27,1,0
BRDA:315,28,0,0
BRDA:315,28,1,0
BRDA:323,29,0,0
BRDA:323,29,1,0
BRDA:326,30,0,0
BRDA:326,30,1,0
BRDA:326,30,2,0
BRDA:329,31,0,0
BRDA:329,31,1,0
BRDA:329,32,0,0
BRDA:329,32,1,0
BRDA:336,33,0,0
BRDA:336,33,1,0
BRDA:348,34,0,0
BRDA:348,34,1,0
BRDA:348,35,0,0
BRDA:348,35,1,0
BRDA:359,36,0,0
BRDA:359,36,1,0
BRDA:360,37,0,0
BRDA:360,37,1,0
BRDA:361,38,0,0
BRDA:361,38,1,0
BRDA:369,39,0,0
BRDA:369,39,1,0
BRDA:375,40,0,0
BRDA:375,40,1,0
BRDA:377,41,0,0
BRDA:377,41,1,0
BRF:89
BRH:0
end_of_record
TN:
SF:app\WaitressMenu.tsx
FN:45,WaitressMenuScreen
FN:46,(anonymous_1)
FN:55,(anonymous_2)
FN:57,(anonymous_3)
FN:64,(anonymous_4)
FN:76,(anonymous_5)
FN:78,(anonymous_6)
FN:97,(anonymous_7)
FN:109,(anonymous_8)
FN:117,(anonymous_9)
FN:188,(anonymous_10)
FN:192,(anonymous_11)
FN:204,(anonymous_12)
FNF:13
FNH:0
FNDA:0,WaitressMenuScreen
FNDA:0,(anonymous_1)
FNDA:0,(anonymous_2)
FNDA:0,(anonymous_3)
FNDA:0,(anonymous_4)
FNDA:0,(anonymous_5)
FNDA:0,(anonymous_6)
FNDA:0,(anonymous_7)
FNDA:0,(anonymous_8)
FNDA:0,(anonymous_9)
FNDA:0,(anonymous_10)
FNDA:0,(anonymous_11)
FNDA:0,(anonymous_12)
DA:31,0
DA:46,0
DA:47,0
DA:48,0
DA:49,0
DA:50,0
DA:51,0
DA:52,0
DA:53,0
DA:55,0
DA:57,0
DA:58,0
DA:64,0
DA:65,0
DA:73,0
DA:76,0
DA:77,0
DA:80,0
DA:81,0
DA:82,0
DA:84,0
DA:86,0
DA:87,0
DA:98,0
DA:99,0
DA:107,0
DA:110,0
DA:117,0
DA:118,0
DA:122,0
DA:125,0
DA:128,0
DA:129,0
DA:136,0
DA:189,0
DA:192,0
DA:204,0
LF:37
LH:0
BRDA:70,0,0,0
BRDA:70,0,1,0
BRDA:70,0,2,0
BRDA:80,1,0,0
BRDA:80,1,1,0
BRDA:82,2,0,0
BRDA:82,2,1,0
BRDA:98,3,0,0
BRDA:98,3,1,0
BRDA:98,3,2,0
BRDA:102,4,0,0
BRDA:102,4,1,0
BRDA:117,5,0,0
BRDA:117,5,1,0
BRDA:118,6,0,0
BRDA:118,6,1,0
BRDA:118,6,2,0
BRDA:122,7,0,0
BRDA:122,7,1,0
BRDA:125,8,0,0
BRDA:125,8,1,0
BRDA:125,8,2,0
BRDA:128,9,0,0
BRDA:128,9,1,0
BRDA:177,10,0,0
BRDA:177,10,1,0
BRDA:180,11,0,0
BRDA:180,11,1,0
BRDA:183,12,0,0
BRDA:183,12,1,0
BRDA:195,13,0,0
BRDA:195,13,1,0
BRF:32
BRH:0
end_of_record
TN:
SF:app\_layout.tsx
FN:29,(anonymous_0)
FN:40,RootNavigator
FN:55,RootLayout
FN:66,(anonymous_3)
FN:72,(anonymous_4)
FN:75,(anonymous_5)
FN:81,(anonymous_6)
FN:84,(anonymous_7)
FN:89,(anonymous_8)
FN:96,(anonymous_9)
FNF:10
FNH:0
FNDA:0,(anonymous_0)
FNDA:0,RootNavigator
FNDA:0,RootLayout
FNDA:0,(anonymous_3)
FNDA:0,(anonymous_4)
FNDA:0,(anonymous_5)
FNDA:0,(anonymous_6)
FNDA:0,(anonymous_7)
FNDA:0,(anonymous_8)
FNDA:0,(anonymous_9)
DA:23,0
DA:27,0
DA:28,0
DA:29,0
DA:41,0
DA:56,0
DA:57,0
DA:60,0
DA:66,0
DA:67,0
DA:70,0
DA:72,0
DA:73,0
DA:75,0
DA:81,0
DA:82,0
DA:84,0
DA:89,0
DA:91,0
DA:96,0
DA:98,0
DA:99,0
DA:104,0
DA:105,0
DA:107,0
DA:108,0
DA:109,0
DA:110,0
DA:112,0
LF:29
LH:0
BRDA:27,0,0,0
BRDA:27,0,1,0
BRDA:57,1,0,0
BRDA:57,1,1,0
BRDA:57,2,0,0
BRDA:57,2,1,0
BRDA:67,3,0,0
BRDA:67,3,1,0
BRDA:70,4,0,0
BRDA:70,4,1,0
BRDA:82,5,0,0
BRDA:82,5,1,0
BRDA:91,6,0,0
BRDA:91,6,1,0
BRDA:104,7,0,0
BRDA:104,7,1,0
BRDA:121,8,0,0
BRDA:121,8,1,0
BRDA:127,9,0,0
BRDA:127,9,1,0
BRDA:132,10,0,0
BRDA:132,10,1,0
BRDA:138,11,0,0
BRDA:138,11,1,0
BRF:24
BRH:0
end_of_record
TN:
SF:app\completeProfile.tsx
FN:36,CompleteProfile
FN:38,(anonymous_1)
FN:51,(anonymous_2)
FN:89,(anonymous_3)
FN:91,(anonymous_4)
FN:107,(anonymous_5)
FN:120,(anonymous_6)
FN:128,(anonymous_7)
FN:152,(anonymous_8)
FN:164,(anonymous_9)
FN:176,(anonymous_10)
FN:181,(anonymous_11)
FN:209,(anonymous_12)
FN:227,(anonymous_13)
FN:261,(anonymous_14)
FN:264,(anonymous_15)
FN:275,(anonymous_16)
FN:278,(anonymous_17)
FN:292,(anonymous_18)
FNF:19
FNH:0
FNDA:0,CompleteProfile
FNDA:0,(anonymous_1)
FNDA:0,(anonymous_2)
FNDA:0,(anonymous_3)
FNDA:0,(anonymous_4)
FNDA:0,(anonymous_5)
FNDA:0,(anonymous_6)
FNDA:0,(anonymous_7)
FNDA:0,(anonymous_8)
FNDA:0,(anonymous_9)
FNDA:0,(anonymous_10)
FNDA:0,(anonymous_11)
FNDA:0,(anonymous_12)
FNDA:0,(anonymous_13)
FNDA:0,(anonymous_14)
FNDA:0,(anonymous_15)
FNDA:0,(anonymous_16)
FNDA:0,(anonymous_17)
FNDA:0,(anonymous_18)
DA:13,0
DA:37,0
DA:38,0
DA:39,0
DA:40,0
DA:41,0
DA:42,0
DA:43,0
DA:44,0
DA:45,0
DA:46,0
DA:47,0
DA:48,0
DA:49,0
DA:51,0
DA:52,0
DA:54,0
DA:55,0
DA:56,0
DA:58,0
DA:59,0
DA:60,0
DA:62,0
DA:63,0
DA:64,0
DA:68,0
DA:69,0
DA:70,0
DA:71,0
DA:72,0
DA:75,0
DA:76,0
DA:77,0
DA:78,0
DA:79,0
DA:80,0
DA:83,0
DA:84,0
DA:86,0
DA:89,0
DA:90,0
DA:93,0
DA:96,0
DA:97,0
DA:99,0
DA:100,0
DA:101,0
DA:102,0
DA:103,0
DA:108,0
DA:109,0
DA:120,0
DA:121,0
DA:122,0
DA:123,0
DA:125,0
DA:128,0
DA:129,0
DA:130,0
DA:131,0
DA:134,0
DA:135,0
DA:136,0
DA:138,0
DA:139,0
DA:140,0
DA:141,0
DA:144,0
DA:151,0
DA:153,0
DA:162,0
DA:165,0
DA:166,0
DA:167,0
DA:177,0
DA:181,0
DA:182,0
DA:185,0
DA:210,0
DA:211,0
DA:228,0
DA:229,0
DA:261,0
DA:264,0
DA:276,0
DA:279,0
DA:280,0
DA:293,0
DA:294,0
LF:89
LH:0
BRDA:58,0,0,0
BRDA:58,0,1,0
BRDA:58,1,0,0
BRDA:58,1,1,0
BRDA:62,2,0,0
BRDA:62,2,1,0
BRDA:62,3,0,0
BRDA:62,3,1,0
BRDA:69,4,0,0
BRDA:69,4,1,0
BRDA:69,5,0,0
BRDA:69,5,1,0
BRDA:78,6,0,0
BRDA:78,6,1,0
BRDA:78,7,0,0
BRDA:78,7,1,0
BRDA:93,8,0,0
BRDA:93,8,1,0
BRDA:96,9,0,0
BRDA:96,9,1,0
BRDA:97,10,0,0
BRDA:97,10,1,0
BRDA:99,11,0,0
BRDA:99,11,1,0
BRDA:101,12,0,0
BRDA:101,12,1,0
BRDA:108,13,0,0
BRDA:108,13,1,0
BRDA:108,13,2,0
BRDA:112,14,0,0
BRDA:112,14,1,0
BRDA:122,15,0,0
BRDA:122,15,1,0
BRDA:122,16,0,0
BRDA:122,16,1,0
BRDA:129,17,0,0
BRDA:129,17,1,0
BRDA:138,18,0,0
BRDA:138,18,1,0
BRDA:166,19,0,0
BRDA:166,19,1,0
BRDA:166,19,2,0
BRDA:170,20,0,0
BRDA:170,20,1,0
BRDA:204,21,0,0
BRDA:204,21,1,0
BRDA:216,22,0,0
BRDA:216,22,1,0
BRDA:222,23,0,0
BRDA:222,23,1,0
BRDA:234,24,0,0
BRDA:234,24,1,0
BRDA:257,25,0,0
BRDA:257,25,1,0
BRDA:283,26,0,0
BRDA:283,26,1,0
BRDA:300,27,0,0
BRDA:300,27,1,0
BRDA:311,28,0,0
BRDA:311,28,1,0
BRDA:316,29,0,0
BRDA:316,29,1,0
BRF:62
BRH:0
end_of_record
TN:
SF:app\index.tsx
FN:32,Index
FN:33,(anonymous_1)
FN:48,(anonymous_2)
FN:58,(anonymous_3)
FN:61,(anonymous_4)
FN:66,(anonymous_5)
FN:69,(anonymous_6)
FN:74,(anonymous_7)
FN:80,(anonymous_8)
FN:86,(anonymous_9)
FN:91,(anonymous_10)
FN:112,(anonymous_11)
FN:117,(anonymous_12)
FN:122,(anonymous_13)
FN:130,(anonymous_14)
FN:141,(anonymous_15)
FN:145,(anonymous_16)
FN:146,(anonymous_17)
FN:149,(anonymous_18)
FN:154,(anonymous_19)
FN:157,(anonymous_20)
FN:184,(anonymous_21)
FN:205,(anonymous_22)
FN:215,(anonymous_23)
FN:228,(anonymous_24)
FN:234,(anonymous_25)
FN:271,(anonymous_26)
FN:290,(anonymous_27)
FN:319,(anonymous_28)
FN:319,(anonymous_29)
FN:322,(anonymous_30)
FN:398,(anonymous_31)
FNF:32
FNH:0
FNDA:0,Index
FNDA:0,(anonymous_1)
FNDA:0,(anonymous_2)
FNDA:0,(anonymous_3)
FNDA:0,(anonymous_4)
FNDA:0,(anonymous_5)
FNDA:0,(anonymous_6)
FNDA:0,(anonymous_7)
FNDA:0,(anonymous_8)
FNDA:0,(anonymous_9)
FNDA:0,(anonymous_10)
FNDA:0,(anonymous_11)
FNDA:0,(anonymous_12)
FNDA:0,(anonymous_13)
FNDA:0,(anonymous_14)
FNDA:0,(anonymous_15)
FNDA:0,(anonymous_16)
FNDA:0,(anonymous_17)
FNDA:0,(anonymous_18)
FNDA:0,(anonymous_19)
FNDA:0,(anonymous_20)
FNDA:0,(anonymous_21)
FNDA:0,(anonymous_22)
FNDA:0,(anonymous_23)
FNDA:0,(anonymous_24)
FNDA:0,(anonymous_25)
FNDA:0,(anonymous_26)
FNDA:0,(anonymous_27)
FNDA:0,(anonymous_28)
FNDA:0,(anonymous_29)
FNDA:0,(anonymous_30)
FNDA:0,(anonymous_31)
DA:9,0
DA:10,0
DA:25,0
DA:33,0
DA:34,0
DA:35,0
DA:36,0
DA:37,0
DA:38,0
DA:39,0
DA:42,0
DA:43,0
DA:44,0
DA:45,0
DA:46,0
DA:48,0
DA:49,0
DA:50,0
DA:51,0
DA:52,0
DA:54,0
DA:58,0
DA:59,0
DA:60,0
DA:62,0
DA:63,0
DA:64,0
DA:67,0
DA:70,0
DA:74,0
DA:75,0
DA:76,0
DA:80,0
DA:81,0
DA:82,0
DA:86,0
DA:87,0
DA:91,0
DA:92,0
DA:95,0
DA:96,0
DA:100,0
DA:103,0
DA:109,0
DA:112,0
DA:113,0
DA:117,0
DA:118,0
DA:120,0
DA:122,0
DA:123,0
DA:126,0
DA:132,0
DA:133,0
DA:134,0
DA:136,0
DA:141,0
DA:145,0
DA:146,0
DA:147,0
DA:148,0
DA:150,0
DA:151,0
DA:152,0
DA:155,0
DA:158,0
DA:162,0
DA:166,0
DA:167,0
DA:171,0
DA:185,0
DA:206,0
DA:207,0
DA:216,0
DA:217,0
DA:229,0
DA:231,0
DA:234,0
DA:272,0
DA:291,0
DA:319,0
DA:320,0
DA:322,0
DA:399,0
DA:400,0
LF:85
LH:0
BRDA:51,0,0,0
BRDA:51,0,1,0
BRDA:58,1,0,0
BRDA:75,2,0,0
BRDA:75,2,1,0
BRDA:81,3,0,0
BRDA:81,3,1,0
BRDA:95,4,0,0
BRDA:95,4,1,0
BRDA:118,5,0,0
BRDA:118,5,1,0
BRDA:132,6,0,0
BRDA:132,6,1,0
BRDA:146,7,0,0
BRDA:166,8,0,0
BRDA:166,8,1,0
BRDA:188,9,0,0
BRDA:188,9,1,0
BRDA:206,10,0,0
BRDA:206,10,1,0
BRDA:216,11,0,0
BRDA:216,11,1,0
BRDA:241,12,0,0
BRDA:241,12,1,0
BRDA:242,13,0,0
BRDA:242,13,1,0
BRDA:264,14,0,0
BRDA:264,14,1,0
BRDA:273,15,0,0
BRDA:273,15,1,0
BRDA:288,16,0,0
BRDA:288,16,1,0
BRDA:288,16,2,0
BRDA:303,17,0,0
BRDA:303,17,1,0
BRDA:311,18,0,0
BRDA:311,18,1,0
BRDA:328,19,0,0
BRDA:328,19,1,0
BRDA:333,20,0,0
BRDA:333,20,1,0
BRDA:334,21,0,0
BRDA:334,21,1,0
BRDA:348,22,0,0
BRDA:348,22,1,0
BRDA:399,23,0,0
BRDA:399,23,1,0
BRF:47
BRH:0
end_of_record
TN:
SF:app\(tabs)\Cart.tsx
FN:15,Cart
FN:28,(anonymous_1)
FNF:2
FNH:0
FNDA:0,Cart
FNDA:0,(anonymous_1)
DA:13,0
DA:16,0
DA:17,0
DA:18,0
DA:19,0
DA:20,0
DA:21,0
DA:23,0
DA:28,0
DA:30,0
LF:10
LH:0
BRDA:24,0,0,0
BRDA:24,0,1,0
BRDA:25,1,0,0
BRDA:25,1,1,0
BRDA:33,2,0,0
BRDA:33,2,1,0
BRDA:46,3,0,0
BRDA:46,3,1,0
BRDA:46,3,2,0
BRDA:46,3,3,0
BRDA:46,3,4,0
BRDA:63,4,0,0
BRDA:63,4,1,0
BRDA:64,5,0,0
BRDA:64,5,1,0
BRDA:76,6,0,0
BRDA:76,6,1,0
BRDA:77,7,0,0
BRDA:77,7,1,0
BRF:19
BRH:0
end_of_record
TN:
SF:app\(tabs)\Home.tsx
FN:12,HomeScreen
FNF:1
FNH:0
FNDA:0,HomeScreen
DA:10,0
DA:13,0
DA:14,0
DA:15,0
DA:17,0
LF:5
LH:0
BRDA:14,0,0,0
BRDA:14,0,1,0
BRDA:20,1,0,0
BRDA:20,1,1,0
BRDA:20,1,2,0
BRDA:20,1,3,0
BRDA:20,1,4,0
BRDA:37,2,0,0
BRDA:37,2,1,0
BRDA:42,3,0,0
BRDA:42,3,1,0
BRF:11
BRH:0
end_of_record
TN:
SF:app\(tabs)\Notification.tsx
FN:35,NotificationScreen
FN:38,(anonymous_1)
FN:54,(anonymous_2)
FN:60,(anonymous_3)
FN:63,(anonymous_4)
FN:69,(anonymous_5)
FN:73,(anonymous_6)
FN:78,(anonymous_7)
FN:82,(anonymous_8)
FN:89,(anonymous_9)
FN:96,(anonymous_10)
FN:102,(anonymous_11)
FN:113,(anonymous_12)
FN:120,(anonymous_13)
FN:123,(anonymous_14)
FN:133,(anonymous_15)
FN:138,(anonymous_16)
FN:143,(anonymous_17)
FN:148,(anonymous_18)
FN:150,(anonymous_19)
FN:151,(anonymous_20)
FN:152,(anonymous_21)
FN:155,(anonymous_22)
FN:160,(anonymous_23)
FN:172,(anonymous_24)
FN:182,(anonymous_25)
FN:203,(anonymous_26)
FN:214,(anonymous_27)
FN:223,(anonymous_28)
FN:225,(anonymous_29)
FN:226,(anonymous_30)
FN:264,(anonymous_31)
FN:271,(anonymous_32)
FN:297,(anonymous_33)
FN:299,(anonymous_34)
FN:307,(anonymous_35)
FN:313,(anonymous_36)
FN:324,(anonymous_37)
FN:327,(anonymous_38)
FN:363,(anonymous_39)
FN:431,(anonymous_40)
FN:466,(anonymous_41)
FNF:42
FNH:0
FNDA:0,NotificationScreen
FNDA:0,(anonymous_1)
FNDA:0,(anonymous_2)
FNDA:0,(anonymous_3)
FNDA:0,(anonymous_4)
FNDA:0,(anonymous_5)
FNDA:0,(anonymous_6)
FNDA:0,(anonymous_7)
FNDA:0,(anonymous_8)
FNDA:0,(anonymous_9)
FNDA:0,(anonymous_10)
FNDA:0,(anonymous_11)
FNDA:0,(anonymous_12)
FNDA:0,(anonymous_13)
FNDA:0,(anonymous_14)
FNDA:0,(anonymous_15)
FNDA:0,(anonymous_16)
FNDA:0,(anonymous_17)
FNDA:0,(anonymous_18)
FNDA:0,(anonymous_19)
FNDA:0,(anonymous_20)
FNDA:0,(anonymous_21)
FNDA:0,(anonymous_22)
FNDA:0,(anonymous_23)
FNDA:0,(anonymous_24)
FNDA:0,(anonymous_25)
FNDA:0,(anonymous_26)
FNDA:0,(anonymous_27)
FNDA:0,(anonymous_28)
FNDA:0,(anonymous_29)
FNDA:0,(anonymous_30)
FNDA:0,(anonymous_31)
FNDA:0,(anonymous_32)
FNDA:0,(anonymous_33)
FNDA:0,(anonymous_34)
FNDA:0,(anonymous_35)
FNDA:0,(anonymous_36)
FNDA:0,(anonymous_37)
FNDA:0,(anonymous_38)
FNDA:0,(anonymous_39)
FNDA:0,(anonymous_40)
FNDA:0,(anonymous_41)
DA:36,0
DA:37,0
DA:38,0
DA:39,0
DA:40,0
DA:41,0
DA:42,0
DA:43,0
DA:44,0
DA:45,0
DA:46,0
DA:47,0
DA:48,0
DA:49,0
DA:50,0
DA:53,0
DA:54,0
DA:57,0
DA:58,0
DA:60,0
DA:62,0
DA:63,0
DA:64,0
DA:65,0
DA:69,0
DA:70,0
DA:71,0
DA:73,0
DA:74,0
DA:78,0
DA:82,0
DA:83,0
DA:92,0
DA:93,0
DA:96,0
DA:99,0
DA:100,0
DA:103,0
DA:104,0
DA:114,0
DA:115,0
DA:120,0
DA:123,0
DA:125,0
DA:126,0
DA:128,0
DA:133,0
DA:135,0
DA:138,0
DA:139,0
DA:143,0
DA:144,0
DA:145,0
DA:148,0
DA:149,0
DA:151,0
DA:152,0
DA:160,0
DA:161,0
DA:162,0
DA:164,0
DA:165,0
DA:166,0
DA:168,0
DA:172,0
DA:173,0
DA:175,0
DA:181,0
DA:184,0
DA:185,0
DA:187,0
DA:188,0
DA:190,0
DA:193,0
DA:201,0
DA:204,0
DA:205,0
DA:215,0
DA:220,0
DA:223,0
DA:224,0
DA:225,0
DA:226,0
DA:227,0
DA:230,0
DA:231,0
DA:239,0
DA:265,0
DA:271,0
DA:298,0
DA:299,0
DA:308,0
DA:309,0
DA:311,0
DA:312,0
DA:313,0
DA:325,0
DA:327,0
DA:364,0
DA:365,0
DA:366,0
DA:368,0
DA:369,0
DA:431,0
DA:466,0
LF:105
LH:0
BRDA:82,0,0,0
BRDA:92,1,0,0
BRDA:92,1,1,0
BRDA:93,2,0,0
BRDA:93,2,1,0
BRDA:96,3,0,0
BRDA:96,3,1,0
BRDA:103,4,0,0
BRDA:103,4,1,0
BRDA:103,4,2,0
BRDA:107,5,0,0
BRDA:107,5,1,0
BRDA:114,6,0,0
BRDA:114,6,1,0
BRDA:125,7,0,0
BRDA:125,7,1,0
BRDA:152,8,0,0
BRDA:152,8,1,0
BRDA:161,9,0,0
BRDA:161,9,1,0
BRDA:164,10,0,0
BRDA:164,10,1,0
BRDA:187,11,0,0
BRDA:187,11,1,0
BRDA:204,12,0,0
BRDA:204,12,1,0
BRDA:204,12,2,0
BRDA:208,13,0,0
BRDA:208,13,1,0
BRDA:224,14,0,0
BRDA:224,14,1,0
BRDA:225,15,0,0
BRDA:225,15,1,0
BRDA:226,16,0,0
BRDA:226,16,1,0
BRDA:230,17,0,0
BRDA:230,17,1,0
BRDA:243,18,0,0
BRDA:243,18,1,0
BRDA:251,19,0,0
BRDA:251,19,1,0
BRDA:269,20,0,0
BRDA:269,20,1,0
BRDA:276,21,0,0
BRDA:276,21,1,0
BRDA:285,22,0,0
BRDA:285,22,1,0
BRDA:285,22,2,0
BRDA:311,23,0,0
BRDA:311,23,1,0
BRDA:311,24,0,0
BRDA:311,24,1,0
BRDA:311,24,2,0
BRDA:311,24,3,0
BRDA:318,25,0,0
BRDA:318,25,1,0
BRDA:332,26,0,0
BRDA:332,26,1,0
BRDA:334,27,0,0
BRDA:334,27,1,0
BRDA:344,28,0,0
BRDA:344,28,1,0
BRDA:364,29,0,0
BRDA:364,29,1,0
BRDA:415,30,0,0
BRDA:415,30,1,0
BRDA:426,31,0,0
BRDA:426,31,1,0
BRDA:476,32,0,0
BRDA:476,32,1,0
BRF:70
BRH:0
end_of_record
TN:
SF:app\(tabs)\Order.tsx
FN:14,OrderScreen
FN:18,(anonymous_1)
FNF:2
FNH:0
FNDA:0,OrderScreen
FNDA:0,(anonymous_1)
DA:12,0
DA:15,0
DA:16,0
DA:17,0
DA:18,0
DA:20,0
LF:6
LH:0
BRDA:16,0,0,0
BRDA:16,0,1,0
BRDA:23,1,0,0
BRDA:23,1,1,0
BRDA:37,2,0,0
BRDA:37,2,1,0
BRDA:37,2,2,0
BRDA:37,2,3,0
BRDA:37,2,4,0
BRDA:54,3,0,0
BRDA:54,3,1,0
BRDA:59,4,0,0
BRDA:59,4,1,0
BRF:13
BRH:0
end_of_record
TN:
SF:app\(tabs)\Profile.tsx
FN:15,Profile
FN:19,(anonymous_1)
FN:32,(anonymous_2)
FN:36,(anonymous_3)
FN:43,(anonymous_4)
FN:57,(anonymous_5)
FN:58,(anonymous_6)
FN:63,(anonymous_7)
FN:68,(anonymous_8)
FN:72,(anonymous_9)
FN:77,(anonymous_10)
FN:82,(anonymous_11)
FN:83,(anonymous_12)
FN:84,(anonymous_13)
FN:85,(anonymous_14)
FN:86,(anonymous_15)
FN:88,(anonymous_16)
FN:92,(anonymous_17)
FN:118,(anonymous_18)
FN:159,(anonymous_19)
FN:171,(anonymous_20)
FN:188,(anonymous_21)
FN:200,(anonymous_22)
FNF:23
FNH:0
FNDA:0,Profile
FNDA:0,(anonymous_1)
FNDA:0,(anonymous_2)
FNDA:0,(anonymous_3)
FNDA:0,(anonymous_4)
FNDA:0,(anonymous_5)
FNDA:0,(anonymous_6)
FNDA:0,(anonymous_7)
FNDA:0,(anonymous_8)
FNDA:0,(anonymous_9)
FNDA:0,(anonymous_10)
FNDA:0,(anonymous_11)
FNDA:0,(anonymous_12)
FNDA:0,(anonymous_13)
FNDA:0,(anonymous_14)
FNDA:0,(anonymous_15)
FNDA:0,(anonymous_16)
FNDA:0,(anonymous_17)
FNDA:0,(anonymous_18)
FNDA:0,(anonymous_19)
FNDA:0,(anonymous_20)
FNDA:0,(anonymous_21)
FNDA:0,(anonymous_22)
DA:16,0
DA:17,0
DA:18,0
DA:19,0
DA:20,0
DA:21,0
DA:22,0
DA:23,0
DA:24,0
DA:25,0
DA:26,0
DA:27,0
DA:28,0
DA:29,0
DA:32,0
DA:33,0
DA:35,0
DA:37,0
DA:38,0
DA:39,0
DA:40,0
DA:41,0
DA:44,0
DA:45,0
DA:57,0
DA:58,0
DA:59,0
DA:63,0
DA:64,0
DA:65,0
DA:66,0
DA:68,0
DA:69,0
DA:70,0
DA:72,0
DA:73,0
DA:74,0
DA:75,0
DA:77,0
DA:78,0
DA:79,0
DA:82,0
DA:83,0
DA:84,0
DA:85,0
DA:86,0
DA:88,0
DA:92,0
DA:93,0
DA:94,0
DA:95,0
DA:98,0
DA:99,0
DA:100,0
DA:103,0
DA:105,0
DA:106,0
DA:118,0
DA:119,0
DA:120,0
DA:123,0
DA:126,0
DA:160,0
DA:171,0
DA:189,0
DA:200,0
LF:66
LH:0
BRDA:33,0,0,0
BRDA:33,0,1,0
BRDA:44,1,0,0
BRDA:44,1,1,0
BRDA:44,1,2,0
BRDA:48,2,0,0
BRDA:48,2,1,0
BRDA:94,3,0,0
BRDA:94,3,1,0
BRDA:101,4,0,0
BRDA:101,4,1,0
BRDA:103,5,0,0
BRDA:103,5,1,0
BRDA:105,6,0,0
BRDA:105,6,1,0
BRDA:105,6,2,0
BRDA:109,7,0,0
BRDA:109,7,1,0
BRDA:121,8,0,0
BRDA:121,8,1,0
BRDA:123,9,0,0
BRDA:123,9,1,0
BRDA:130,10,0,0
BRDA:130,10,1,0
BRDA:216,11,0,0
BRDA:216,11,1,0
BRDA:236,12,0,0
BRDA:236,12,1,0
BRDA:273,13,0,0
BRDA:273,13,1,0
BRF:30
BRH:0
end_of_record
TN:
SF:app\(tabs)\_layout.tsx
FN:12,TabLayout
FN:67,(anonymous_1)
FN:73,(anonymous_2)
FNF:3
FNH:0
FNDA:0,TabLayout
FNDA:0,(anonymous_1)
FNDA:0,(anonymous_2)
DA:13,0
DA:14,0
DA:17,0
DA:18,0
DA:25,0
DA:68,0
DA:75,0
DA:76,0
DA:78,0
LF:9
LH:0
BRDA:17,0,0,0
BRDA:17,0,1,0
BRDA:45,1,0,0
BRDA:45,1,1,0
BRDA:45,2,0,0
BRDA:45,2,1,0
BRDA:75,3,0,0
BRDA:75,3,1,0
BRF:8
BRH:0
end_of_record
TN:
SF:components\AppleSignInButton.tsx
FN:12,(anonymous_0)
FNF:1
FNH:0
FNDA:0,(anonymous_0)
DA:12,0
DA:13,0
LF:2
LH:0
BRDA:12,0,0,0
BRDA:15,1,0,0
BRDA:15,1,1,0
BRDA:16,2,0,0
BRDA:16,2,1,0
BRF:5
BRH:0
end_of_record
TN:
SF:components\FacebookSignInButton.tsx
FN:10,FacebookSignInButton
FNF:1
FNH:0
FNDA:0,FacebookSignInButton
DA:11,0
DA:26,0
LF:2
LH:0
BRDA:10,0,0,0
BRDA:13,1,0,0
BRDA:13,1,1,0
BRDA:14,2,0,0
BRDA:14,2,1,0
BRF:5
BRH:0
end_of_record
TN:
SF:components\GoogleSignInButton.tsx
FN:11,(anonymous_0)
FNF:1
FNH:0
FNDA:0,(anonymous_0)
DA:11,0
DA:12,0
LF:2
LH:0
BRF:0
BRH:0
end_of_record
TN:
SF:components\HapticTab.tsx
FN:6,HapticTab
FN:14,(anonymous_1)
FNF:2
FNH:0
FNDA:0,HapticTab
FNDA:0,(anonymous_1)
DA:7,0
DA:15,0
DA:17,0
DA:19,0
LF:4
LH:0
BRDA:15,0,0,0
BRDA:15,0,1,0
BRF:2
BRH:0
end_of_record
TN:
SF:components\HorizontalPills.tsx
FN:11,HorizontalPills
FN:14,(anonymous_1)
FN:23,(anonymous_2)
FNF:3
FNH:0
FNDA:0,HorizontalPills
FNDA:0,(anonymous_1)
FNDA:0,(anonymous_2)
DA:12,0
DA:15,0
DA:23,0
LF:3
LH:0
BRDA:21,0,0,0
BRDA:21,0,1,0
BRF:2
BRH:0
end_of_record
TN:
SF:components\MenuItemCard.tsx
FN:17,(anonymous_0)
FN:22,(anonymous_1)
FN:37,(anonymous_2)
FNF:3
FNH:0
FNDA:0,(anonymous_0)
FNDA:0,(anonymous_1)
FNDA:0,(anonymous_2)
DA:17,0
DA:18,0
DA:19,0
DA:21,0
DA:22,0
DA:38,0
DA:49,0
LF:7
LH:0
BRDA:29,0,0,0
BRDA:29,0,1,0
BRF:2
BRH:0
end_of_record
TN:
SF:components\NavBar.web.tsx
FN:16,NavBar
FN:26,(anonymous_1)
FN:30,(anonymous_2)
FN:34,(anonymous_3)
FN:39,(anonymous_4)
FN:44,(anonymous_5)
FN:74,(anonymous_6)
FN:79,(anonymous_7)
FN:82,(anonymous_8)
FN:94,(anonymous_9)
FN:106,(anonymous_10)
FN:112,(anonymous_11)
FN:115,(anonymous_12)
FN:126,(anonymous_13)
FN:136,(anonymous_14)
FN:141,(anonymous_15)
FN:146,(anonymous_16)
FN:149,(anonymous_17)
FN:159,(anonymous_18)
FN:164,(anonymous_19)
FN:167,(anonymous_20)
FNF:21
FNH:0
FNDA:0,NavBar
FNDA:0,(anonymous_1)
FNDA:0,(anonymous_2)
FNDA:0,(anonymous_3)
FNDA:0,(anonymous_4)
FNDA:0,(anonymous_5)
FNDA:0,(anonymous_6)
FNDA:0,(anonymous_7)
FNDA:0,(anonymous_8)
FNDA:0,(anonymous_9)
FNDA:0,(anonymous_10)
FNDA:0,(anonymous_11)
FNDA:0,(anonymous_12)
FNDA:0,(anonymous_13)
FNDA:0,(anonymous_14)
FNDA:0,(anonymous_15)
FNDA:0,(anonymous_16)
FNDA:0,(anonymous_17)
FNDA:0,(anonymous_18)
FNDA:0,(anonymous_19)
FNDA:0,(anonymous_20)
DA:17,0
DA:18,0
DA:19,0
DA:20,0
DA:21,0
DA:22,0
DA:24,0
DA:26,0
DA:27,0
DA:30,0
DA:31,0
DA:34,0
DA:35,0
DA:36,0
DA:39,0
DA:40,0
DA:41,0
DA:44,0
DA:45,0
DA:49,0
DA:50,0
DA:51,0
DA:52,0
DA:62,0
DA:63,0
DA:74,0
DA:75,0
DA:79,0
DA:80,0
DA:82,0
DA:91,0
DA:94,0
DA:106,0
DA:112,0
DA:115,0
DA:126,0
DA:136,0
DA:141,0
DA:147,0
DA:149,0
DA:159,0
DA:164,0
DA:167,0
LF:43
LH:0
BRDA:24,0,0,0
BRDA:24,0,1,0
BRDA:27,1,0,0
BRDA:27,1,1,0
BRDA:31,2,0,0
BRDA:31,2,1,0
BRDA:36,3,0,0
BRDA:36,3,1,0
BRDA:45,4,0,0
BRDA:45,4,1,0
BRDA:45,5,0,0
BRDA:45,5,1,0
BRDA:65,6,0,0
BRDA:65,6,1,0
BRDA:75,7,0,0
BRDA:75,7,1,0
BRDA:75,7,2,0
BRDA:79,8,0,0
BRDA:79,8,1,0
BRDA:79,8,2,0
BRDA:83,9,0,0
BRDA:83,9,1,0
BRDA:85,10,0,0
BRDA:85,10,1,0
BRDA:100,11,0,0
BRDA:100,11,1,0
BRDA:104,12,0,0
BRDA:104,12,1,0
BRDA:125,13,0,0
BRDA:125,13,1,0
BRDA:127,14,0,0
BRDA:127,14,1,0
BRDA:133,15,0,0
BRDA:133,15,1,0
BRDA:146,16,0,0
BRDA:146,16,1,0
BRDA:146,16,2,0
BRDA:150,17,0,0
BRDA:150,17,1,0
BRDA:152,18,0,0
BRDA:152,18,1,0
BRDA:158,19,0,0
BRDA:158,19,1,0
BRF:43
BRH:0
end_of_record
TN:
SF:components\OrderCard.tsx
FN:24,(anonymous_0)
FN:35,(anonymous_1)
FN:50,(anonymous_2)
FN:65,(anonymous_3)
FN:78,(anonymous_4)
FN:107,(anonymous_5)
FNF:6
FNH:0
FNDA:0,(anonymous_0)
FNDA:0,(anonymous_1)
FNDA:0,(anonymous_2)
FNDA:0,(anonymous_3)
FNDA:0,(anonymous_4)
FNDA:0,(anonymous_5)
DA:24,0
DA:35,0
DA:36,0
DA:38,0
DA:40,0
DA:42,0
DA:44,0
DA:46,0
DA:50,0
DA:51,0
DA:53,0
DA:55,0
DA:57,0
DA:59,0
DA:61,0
DA:65,0
DA:66,0
DA:68,0
DA:70,0
DA:72,0
DA:78,0
DA:79,0
DA:81,0
DA:108,0
DA:135,0
LF:25
LH:0
BRDA:36,0,0,0
BRDA:36,0,1,0
BRDA:36,0,2,0
BRDA:36,0,3,0
BRDA:36,0,4,0
BRDA:51,1,0,0
BRDA:51,1,1,0
BRDA:51,1,2,0
BRDA:51,1,3,0
BRDA:51,1,4,0
BRDA:66,2,0,0
BRDA:66,2,1,0
BRDA:66,2,2,0
BRDA:115,3,0,0
BRDA:115,3,1,0
BRDA:126,4,0,0
BRDA:126,4,1,0
BRF:17
BRH:0
end_of_record
TN:
SF:components\OrderCardKitchen.tsx
FN:36,(anonymous_0)
FN:52,(anonymous_1)
FN:67,(anonymous_2)
FN:82,(anonymous_3)
FN:84,(anonymous_4)
FN:86,(anonymous_5)
FN:98,(anonymous_6)
FN:111,(anonymous_7)
FN:114,(anonymous_8)
FN:125,(anonymous_9)
FN:137,(anonymous_10)
FN:138,(anonymous_11)
FN:150,(anonymous_12)
FN:202,(anonymous_13)
FN:215,(anonymous_14)
FN:229,(anonymous_15)
FN:237,(anonymous_16)
FN:253,(anonymous_17)
FN:264,(anonymous_18)
FN:270,(anonymous_19)
FNF:20
FNH:0
FNDA:0,(anonymous_0)
FNDA:0,(anonymous_1)
FNDA:0,(anonymous_2)
FNDA:0,(anonymous_3)
FNDA:0,(anonymous_4)
FNDA:0,(anonymous_5)
FNDA:0,(anonymous_6)
FNDA:0,(anonymous_7)
FNDA:0,(anonymous_8)
FNDA:0,(anonymous_9)
FNDA:0,(anonymous_10)
FNDA:0,(anonymous_11)
FNDA:0,(anonymous_12)
FNDA:0,(anonymous_13)
FNDA:0,(anonymous_14)
FNDA:0,(anonymous_15)
FNDA:0,(anonymous_16)
FNDA:0,(anonymous_17)
FNDA:0,(anonymous_18)
FNDA:0,(anonymous_19)
DA:36,0
DA:50,0
DA:52,0
DA:53,0
DA:55,0
DA:57,0
DA:59,0
DA:61,0
DA:63,0
DA:67,0
DA:68,0
DA:70,0
DA:72,0
DA:74,0
DA:76,0
DA:78,0
DA:82,0
DA:84,0
DA:85,0
DA:87,0
DA:88,0
DA:90,0
DA:99,0
DA:100,0
DA:111,0
DA:112,0
DA:114,0
DA:115,0
DA:116,0
DA:117,0
DA:126,0
DA:127,0
DA:137,0
DA:138,0
DA:139,0
DA:140,0
DA:142,0
DA:151,0
DA:152,0
DA:163,0
DA:164,0
DA:165,0
DA:203,0
DA:215,0
DA:229,0
DA:237,0
DA:253,0
DA:264,0
DA:270,0
LF:49
LH:0
BRDA:53,0,0,0
BRDA:53,0,1,0
BRDA:53,0,2,0
BRDA:53,0,3,0
BRDA:53,0,4,0
BRDA:68,1,0,0
BRDA:68,1,1,0
BRDA:68,1,2,0
BRDA:68,1,3,0
BRDA:68,1,4,0
BRDA:87,2,0,0
BRDA:87,2,1,0
BRDA:99,3,0,0
BRDA:99,3,1,0
BRDA:99,3,2,0
BRDA:103,4,0,0
BRDA:103,4,1,0
BRDA:115,5,0,0
BRDA:115,5,1,0
BRDA:126,6,0,0
BRDA:126,6,1,0
BRDA:126,6,2,0
BRDA:130,7,0,0
BRDA:130,7,1,0
BRDA:139,8,0,0
BRDA:139,8,1,0
BRDA:151,9,0,0
BRDA:151,9,1,0
BRDA:151,9,2,0
BRDA:155,10,0,0
BRDA:155,10,1,0
BRDA:171,11,0,0
BRDA:171,11,1,0
BRDA:218,12,0,0
BRDA:218,12,1,0
BRDA:220,13,0,0
BRDA:220,13,1,0
BRDA:223,14,0,0
BRDA:223,14,1,0
BRDA:227,15,0,0
BRDA:227,15,1,0
BRF:41
BRH:0
end_of_record
TN:
SF:components\OrderDetailsCard.tsx
FN:21,(anonymous_0)
FN:22,(anonymous_1)
FN:52,(anonymous_2)
FNF:3
FNH:0
FNDA:0,(anonymous_0)
FNDA:0,(anonymous_1)
FNDA:0,(anonymous_2)
DA:21,0
DA:22,0
DA:23,0
DA:25,0
DA:27,0
DA:30,0
DA:32,0
DA:34,0
DA:36,0
DA:40,0
DA:53,0
LF:11
LH:0
BRDA:23,0,0,0
BRDA:23,0,1,0
BRDA:23,0,2,0
BRDA:23,0,3,0
BRDA:23,0,4,0
BRDA:23,0,5,0
BRDA:23,0,6,0
BRF:7
BRH:0
end_of_record
TN:
SF:components\OrderHistoryCard.tsx
FN:32,(anonymous_0)
FN:122,(anonymous_1)
FNF:2
FNH:0
FNDA:0,(anonymous_0)
FNDA:0,(anonymous_1)
DA:32,0
DA:47,0
DA:123,0
LF:3
LH:0
BRDA:64,0,0,0
BRDA:64,0,1,0
BRDA:65,1,0,0
BRDA:65,1,1,0
BRDA:66,2,0,0
BRDA:66,2,1,0
BRDA:77,3,0,0
BRDA:77,3,1,0
BRDA:86,4,0,0
BRDA:86,4,1,0
BRDA:86,4,2,0
BRDA:97,5,0,0
BRDA:97,5,1,0
BRDA:97,5,2,0
BRDA:113,6,0,0
BRDA:113,6,1,0
BRDA:120,7,0,0
BRDA:120,7,1,0
BRDA:120,8,0,0
BRDA:120,8,1,0
BRDA:140,9,0,0
BRDA:140,9,1,0
BRDA:142,10,0,0
BRDA:142,10,1,0
BRF:24
BRH:0
end_of_record
TN:
SF:components\StripeWrapper.tsx
FN:8,StripeWrapper
FN:9,(anonymous_1)
FN:12,(anonymous_2)
FN:13,(anonymous_3)
FNF:4
FNH:0
FNDA:0,StripeWrapper
FNDA:0,(anonymous_1)
FNDA:0,(anonymous_2)
FNDA:0,(anonymous_3)
DA:9,0
DA:10,0
DA:12,0
DA:13,0
DA:14,0
DA:15,0
DA:16,0
DA:18,0
DA:19,0
DA:29,0
DA:32,0
DA:33,0
DA:40,0
LF:13
LH:0
BRDA:18,0,0,0
BRDA:18,0,1,0
BRDA:18,0,2,0
BRDA:22,1,0,0
BRDA:22,1,1,0
BRDA:32,2,0,0
BRDA:32,2,1,0
BRF:7
BRH:0
end_of_record
TN:
SF:components\StripeWrapper.web.tsx
FN:5,StripeWrapper
FNF:1
FNH:0
FNDA:0,StripeWrapper
DA:6,0
LF:1
LH:0
BRF:0
BRH:0
end_of_record
TN:
SF:components\ThemedText.tsx
FN:11,ThemedText
FNF:1
FNH:0
FNDA:0,ThemedText
DA:18,0
DA:20,0
DA:36,0
LF:3
LH:0
BRDA:15,0,0,0
BRDA:24,1,0,0
BRDA:24,1,1,0
BRDA:25,2,0,0
BRDA:25,2,1,0
BRDA:26,3,0,0
BRDA:26,3,1,0
BRDA:27,4,0,0
BRDA:27,4,1,0
BRDA:28,5,0,0
BRDA:28,5,1,0
BRF:11
BRH:0
end_of_record
TN:
SF:components\ThemedView.tsx
FN:10,ThemedView
FNF:1
FNH:0
FNDA:0,ThemedView
DA:11,0
DA:13,0
LF:2
LH:0
BRF:0
BRH:0
end_of_record
TN:
SF:components\ViewSwitcher.tsx
FN:29,(anonymous_0)
FN:32,(anonymous_1)
FN:49,(anonymous_2)
FN:58,(anonymous_3)
FN:92,(anonymous_4)
FN:102,(anonymous_5)
FNF:6
FNH:0
FNDA:0,(anonymous_0)
FNDA:0,(anonymous_1)
FNDA:0,(anonymous_2)
FNDA:0,(anonymous_3)
FNDA:0,(anonymous_4)
FNDA:0,(anonymous_5)
DA:29,0
DA:43,0
DA:44,0
DA:46,0
DA:47,0
DA:49,0
DA:50,0
DA:58,0
DA:59,0
DA:60,0
DA:61,0
DA:65,0
DA:93,0
DA:102,0
LF:14
LH:0
BRDA:31,0,0,0
BRDA:32,1,0,0
BRDA:33,2,0,0
BRDA:34,3,0,0
BRDA:35,4,0,0
BRDA:36,5,0,0
BRDA:37,6,0,0
BRDA:38,7,0,0
BRDA:39,8,0,0
BRDA:59,9,0,0
BRDA:59,9,1,0
BRDA:110,10,0,0
BRDA:110,10,1,0
BRDA:111,11,0,0
BRDA:111,11,1,0
BRF:15
BRH:0
end_of_record
TN:
SF:components\ui\AdminAnalytics.tsx
FN:10,(anonymous_0)
FN:13,(anonymous_1)
FN:15,(anonymous_2)
FN:18,(anonymous_3)
FN:26,AdminAnalytics
FN:119,(anonymous_5)
FN:124,(anonymous_6)
FN:148,(anonymous_7)
FN:156,(anonymous_8)
FN:188,(anonymous_9)
FN:202,(anonymous_10)
FN:207,(anonymous_11)
FN:213,(anonymous_12)
FN:227,(anonymous_13)
FN:243,(anonymous_14)
FN:269,(anonymous_15)
FN:274,(anonymous_16)
FN:288,(anonymous_17)
FN:302,(anonymous_18)
FN:304,(anonymous_19)
FN:307,(anonymous_20)
FN:322,(anonymous_21)
FN:338,(anonymous_22)
FN:343,(anonymous_23)
FN:353,(anonymous_24)
FN:360,(anonymous_25)
FN:371,(anonymous_26)
FN:377,(anonymous_27)
FN:383,(anonymous_28)
FN:568,(anonymous_29)
FN:613,(anonymous_30)
FN:675,(anonymous_31)
FN:748,(anonymous_32)
FN:821,(anonymous_33)
FN:905,(anonymous_34)
FN:909,(anonymous_35)
FNF:36
FNH:0
FNDA:0,(anonymous_0)
FNDA:0,(anonymous_1)
FNDA:0,(anonymous_2)
FNDA:0,(anonymous_3)
FNDA:0,AdminAnalytics
FNDA:0,(anonymous_5)
FNDA:0,(anonymous_6)
FNDA:0,(anonymous_7)
FNDA:0,(anonymous_8)
FNDA:0,(anonymous_9)
FNDA:0,(anonymous_10)
FNDA:0,(anonymous_11)
FNDA:0,(anonymous_12)
FNDA:0,(anonymous_13)
FNDA:0,(anonymous_14)
FNDA:0,(anonymous_15)
FNDA:0,(anonymous_16)
FNDA:0,(anonymous_17)
FNDA:0,(anonymous_18)
FNDA:0,(anonymous_19)
FNDA:0,(anonymous_20)
FNDA:0,(anonymous_21)
FNDA:0,(anonymous_22)
FNDA:0,(anonymous_23)
FNDA:0,(anonymous_24)
FNDA:0,(anonymous_25)
FNDA:0,(anonymous_26)
FNDA:0,(anonymous_27)
FNDA:0,(anonymous_28)
FNDA:0,(anonymous_29)
FNDA:0,(anonymous_30)
FNDA:0,(anonymous_31)
FNDA:0,(anonymous_32)
FNDA:0,(anonymous_33)
FNDA:0,(anonymous_34)
FNDA:0,(anonymous_35)
DA:10,0
DA:13,0
DA:14,0
DA:15,0
DA:18,0
DA:19,0
DA:22,0
DA:119,0
DA:120,0
DA:121,0
DA:122,0
DA:124,0
DA:125,0
DA:127,0
DA:128,0
DA:129,0
DA:130,0
DA:131,0
DA:133,0
DA:134,0
DA:135,0
DA:139,0
DA:140,0
DA:142,0
DA:143,0
DA:144,0
DA:145,0
DA:148,0
DA:149,0
DA:153,0
DA:155,0
DA:159,0
DA:163,0
DA:164,0
DA:165,0
DA:170,0
DA:171,0
DA:172,0
DA:174,0
DA:175,0
DA:179,0
DA:180,0
DA:181,0
DA:185,0
DA:186,0
DA:189,0
DA:190,0
DA:198,0
DA:202,0
DA:203,0
DA:204,0
DA:206,0
DA:209,0
DA:210,0
DA:211,0
DA:214,0
DA:215,0
DA:223,0
DA:227,0
DA:240,0
DA:243,0
DA:244,0
DA:246,0
DA:248,0
DA:249,0
DA:252,0
DA:253,0
DA:256,0
DA:257,0
DA:259,0
DA:260,0
DA:263,0
DA:264,0
DA:265,0
DA:268,0
DA:270,0
DA:271,0
DA:272,0
DA:275,0
DA:276,0
DA:284,0
DA:288,0
DA:299,0
DA:302,0
DA:303,0
DA:305,0
DA:308,0
DA:309,0
DA:317,0
DA:322,0
DA:323,0
DA:324,0
DA:332,0
DA:337,0
DA:338,0
DA:343,0
DA:344,0
DA:345,0
DA:346,0
DA:347,0
DA:348,0
DA:353,0
DA:354,0
DA:355,0
DA:356,0
DA:360,0
DA:361,0
DA:366,0
DA:371,0
DA:377,0
DA:383,0
DA:569,0
DA:614,0
DA:676,0
DA:749,0
DA:822,0
DA:906,0
DA:909,0
LF:118
LH:0
BRDA:153,0,0,0
BRDA:153,0,1,0
BRDA:159,1,0,0
BRDA:159,1,1,0
BRDA:159,2,0,0
BRDA:159,2,1,0
BRDA:159,3,0,0
BRDA:159,3,1,0
BRDA:163,4,0,0
BRDA:163,4,1,0
BRDA:163,5,0,0
BRDA:163,5,1,0
BRDA:163,5,2,0
BRDA:163,5,3,0
BRDA:164,6,0,0
BRDA:164,6,1,0
BRDA:165,7,0,0
BRDA:165,7,1,0
BRDA:170,8,0,0
BRDA:170,8,1,0
BRDA:171,9,0,0
BRDA:171,9,1,0
BRDA:171,10,0,0
BRDA:171,10,1,0
BRDA:171,10,2,0
BRDA:171,10,3,0
BRDA:174,11,0,0
BRDA:174,11,1,0
BRDA:174,12,0,0
BRDA:174,12,1,0
BRDA:174,12,2,0
BRDA:174,12,3,0
BRDA:174,13,0,0
BRDA:174,13,1,0
BRDA:179,14,0,0
BRDA:179,14,1,0
BRDA:180,15,0,0
BRDA:180,15,1,0
BRDA:180,16,0,0
BRDA:180,16,1,0
BRDA:189,17,0,0
BRDA:189,17,1,0
BRDA:189,17,2,0
BRDA:193,18,0,0
BRDA:193,18,1,0
BRDA:202,19,0,0
BRDA:204,20,0,0
BRDA:204,20,1,0
BRDA:209,21,0,0
BRDA:209,21,1,0
BRDA:209,22,0,0
BRDA:209,22,1,0
BRDA:210,23,0,0
BRDA:210,23,1,0
BRDA:214,24,0,0
BRDA:214,24,1,0
BRDA:214,24,2,0
BRDA:218,25,0,0
BRDA:218,25,1,0
BRDA:243,26,0,0
BRDA:246,27,0,0
BRDA:246,27,1,0
BRDA:246,28,0,0
BRDA:246,28,1,0
BRDA:275,29,0,0
BRDA:275,29,1,0
BRDA:275,29,2,0
BRDA:279,30,0,0
BRDA:279,30,1,0
BRDA:288,31,0,0
BRDA:308,32,0,0
BRDA:308,32,1,0
BRDA:308,32,2,0
BRDA:312,33,0,0
BRDA:312,33,1,0
BRDA:344,34,0,0
BRDA:344,34,1,0
BRDA:344,34,2,0
BRDA:344,34,3,0
BRDA:354,35,0,0
BRDA:354,35,1,0
BRDA:370,36,0,0
BRDA:370,36,1,0
BRDA:373,37,0,0
BRDA:373,37,1,0
BRDA:376,38,0,0
BRDA:376,38,1,0
BRDA:379,39,0,0
BRDA:379,39,1,0
BRDA:382,40,0,0
BRDA:382,40,1,0
BRDA:385,41,0,0
BRDA:385,41,1,0
BRDA:390,42,0,0
BRDA:390,42,1,0
BRDA:391,43,0,0
BRDA:391,43,1,0
BRDA:392,44,0,0
BRDA:392,44,1,0
BRDA:394,45,0,0
BRDA:394,45,1,0
BRDA:395,46,0,0
BRDA:395,46,1,0
BRDA:396,47,0,0
BRDA:396,47,1,0
BRDA:403,48,0,0
BRDA:403,48,1,0
BRDA:409,49,0,0
BRDA:409,49,1,0
BRDA:410,50,0,0
BRDA:410,50,1,0
BRDA:411,51,0,0
BRDA:411,51,1,0
BRDA:414,52,0,0
BRDA:414,52,1,0
BRDA:415,53,0,0
BRDA:415,53,1,0
BRDA:415,54,0,0
BRDA:415,54,1,0
BRDA:423,55,0,0
BRDA:423,55,1,0
BRDA:429,56,0,0
BRDA:429,56,1,0
BRDA:430,57,0,0
BRDA:430,57,1,0
BRDA:431,58,0,0
BRDA:431,58,1,0
BRDA:434,59,0,0
BRDA:434,59,1,0
BRDA:435,60,0,0
BRDA:435,60,1,0
BRDA:435,61,0,0
BRDA:435,61,1,0
BRDA:446,62,0,0
BRDA:446,62,1,0
BRDA:452,63,0,0
BRDA:452,63,1,0
BRDA:453,64,0,0
BRDA:453,64,1,0
BRDA:454,65,0,0
BRDA:454,65,1,0
BRDA:457,66,0,0
BRDA:457,66,1,0
BRDA:458,67,0,0
BRDA:458,67,1,0
BRDA:458,68,0,0
BRDA:458,68,1,0
BRDA:466,69,0,0
BRDA:466,69,1,0
BRDA:469,70,0,0
BRDA:469,70,1,0
BRDA:475,71,0,0
BRDA:475,71,1,0
BRDA:476,72,0,0
BRDA:476,72,1,0
BRDA:477,73,0,0
BRDA:477,73,1,0
BRDA:480,74,0,0
BRDA:480,74,1,0
BRDA:481,75,0,0
BRDA:481,75,1,0
BRDA:481,76,0,0
BRDA:481,76,1,0
BRDA:482,77,0,0
BRDA:482,77,1,0
BRDA:483,78,0,0
BRDA:483,78,1,0
BRDA:483,79,0,0
BRDA:483,79,1,0
BRDA:491,80,0,0
BRDA:491,80,1,0
BRDA:492,81,0,0
BRDA:492,81,1,0
BRDA:493,82,0,0
BRDA:493,82,1,0
BRDA:495,83,0,0
BRDA:495,83,1,0
BRDA:496,84,0,0
BRDA:496,84,1,0
BRDA:497,85,0,0
BRDA:497,85,1,0
BRDA:504,86,0,0
BRDA:504,86,1,0
BRDA:511,87,0,0
BRDA:511,87,1,0
BRDA:512,88,0,0
BRDA:512,88,1,0
BRDA:520,89,0,0
BRDA:520,89,1,0
BRDA:528,90,0,0
BRDA:528,90,1,0
BRDA:529,91,0,0
BRDA:529,91,1,0
BRDA:530,92,0,0
BRDA:530,92,1,0
BRDA:533,93,0,0
BRDA:533,93,1,0
BRDA:534,94,0,0
BRDA:534,94,1,0
BRDA:534,95,0,0
BRDA:534,95,1,0
BRDA:543,96,0,0
BRDA:543,96,1,0
BRDA:544,97,0,0
BRDA:544,97,1,0
BRDA:545,98,0,0
BRDA:545,98,1,0
BRDA:554,99,0,0
BRDA:554,99,1,0
BRDA:555,100,0,0
BRDA:555,100,1,0
BRDA:556,101,0,0
BRDA:556,101,1,0
BRDA:566,102,0,0
BRDA:566,102,1,0
BRDA:566,103,0,0
BRDA:566,103,1,0
BRDA:570,104,0,0
BRDA:570,104,1,0
BRDA:572,105,0,0
BRDA:572,105,1,0
BRDA:573,106,0,0
BRDA:573,106,1,0
BRDA:576,107,0,0
BRDA:576,107,1,0
BRDA:599,108,0,0
BRDA:599,108,1,0
BRDA:600,109,0,0
BRDA:600,109,1,0
BRDA:601,110,0,0
BRDA:601,110,1,0
BRDA:611,111,0,0
BRDA:611,111,1,0
BRDA:611,112,0,0
BRDA:611,112,1,0
BRDA:615,113,0,0
BRDA:615,113,1,0
BRDA:617,114,0,0
BRDA:617,114,1,0
BRDA:618,115,0,0
BRDA:618,115,1,0
BRDA:621,116,0,0
BRDA:621,116,1,0
BRDA:640,117,0,0
BRDA:640,117,1,0
BRDA:641,118,0,0
BRDA:641,118,1,0
BRDA:642,119,0,0
BRDA:642,119,1,0
BRDA:644,120,0,0
BRDA:644,120,1,0
BRDA:645,121,0,0
BRDA:645,121,1,0
BRDA:646,122,0,0
BRDA:646,122,1,0
BRDA:654,123,0,0
BRDA:654,123,1,0
BRDA:655,124,0,0
BRDA:655,124,1,0
BRDA:656,125,0,0
BRDA:656,125,1,0
BRDA:658,126,0,0
BRDA:658,126,1,0
BRDA:659,127,0,0
BRDA:659,127,1,0
BRDA:660,128,0,0
BRDA:660,128,1,0
BRDA:663,129,0,0
BRDA:663,129,1,0
BRDA:665,130,0,0
BRDA:665,130,1,0
BRDA:666,131,0,0
BRDA:666,131,1,0
BRDA:667,132,0,0
BRDA:667,132,1,0
BRDA:672,133,0,0
BRDA:672,133,1,0
BRDA:672,134,0,0
BRDA:672,134,1,0
BRDA:674,135,0,0
BRDA:674,135,1,0
BRDA:674,136,0,0
BRDA:674,136,1,0
BRDA:678,137,0,0
BRDA:678,137,1,0
BRDA:680,138,0,0
BRDA:680,138,1,0
BRDA:682,139,0,0
BRDA:682,139,1,0
BRDA:683,140,0,0
BRDA:683,140,1,0
BRDA:708,141,0,0
BRDA:708,141,1,0
BRDA:708,142,0,0
BRDA:708,142,1,0
BRDA:745,143,0,0
BRDA:745,143,1,0
BRDA:745,144,0,0
BRDA:745,144,1,0
BRDA:747,145,0,0
BRDA:747,145,1,0
BRDA:747,146,0,0
BRDA:747,146,1,0
BRDA:751,147,0,0
BRDA:751,147,1,0
BRDA:753,148,0,0
BRDA:753,148,1,0
BRDA:755,149,0,0
BRDA:755,149,1,0
BRDA:756,150,0,0
BRDA:756,150,1,0
BRDA:781,151,0,0
BRDA:781,151,1,0
BRDA:781,152,0,0
BRDA:781,152,1,0
BRDA:799,153,0,0
BRDA:799,153,1,0
BRDA:818,154,0,0
BRDA:818,154,1,0
BRDA:818,155,0,0
BRDA:818,155,1,0
BRDA:820,156,0,0
BRDA:820,156,1,0
BRDA:820,157,0,0
BRDA:820,157,1,0
BRDA:824,158,0,0
BRDA:824,158,1,0
BRDA:826,159,0,0
BRDA:826,159,1,0
BRDA:828,160,0,0
BRDA:828,160,1,0
BRDA:829,161,0,0
BRDA:829,161,1,0
BRDA:854,162,0,0
BRDA:854,162,1,0
BRDA:854,163,0,0
BRDA:854,163,1,0
BRDA:903,164,0,0
BRDA:903,164,1,0
BRDA:903,165,0,0
BRDA:903,165,1,0
BRDA:912,166,0,0
BRDA:912,166,1,0
BRDA:915,167,0,0
BRDA:915,167,1,0
BRDA:918,168,0,0
BRDA:918,168,1,0
BRF:347
BRH:0
end_of_record
TN:
SF:components\ui\AdminMembers.tsx
FN:23,AdminMembers
FN:26,(anonymous_1)
FN:42,(anonymous_2)
FN:46,(anonymous_3)
FN:47,(anonymous_4)
FN:52,(anonymous_5)
FN:55,(anonymous_6)
FN:67,(anonymous_7)
FN:89,(anonymous_8)
FN:92,(anonymous_9)
FN:104,(anonymous_10)
FN:114,(anonymous_11)
FN:117,(anonymous_12)
FN:129,(anonymous_13)
FN:154,(anonymous_14)
FN:158,(anonymous_15)
FN:170,(anonymous_16)
FN:181,(anonymous_17)
FN:189,(anonymous_18)
FN:195,(anonymous_19)
FN:198,(anonymous_20)
FN:205,(anonymous_21)
FN:217,(anonymous_22)
FN:220,(anonymous_23)
FN:223,(anonymous_24)
FN:257,(anonymous_25)
FN:276,(anonymous_26)
FN:288,(anonymous_27)
FN:308,(anonymous_28)
FN:312,(anonymous_29)
FN:359,(anonymous_30)
FN:361,(anonymous_31)
FN:365,(anonymous_32)
FNF:33
FNH:0
FNDA:0,AdminMembers
FNDA:0,(anonymous_1)
FNDA:0,(anonymous_2)
FNDA:0,(anonymous_3)
FNDA:0,(anonymous_4)
FNDA:0,(anonymous_5)
FNDA:0,(anonymous_6)
FNDA:0,(anonymous_7)
FNDA:0,(anonymous_8)
FNDA:0,(anonymous_9)
FNDA:0,(anonymous_10)
FNDA:0,(anonymous_11)
FNDA:0,(anonymous_12)
FNDA:0,(anonymous_13)
FNDA:0,(anonymous_14)
FNDA:0,(anonymous_15)
FNDA:0,(anonymous_16)
FNDA:0,(anonymous_17)
FNDA:0,(anonymous_18)
FNDA:0,(anonymous_19)
FNDA:0,(anonymous_20)
FNDA:0,(anonymous_21)
FNDA:0,(anonymous_22)
FNDA:0,(anonymous_23)
FNDA:0,(anonymous_24)
FNDA:0,(anonymous_25)
FNDA:0,(anonymous_26)
FNDA:0,(anonymous_27)
FNDA:0,(anonymous_28)
FNDA:0,(anonymous_29)
FNDA:0,(anonymous_30)
FNDA:0,(anonymous_31)
FNDA:0,(anonymous_32)
DA:24,0
DA:25,0
DA:26,0
DA:28,0
DA:29,0
DA:30,0
DA:31,0
DA:34,0
DA:35,0
DA:36,0
DA:37,0
DA:38,0
DA:39,0
DA:40,0
DA:42,0
DA:43,0
DA:45,0
DA:46,0
DA:47,0
DA:49,0
DA:52,0
DA:53,0
DA:55,0
DA:56,0
DA:57,0
DA:58,0
DA:59,0
DA:62,0
DA:64,0
DA:68,0
DA:69,0
DA:77,0
DA:78,0
DA:81,0
DA:83,0
DA:84,0
DA:86,0
DA:89,0
DA:90,0
DA:93,0
DA:94,0
DA:102,0
DA:105,0
DA:108,0
DA:111,0
DA:114,0
DA:115,0
DA:117,0
DA:118,0
DA:119,0
DA:120,0
DA:121,0
DA:124,0
DA:126,0
DA:130,0
DA:131,0
DA:139,0
DA:140,0
DA:143,0
DA:145,0
DA:146,0
DA:148,0
DA:151,0
DA:152,0
DA:154,0
DA:156,0
DA:159,0
DA:160,0
DA:168,0
DA:171,0
DA:174,0
DA:177,0
DA:181,0
DA:182,0
DA:184,0
DA:185,0
DA:186,0
DA:189,0
DA:190,0
DA:195,0
DA:196,0
DA:197,0
DA:198,0
DA:199,0
DA:204,0
DA:206,0
DA:211,0
DA:217,0
DA:221,0
DA:224,0
DA:225,0
DA:226,0
DA:258,0
DA:259,0
DA:260,0
DA:263,0
DA:264,0
DA:265,0
DA:267,0
DA:268,0
DA:277,0
DA:279,0
DA:280,0
DA:281,0
DA:282,0
DA:285,0
DA:289,0
DA:309,0
DA:313,0
DA:360,0
DA:362,0
DA:366,0
LF:112
LH:0
BRDA:43,0,0,0
BRDA:43,0,1,0
BRDA:45,1,0,0
BRDA:45,1,1,0
BRDA:52,2,0,0
BRDA:53,3,0,0
BRDA:53,3,1,0
BRDA:56,4,0,0
BRDA:56,4,1,0
BRDA:56,5,0,0
BRDA:56,5,1,0
BRDA:56,5,2,0
BRDA:56,5,3,0
BRDA:68,6,0,0
BRDA:68,6,1,0
BRDA:83,7,0,0
BRDA:83,7,1,0
BRDA:93,8,0,0
BRDA:93,8,1,0
BRDA:93,8,2,0
BRDA:97,9,0,0
BRDA:97,9,1,0
BRDA:114,10,0,0
BRDA:115,11,0,0
BRDA:115,11,1,0
BRDA:118,12,0,0
BRDA:118,12,1,0
BRDA:118,13,0,0
BRDA:118,13,1,0
BRDA:118,13,2,0
BRDA:118,13,3,0
BRDA:130,14,0,0
BRDA:130,14,1,0
BRDA:143,15,0,0
BRDA:143,15,1,0
BRDA:145,16,0,0
BRDA:145,16,1,0
BRDA:151,17,0,0
BRDA:151,17,1,0
BRDA:154,18,0,0
BRDA:154,18,1,0
BRDA:159,19,0,0
BRDA:159,19,1,0
BRDA:159,19,2,0
BRDA:163,20,0,0
BRDA:163,20,1,0
BRDA:184,21,0,0
BRDA:184,21,1,0
BRDA:196,22,0,0
BRDA:196,22,1,0
BRDA:196,23,0,0
BRDA:196,23,1,0
BRDA:199,24,0,0
BRDA:199,24,1,0
BRDA:204,25,0,0
BRDA:204,25,1,0
BRDA:204,26,0,0
BRDA:204,26,1,0
BRDA:214,27,0,0
BRDA:214,27,1,0
BRDA:214,27,2,0
BRDA:219,28,0,0
BRDA:219,28,1,0
BRDA:263,29,0,0
BRDA:263,29,1,0
BRDA:264,30,0,0
BRDA:264,30,1,0
BRDA:267,31,0,0
BRDA:267,31,1,0
BRDA:303,32,0,0
BRDA:303,32,1,0
BRDA:307,33,0,0
BRDA:307,33,1,0
BRDA:330,34,0,0
BRDA:330,34,1,0
BRDA:354,35,0,0
BRDA:354,35,1,0
BRDA:358,36,0,0
BRDA:358,36,1,0
BRDA:358,37,0,0
BRDA:358,37,1,0
BRDA:383,38,0,0
BRDA:383,38,1,0
BRF:83
BRH:0
end_of_record
TN:
SF:components\ui\AdminMenu.tsx
FN:21,AdminMenu
FN:26,(anonymous_1)
FN:28,(anonymous_2)
FN:52,(anonymous_3)
FNF:4
FNH:0
FNDA:0,AdminMenu
FNDA:0,(anonymous_1)
FNDA:0,(anonymous_2)
FNDA:0,(anonymous_3)
DA:22,0
DA:27,0
DA:29,0
DA:53,0
LF:4
LH:0
BRDA:24,0,0,0
BRDA:24,0,1,0
BRDA:24,1,0,0
BRDA:24,1,1,0
BRDA:31,2,0,0
BRDA:31,2,1,0
BRDA:44,3,0,0
BRDA:44,3,1,0
BRDA:44,3,2,0
BRDA:46,4,0,0
BRDA:46,4,1,0
BRF:11
BRH:0
end_of_record
TN:
SF:components\ui\AdminOrderHistory.tsx
FN:55,AdminOrderHistory
FN:57,(anonymous_1)
FN:64,(anonymous_2)
FN:81,(anonymous_3)
FN:99,(anonymous_4)
FN:106,(anonymous_5)
FN:107,(anonymous_6)
FN:108,(anonymous_7)
FN:119,(anonymous_8)
FN:130,(anonymous_9)
FN:141,(anonymous_10)
FN:159,(anonymous_11)
FN:168,(anonymous_12)
FN:176,(anonymous_13)
FN:184,(anonymous_14)
FN:193,(anonymous_15)
FN:194,(anonymous_16)
FN:195,(anonymous_17)
FN:199,(anonymous_18)
FN:199,(anonymous_19)
FN:200,(anonymous_20)
FN:201,(anonymous_21)
FNF:22
FNH:0
FNDA:0,AdminOrderHistory
FNDA:0,(anonymous_1)
FNDA:0,(anonymous_2)
FNDA:0,(anonymous_3)
FNDA:0,(anonymous_4)
FNDA:0,(anonymous_5)
FNDA:0,(anonymous_6)
FNDA:0,(anonymous_7)
FNDA:0,(anonymous_8)
FNDA:0,(anonymous_9)
FNDA:0,(anonymous_10)
FNDA:0,(anonymous_11)
FNDA:0,(anonymous_12)
FNDA:0,(anonymous_13)
FNDA:0,(anonymous_14)
FNDA:0,(anonymous_15)
FNDA:0,(anonymous_16)
FNDA:0,(anonymous_17)
FNDA:0,(anonymous_18)
FNDA:0,(anonymous_19)
FNDA:0,(anonymous_20)
FNDA:0,(anonymous_21)
DA:57,0
DA:58,0
DA:64,0
DA:65,0
DA:66,0
DA:67,0
DA:70,0
DA:71,0
DA:76,0
DA:77,0
DA:78,0
DA:81,0
DA:82,0
DA:83,0
DA:87,0
DA:88,0
DA:89,0
DA:90,0
DA:93,0
DA:100,0
DA:101,0
DA:103,0
DA:104,0
DA:106,0
DA:107,0
DA:108,0
DA:109,0
DA:115,0
DA:116,0
DA:117,0
DA:120,0
DA:121,0
DA:131,0
DA:132,0
DA:133,0
DA:134,0
DA:135,0
DA:141,0
DA:142,0
DA:146,0
DA:147,0
DA:157,0
DA:160,0
DA:169,0
DA:170,0
DA:177,0
DA:178,0
DA:179,0
DA:185,0
DA:193,0
DA:194,0
DA:196,0
DA:197,0
DA:198,0
DA:199,0
DA:200,0
DA:201,0
DA:208,0
LF:58
LH:0
BRDA:81,0,0,0
BRDA:81,1,0,0
BRDA:82,2,0,0
BRDA:82,2,1,0
BRDA:82,3,0,0
BRDA:82,3,1,0
BRDA:82,3,2,0
BRDA:87,4,0,0
BRDA:87,4,1,0
BRDA:100,5,0,0
BRDA:100,5,1,0
BRDA:103,6,0,0
BRDA:103,6,1,0
BRDA:103,7,0,0
BRDA:103,7,1,0
BRDA:115,8,0,0
BRDA:115,8,1,0
BRDA:117,9,0,0
BRDA:117,9,1,0
BRDA:120,10,0,0
BRDA:120,10,1,0
BRDA:120,10,2,0
BRDA:124,11,0,0
BRDA:124,11,1,0
BRDA:134,12,0,0
BRDA:134,12,1,0
BRDA:146,13,0,0
BRDA:146,13,1,0
BRDA:160,14,0,0
BRDA:160,14,1,0
BRDA:160,14,2,0
BRDA:177,15,0,0
BRDA:177,15,1,0
BRDA:177,16,0,0
BRDA:177,16,1,0
BRDA:177,16,2,0
BRDA:183,17,0,0
BRDA:183,17,1,0
BRDA:196,18,0,0
BRDA:196,18,1,0
BRDA:197,19,0,0
BRDA:197,19,1,0
BRDA:197,20,0,0
BRDA:197,20,1,0
BRDA:198,21,0,0
BRDA:198,21,1,0
BRDA:212,22,0,0
BRDA:212,22,1,0
BRDA:213,23,0,0
BRDA:213,23,1,0
BRDA:214,24,0,0
BRDA:214,24,1,0
BRDA:215,25,0,0
BRDA:215,25,1,0
BRF:54
BRH:0
end_of_record
TN:
SF:components\ui\CustomerCart.tsx
FN:22,CustomerCart
FN:24,(anonymous_1)
FN:33,(anonymous_2)
FN:34,(anonymous_3)
FN:50,(anonymous_4)
FN:62,(anonymous_5)
FN:80,(anonymous_6)
FN:85,(anonymous_7)
FN:89,(anonymous_8)
FN:96,(anonymous_9)
FN:98,(anonymous_10)
FN:110,(anonymous_11)
FN:112,(anonymous_12)
FN:116,(anonymous_13)
FN:142,(anonymous_14)
FN:150,(anonymous_15)
FN:162,(anonymous_16)
FN:168,(anonymous_17)
FNF:18
FNH:0
FNDA:0,CustomerCart
FNDA:0,(anonymous_1)
FNDA:0,(anonymous_2)
FNDA:0,(anonymous_3)
FNDA:0,(anonymous_4)
FNDA:0,(anonymous_5)
FNDA:0,(anonymous_6)
FNDA:0,(anonymous_7)
FNDA:0,(anonymous_8)
FNDA:0,(anonymous_9)
FNDA:0,(anonymous_10)
FNDA:0,(anonymous_11)
FNDA:0,(anonymous_12)
FNDA:0,(anonymous_13)
FNDA:0,(anonymous_14)
FNDA:0,(anonymous_15)
FNDA:0,(anonymous_16)
FNDA:0,(anonymous_17)
DA:23,0
DA:24,0
DA:25,0
DA:26,0
DA:27,0
DA:28,0
DA:29,0
DA:30,0
DA:33,0
DA:34,0
DA:35,0
DA:36,0
DA:37,0
DA:38,0
DA:40,0
DA:41,0
DA:42,0
DA:43,0
DA:44,0
DA:45,0
DA:49,0
DA:50,0
DA:51,0
DA:53,0
DA:55,0
DA:59,0
DA:62,0
DA:63,0
DA:64,0
DA:80,0
DA:81,0
DA:82,0
DA:85,0
DA:86,0
DA:89,0
DA:90,0
DA:91,0
DA:92,0
DA:96,0
DA:97,0
DA:98,0
DA:99,0
DA:100,0
DA:101,0
DA:104,0
DA:107,0
DA:111,0
DA:112,0
DA:115,0
DA:116,0
DA:117,0
DA:119,0
DA:143,0
DA:150,0
DA:162,0
DA:168,0
LF:56
LH:0
BRDA:40,0,0,0
BRDA:40,0,1,0
BRDA:42,1,0,0
BRDA:42,1,1,0
BRDA:42,2,0,0
BRDA:42,2,1,0
BRDA:44,3,0,0
BRDA:44,3,1,0
BRDA:44,4,0,0
BRDA:44,4,1,0
BRDA:63,5,0,0
BRDA:63,5,1,0
BRDA:100,6,0,0
BRDA:100,6,1,0
BRDA:100,7,0,0
BRDA:100,7,1,0
BRDA:111,8,0,0
BRDA:111,8,1,0
BRDA:139,9,0,0
BRDA:139,9,1,0
BRDA:168,10,0,0
BRDA:168,10,1,0
BRF:22
BRH:0
end_of_record
TN:
SF:components\ui\CustomerHome.tsx
FN:34,CustomerHome
FN:39,(anonymous_1)
FN:53,(anonymous_2)
FN:71,(anonymous_3)
FN:78,(anonymous_4)
FN:131,(anonymous_5)
FN:143,(anonymous_6)
FN:147,(anonymous_7)
FN:162,(anonymous_8)
FN:165,(anonymous_9)
FN:179,(anonymous_10)
FN:188,(anonymous_11)
FN:195,(anonymous_12)
FN:199,(anonymous_13)
FN:203,(anonymous_14)
FN:207,(anonymous_15)
FN:208,(anonymous_16)
FN:221,(anonymous_17)
FN:224,(anonymous_18)
FN:232,(anonymous_19)
FN:246,(anonymous_20)
FN:252,(anonymous_21)
FN:257,(anonymous_22)
FN:262,(anonymous_23)
FN:267,(anonymous_24)
FN:275,(anonymous_25)
FN:277,(anonymous_26)
FN:286,(anonymous_27)
FN:332,(anonymous_28)
FN:333,(anonymous_29)
FN:333,(anonymous_30)
FN:397,(anonymous_31)
FNF:32
FNH:0
FNDA:0,CustomerHome
FNDA:0,(anonymous_1)
FNDA:0,(anonymous_2)
FNDA:0,(anonymous_3)
FNDA:0,(anonymous_4)
FNDA:0,(anonymous_5)
FNDA:0,(anonymous_6)
FNDA:0,(anonymous_7)
FNDA:0,(anonymous_8)
FNDA:0,(anonymous_9)
FNDA:0,(anonymous_10)
FNDA:0,(anonymous_11)
FNDA:0,(anonymous_12)
FNDA:0,(anonymous_13)
FNDA:0,(anonymous_14)
FNDA:0,(anonymous_15)
FNDA:0,(anonymous_16)
FNDA:0,(anonymous_17)
FNDA:0,(anonymous_18)
FNDA:0,(anonymous_19)
FNDA:0,(anonymous_20)
FNDA:0,(anonymous_21)
FNDA:0,(anonymous_22)
FNDA:0,(anonymous_23)
FNDA:0,(anonymous_24)
FNDA:0,(anonymous_25)
FNDA:0,(anonymous_26)
FNDA:0,(anonymous_27)
FNDA:0,(anonymous_28)
FNDA:0,(anonymous_29)
FNDA:0,(anonymous_30)
FNDA:0,(anonymous_31)
DA:25,0
DA:35,0
DA:36,0
DA:37,0
DA:38,0
DA:39,0
DA:40,0
DA:41,0
DA:42,0
DA:43,0
DA:44,0
DA:45,0
DA:46,0
DA:47,0
DA:48,0
DA:49,0
DA:50,0
DA:51,0
DA:53,0
DA:54,0
DA:55,0
DA:56,0
DA:59,0
DA:60,0
DA:63,0
DA:64,0
DA:66,0
DA:67,0
DA:71,0
DA:72,0
DA:73,0
DA:74,0
DA:75,0
DA:78,0
DA:79,0
DA:81,0
DA:84,0
DA:105,0
DA:108,0
DA:109,0
DA:113,0
DA:133,0
DA:134,0
DA:140,0
DA:143,0
DA:144,0
DA:147,0
DA:149,0
DA:150,0
DA:153,0
DA:155,0
DA:157,0
DA:158,0
DA:163,0
DA:166,0
DA:167,0
DA:180,0
DA:185,0
DA:188,0
DA:189,0
DA:190,0
DA:195,0
DA:196,0
DA:199,0
DA:200,0
DA:203,0
DA:204,0
DA:206,0
DA:207,0
DA:209,0
DA:210,0
DA:221,0
DA:222,0
DA:223,0
DA:225,0
DA:226,0
DA:227,0
DA:229,0
DA:233,0
DA:234,0
DA:242,0
DA:246,0
DA:247,0
DA:248,0
DA:253,0
DA:257,0
DA:258,0
DA:259,0
DA:262,0
DA:263,0
DA:265,0
DA:267,0
DA:268,0
DA:271,0
DA:274,0
DA:275,0
DA:276,0
DA:277,0
DA:279,0
DA:281,0
DA:286,0
DA:287,0
DA:288,0
DA:292,0
DA:398,0
LF:105
LH:0
BRDA:53,0,0,0
BRDA:54,1,0,0
BRDA:54,1,1,0
BRDA:61,2,0,0
BRDA:61,2,1,0
BRDA:73,3,0,0
BRDA:73,3,1,0
BRDA:74,4,0,0
BRDA:74,4,1,0
BRDA:79,5,0,0
BRDA:79,5,1,0
BRDA:108,6,0,0
BRDA:108,6,1,0
BRDA:133,7,0,0
BRDA:133,7,1,0
BRDA:149,8,0,0
BRDA:149,8,1,0
BRDA:149,9,0,0
BRDA:149,9,1,0
BRDA:166,10,0,0
BRDA:166,10,1,0
BRDA:189,11,0,0
BRDA:189,11,1,0
BRDA:204,12,0,0
BRDA:204,12,1,0
BRDA:209,13,0,0
BRDA:209,13,1,0
BRDA:209,13,2,0
BRDA:213,14,0,0
BRDA:213,14,1,0
BRDA:225,15,0,0
BRDA:225,15,1,0
BRDA:225,16,0,0
BRDA:225,16,1,0
BRDA:233,17,0,0
BRDA:233,17,1,0
BRDA:233,17,2,0
BRDA:237,18,0,0
BRDA:237,18,1,0
BRDA:263,19,0,0
BRDA:263,19,1,0
BRDA:265,20,0,0
BRDA:265,20,1,0
BRDA:268,21,0,0
BRDA:268,21,1,0
BRDA:276,22,0,0
BRDA:276,22,1,0
BRDA:276,23,0,0
BRDA:276,23,1,0
BRDA:287,24,0,0
BRDA:287,24,1,0
BRDA:305,25,0,0
BRDA:305,25,1,0
BRDA:325,26,0,0
BRDA:325,26,1,0
BRDA:329,27,0,0
BRDA:329,27,1,0
BRDA:330,28,0,0
BRDA:330,28,1,0
BRDA:331,29,0,0
BRDA:331,29,1,0
BRDA:332,30,0,0
BRDA:332,30,1,0
BRDA:333,31,0,0
BRDA:333,31,1,0
BRDA:335,32,0,0
BRDA:335,32,1,0
BRDA:336,33,0,0
BRDA:336,33,1,0
BRDA:346,34,0,0
BRDA:346,34,1,0
BRDA:383,35,0,0
BRDA:383,35,1,0
BRDA:389,36,0,0
BRDA:389,36,1,0
BRDA:392,37,0,0
BRDA:392,37,1,0
BRF:77
BRH:0
end_of_record
TN:
SF:components\ui\CustomerOrders.tsx
FN:40,CustomerOrders
FN:42,(anonymous_1)
FN:57,(anonymous_2)
FN:64,(anonymous_3)
FN:79,(anonymous_4)
FN:84,(anonymous_5)
FN:85,(anonymous_6)
FN:86,(anonymous_7)
FN:96,(anonymous_8)
FN:107,(anonymous_9)
FN:115,(anonymous_10)
FN:118,(anonymous_11)
FN:119,(anonymous_12)
FN:123,(anonymous_13)
FN:130,(anonymous_14)
FN:138,(anonymous_15)
FN:144,(anonymous_16)
FN:151,(anonymous_17)
FN:155,(anonymous_18)
FN:171,(anonymous_19)
FN:178,(anonymous_20)
FN:196,(anonymous_21)
FN:203,(anonymous_22)
FN:219,(anonymous_23)
FN:220,(anonymous_24)
FN:229,(anonymous_25)
FN:235,(anonymous_26)
FN:243,(anonymous_27)
FN:246,(anonymous_28)
FNF:29
FNH:0
FNDA:0,CustomerOrders
FNDA:0,(anonymous_1)
FNDA:0,(anonymous_2)
FNDA:0,(anonymous_3)
FNDA:0,(anonymous_4)
FNDA:0,(anonymous_5)
FNDA:0,(anonymous_6)
FNDA:0,(anonymous_7)
FNDA:0,(anonymous_8)
FNDA:0,(anonymous_9)
FNDA:0,(anonymous_10)
FNDA:0,(anonymous_11)
FNDA:0,(anonymous_12)
FNDA:0,(anonymous_13)
FNDA:0,(anonymous_14)
FNDA:0,(anonymous_15)
FNDA:0,(anonymous_16)
FNDA:0,(anonymous_17)
FNDA:0,(anonymous_18)
FNDA:0,(anonymous_19)
FNDA:0,(anonymous_20)
FNDA:0,(anonymous_21)
FNDA:0,(anonymous_22)
FNDA:0,(anonymous_23)
FNDA:0,(anonymous_24)
FNDA:0,(anonymous_25)
FNDA:0,(anonymous_26)
FNDA:0,(anonymous_27)
FNDA:0,(anonymous_28)
DA:41,0
DA:42,0
DA:43,0
DA:44,0
DA:45,0
DA:46,0
DA:47,0
DA:48,0
DA:49,0
DA:51,0
DA:52,0
DA:53,0
DA:54,0
DA:55,0
DA:57,0
DA:58,0
DA:64,0
DA:65,0
DA:66,0
DA:69,0
DA:70,0
DA:73,0
DA:80,0
DA:81,0
DA:82,0
DA:84,0
DA:85,0
DA:86,0
DA:87,0
DA:88,0
DA:92,0
DA:93,0
DA:94,0
DA:97,0
DA:98,0
DA:108,0
DA:109,0
DA:115,0
DA:117,0
DA:118,0
DA:119,0
DA:120,0
DA:121,0
DA:123,0
DA:124,0
DA:125,0
DA:126,0
DA:127,0
DA:128,0
DA:129,0
DA:130,0
DA:132,0
DA:134,0
DA:138,0
DA:139,0
DA:144,0
DA:146,0
DA:147,0
DA:148,0
DA:149,0
DA:150,0
DA:151,0
DA:155,0
DA:156,0
DA:157,0
DA:158,0
DA:159,0
DA:160,0
DA:161,0
DA:164,0
DA:166,0
DA:172,0
DA:178,0
DA:197,0
DA:198,0
DA:199,0
DA:200,0
DA:201,0
DA:202,0
DA:203,0
DA:219,0
DA:221,0
DA:229,0
DA:237,0
DA:238,0
DA:239,0
DA:240,0
DA:241,0
DA:242,0
DA:243,0
DA:247,0
DA:249,0
DA:251,0
DA:252,0
DA:253,0
DA:254,0
LF:96
LH:0
BRDA:64,0,0,0
BRDA:65,1,0,0
BRDA:65,1,1,0
BRDA:65,2,0,0
BRDA:65,2,1,0
BRDA:65,2,2,0
BRDA:69,3,0,0
BRDA:69,3,1,0
BRDA:80,4,0,0
BRDA:80,4,1,0
BRDA:81,5,0,0
BRDA:81,5,1,0
BRDA:86,6,0,0
BRDA:86,6,1,0
BRDA:87,7,0,0
BRDA:87,7,1,0
BRDA:92,8,0,0
BRDA:92,8,1,0
BRDA:94,9,0,0
BRDA:94,9,1,0
BRDA:97,10,0,0
BRDA:97,10,1,0
BRDA:97,10,2,0
BRDA:101,11,0,0
BRDA:101,11,1,0
BRDA:108,12,0,0
BRDA:108,12,1,0
BRDA:117,13,0,0
BRDA:117,13,1,0
BRDA:117,14,0,0
BRDA:117,14,1,0
BRDA:120,15,0,0
BRDA:120,15,1,0
BRDA:139,16,0,0
BRDA:139,16,1,0
BRDA:156,17,0,0
BRDA:156,17,1,0
BRDA:158,18,0,0
BRDA:158,18,1,0
BRDA:158,19,0,0
BRDA:158,19,1,0
BRDA:159,20,0,0
BRDA:159,20,1,0
BRDA:159,21,0,0
BRDA:159,21,1,0
BRDA:160,22,0,0
BRDA:160,22,1,0
BRDA:160,23,0,0
BRDA:160,23,1,0
BRDA:176,24,0,0
BRDA:176,24,1,0
BRDA:183,25,0,0
BRDA:183,25,1,0
BRDA:206,26,0,0
BRDA:206,26,1,0
BRDA:249,27,0,0
BRDA:249,27,1,0
BRDA:251,28,0,0
BRDA:251,28,1,0
BRDA:252,29,0,0
BRDA:252,29,1,0
BRDA:252,30,0,0
BRDA:252,30,1,0
BRDA:252,30,2,0
BRDA:258,31,0,0
BRDA:258,31,1,0
BRF:66
BRH:0
end_of_record
TN:
SF:components\ui\IconSymbol.ios.tsx
FN:4,IconSymbol
FNF:1
FNH:0
FNDA:0,IconSymbol
DA:17,0
LF:1
LH:0
BRDA:6,0,0,0
BRDA:9,1,0,0
BRF:2
BRH:0
end_of_record
TN:
SF:components\ui\IconSymbol.tsx
FN:35,IconSymbol
FNF:1
FNH:0
FNDA:0,IconSymbol
DA:12,0
DA:47,0
LF:2
LH:0
BRDA:37,0,0,0
BRF:1
BRH:0
end_of_record
TN:
SF:components\ui\KitchenOrders.tsx
FN:37,KitchenOrders
FN:38,(anonymous_1)
FN:54,(anonymous_2)
FN:69,(anonymous_3)
FN:76,(anonymous_4)
FN:77,(anonymous_5)
FN:78,(anonymous_6)
FN:88,(anonymous_7)
FN:99,(anonymous_8)
FN:107,(anonymous_9)
FN:110,(anonymous_10)
FN:111,(anonymous_11)
FN:115,(anonymous_12)
FN:122,(anonymous_13)
FN:130,(anonymous_14)
FN:136,(anonymous_15)
FN:143,(anonymous_16)
FN:147,(anonymous_17)
FN:154,(anonymous_18)
FN:156,(anonymous_19)
FN:157,(anonymous_20)
FN:166,(anonymous_21)
FN:180,(anonymous_22)
FN:187,(anonymous_23)
FN:205,(anonymous_24)
FN:212,(anonymous_25)
FN:228,(anonymous_26)
FN:229,(anonymous_27)
FN:240,(anonymous_28)
FN:247,(anonymous_29)
FN:255,(anonymous_30)
FN:258,(anonymous_31)
FNF:32
FNH:0
FNDA:0,KitchenOrders
FNDA:0,(anonymous_1)
FNDA:0,(anonymous_2)
FNDA:0,(anonymous_3)
FNDA:0,(anonymous_4)
FNDA:0,(anonymous_5)
FNDA:0,(anonymous_6)
FNDA:0,(anonymous_7)
FNDA:0,(anonymous_8)
FNDA:0,(anonymous_9)
FNDA:0,(anonymous_10)
FNDA:0,(anonymous_11)
FNDA:0,(anonymous_12)
FNDA:0,(anonymous_13)
FNDA:0,(anonymous_14)
FNDA:0,(anonymous_15)
FNDA:0,(anonymous_16)
FNDA:0,(anonymous_17)
FNDA:0,(anonymous_18)
FNDA:0,(anonymous_19)
FNDA:0,(anonymous_20)
FNDA:0,(anonymous_21)
FNDA:0,(anonymous_22)
FNDA:0,(anonymous_23)
FNDA:0,(anonymous_24)
FNDA:0,(anonymous_25)
FNDA:0,(anonymous_26)
FNDA:0,(anonymous_27)
FNDA:0,(anonymous_28)
FNDA:0,(anonymous_29)
FNDA:0,(anonymous_30)
FNDA:0,(anonymous_31)
DA:38,0
DA:39,0
DA:40,0
DA:41,0
DA:42,0
DA:43,0
DA:44,0
DA:45,0
DA:47,0
DA:48,0
DA:49,0
DA:50,0
DA:51,0
DA:54,0
DA:55,0
DA:56,0
DA:59,0
DA:60,0
DA:63,0
DA:70,0
DA:71,0
DA:73,0
DA:74,0
DA:76,0
DA:77,0
DA:78,0
DA:79,0
DA:80,0
DA:84,0
DA:85,0
DA:86,0
DA:89,0
DA:90,0
DA:100,0
DA:101,0
DA:107,0
DA:109,0
DA:110,0
DA:111,0
DA:112,0
DA:113,0
DA:115,0
DA:116,0
DA:117,0
DA:118,0
DA:119,0
DA:120,0
DA:121,0
DA:122,0
DA:124,0
DA:126,0
DA:130,0
DA:131,0
DA:136,0
DA:138,0
DA:139,0
DA:140,0
DA:141,0
DA:142,0
DA:143,0
DA:147,0
DA:148,0
DA:154,0
DA:156,0
DA:157,0
DA:158,0
DA:165,0
DA:166,0
DA:167,0
DA:168,0
DA:169,0
DA:170,0
DA:171,0
DA:172,0
DA:175,0
DA:181,0
DA:187,0
DA:206,0
DA:207,0
DA:208,0
DA:209,0
DA:210,0
DA:211,0
DA:212,0
DA:228,0
DA:230,0
DA:240,0
DA:249,0
DA:250,0
DA:251,0
DA:252,0
DA:253,0
DA:254,0
DA:255,0
DA:259,0
DA:261,0
DA:263,0
DA:264,0
DA:265,0
DA:266,0
LF:100
LH:0
BRDA:54,0,0,0
BRDA:55,1,0,0
BRDA:55,1,1,0
BRDA:55,2,0,0
BRDA:55,2,1,0
BRDA:55,2,2,0
BRDA:59,3,0,0
BRDA:59,3,1,0
BRDA:70,4,0,0
BRDA:70,4,1,0
BRDA:73,5,0,0
BRDA:73,5,1,0
BRDA:78,6,0,0
BRDA:78,6,1,0
BRDA:79,7,0,0
BRDA:79,7,1,0
BRDA:84,8,0,0
BRDA:84,8,1,0
BRDA:86,9,0,0
BRDA:86,9,1,0
BRDA:89,10,0,0
BRDA:89,10,1,0
BRDA:89,10,2,0
BRDA:93,11,0,0
BRDA:93,11,1,0
BRDA:100,12,0,0
BRDA:100,12,1,0
BRDA:109,13,0,0
BRDA:109,13,1,0
BRDA:109,14,0,0
BRDA:109,14,1,0
BRDA:112,15,0,0
BRDA:112,15,1,0
BRDA:131,16,0,0
BRDA:131,16,1,0
BRDA:158,17,0,0
BRDA:158,17,1,0
BRDA:167,18,0,0
BRDA:167,18,1,0
BRDA:169,19,0,0
BRDA:169,19,1,0
BRDA:169,20,0,0
BRDA:169,20,1,0
BRDA:170,21,0,0
BRDA:170,21,1,0
BRDA:170,22,0,0
BRDA:170,22,1,0
BRDA:171,23,0,0
BRDA:171,23,1,0
BRDA:171,24,0,0
BRDA:171,24,1,0
BRDA:185,25,0,0
BRDA:185,25,1,0
BRDA:192,26,0,0
BRDA:192,26,1,0
BRDA:215,27,0,0
BRDA:215,27,1,0
BRDA:261,28,0,0
BRDA:261,28,1,0
BRDA:263,29,0,0
BRDA:263,29,1,0
BRDA:264,30,0,0
BRDA:264,30,1,0
BRDA:264,31,0,0
BRDA:264,31,1,0
BRDA:264,31,2,0
BRDA:270,32,0,0
BRDA:270,32,1,0
BRDA:277,33,0,0
BRDA:277,33,1,0
BRF:70
BRH:0
end_of_record
TN:
SF:components\ui\TabBarBackground.ios.tsx
FN:5,BlurTabBarBackground
FN:17,useBottomTabOverflow
FNF:2
FNH:0
FNDA:0,BlurTabBarBackground
FNDA:0,useBottomTabOverflow
DA:6,0
DA:18,0
LF:2
LH:0
BRF:0
BRH:0
end_of_record
TN:
SF:components\ui\TabBarBackground.tsx
FN:5,TabBarBackground
FN:9,useBottomTabOverflow
FNF:2
FNH:0
FNDA:0,TabBarBackground
FNDA:0,useBottomTabOverflow
DA:6,0
DA:10,0
LF:2
LH:0
BRF:0
BRH:0
end_of_record
TN:
SF:components\ui\WaitressCart.tsx
FN:15,WaitressCart
FN:17,(anonymous_1)
FN:25,(anonymous_2)
FN:29,(anonymous_3)
FN:33,(anonymous_4)
FN:46,(anonymous_5)
FN:67,(anonymous_6)
FN:80,(anonymous_7)
FN:88,(anonymous_8)
FNF:9
FNH:0
FNDA:0,WaitressCart
FNDA:0,(anonymous_1)
FNDA:0,(anonymous_2)
FNDA:0,(anonymous_3)
FNDA:0,(anonymous_4)
FNDA:0,(anonymous_5)
FNDA:0,(anonymous_6)
FNDA:0,(anonymous_7)
FNDA:0,(anonymous_8)
DA:16,0
DA:17,0
DA:18,0
DA:19,0
DA:20,0
DA:21,0
DA:24,0
DA:25,0
DA:26,0
DA:29,0
DA:32,0
DA:34,0
DA:35,0
DA:36,0
DA:37,0
DA:47,0
DA:48,0
DA:56,0
DA:58,0
DA:61,0
DA:68,0
DA:80,0
DA:88,0
LF:23
LH:0
BRDA:47,0,0,0
BRDA:47,0,1,0
BRDA:47,0,2,0
BRDA:51,1,0,0
BRDA:51,1,1,0
BRF:5
BRH:0
end_of_record
TN:
SF:components\ui\WaitressHome.tsx
FN:7,WaitressHome
FN:10,(anonymous_1)
FN:28,(anonymous_2)
FN:35,(anonymous_3)
FN:46,(anonymous_4)
FN:53,(anonymous_5)
FN:64,(anonymous_6)
FN:71,(anonymous_7)
FN:90,(anonymous_8)
FNF:9
FNH:0
FNDA:0,WaitressHome
FNDA:0,(anonymous_1)
FNDA:0,(anonymous_2)
FNDA:0,(anonymous_3)
FNDA:0,(anonymous_4)
FNDA:0,(anonymous_5)
FNDA:0,(anonymous_6)
FNDA:0,(anonymous_7)
FNDA:0,(anonymous_8)
DA:8,0
DA:10,0
DA:11,0
DA:12,0
DA:13,0
DA:15,0
DA:16,0
DA:19,0
DA:29,0
DA:35,0
DA:47,0
DA:53,0
DA:65,0
DA:71,0
DA:90,0
LF:15
LH:0
BRDA:11,0,0,0
BRDA:11,0,1,0
BRDA:33,1,0,0
BRDA:33,1,1,0
BRDA:37,2,0,0
BRDA:37,2,1,0
BRDA:51,3,0,0
BRDA:51,3,1,0
BRDA:55,4,0,0
BRDA:55,4,1,0
BRDA:69,5,0,0
BRDA:69,5,1,0
BRDA:73,6,0,0
BRDA:73,6,1,0
BRDA:84,7,0,0
BRDA:84,7,1,0
BRDA:93,8,0,0
BRDA:93,8,1,0
BRF:18
BRH:0
end_of_record
TN:
SF:components\ui\Checkout\StripeCheckout.tsx
FN:17,StripeCheckout
FN:25,(anonymous_1)
FN:32,(anonymous_2)
FN:35,(anonymous_3)
FN:40,(anonymous_4)
FN:50,(anonymous_5)
FN:53,(anonymous_6)
FN:72,(anonymous_7)
FN:75,(anonymous_8)
FN:80,(anonymous_9)
FN:89,(anonymous_10)
FN:104,(anonymous_11)
FN:114,(anonymous_12)
FN:123,(anonymous_13)
FN:129,(anonymous_14)
FN:132,(anonymous_15)
FN:140,(anonymous_16)
FN:146,(anonymous_17)
FN:157,(anonymous_18)
FNF:19
FNH:0
FNDA:0,StripeCheckout
FNDA:0,(anonymous_1)
FNDA:0,(anonymous_2)
FNDA:0,(anonymous_3)
FNDA:0,(anonymous_4)
FNDA:0,(anonymous_5)
FNDA:0,(anonymous_6)
FNDA:0,(anonymous_7)
FNDA:0,(anonymous_8)
FNDA:0,(anonymous_9)
FNDA:0,(anonymous_10)
FNDA:0,(anonymous_11)
FNDA:0,(anonymous_12)
FNDA:0,(anonymous_13)
FNDA:0,(anonymous_14)
FNDA:0,(anonymous_15)
FNDA:0,(anonymous_16)
FNDA:0,(anonymous_17)
FNDA:0,(anonymous_18)
DA:24,0
DA:25,0
DA:26,0
DA:27,0
DA:28,0
DA:29,0
DA:30,0
DA:32,0
DA:33,0
DA:36,0
DA:40,0
DA:44,0
DA:49,0
DA:51,0
DA:54,0
DA:56,0
DA:57,0
DA:58,0
DA:59,0
DA:60,0
DA:61,0
DA:62,0
DA:66,0
DA:67,0
DA:68,0
DA:72,0
DA:73,0
DA:76,0
DA:80,0
DA:84,0
DA:88,0
DA:90,0
DA:91,0
DA:92,0
DA:93,0
DA:95,0
DA:96,0
DA:103,0
DA:105,0
DA:107,0
DA:115,0
DA:116,0
DA:118,0
DA:124,0
DA:125,0
DA:129,0
DA:130,0
DA:131,0
DA:133,0
DA:134,0
DA:135,0
DA:136,0
DA:139,0
DA:141,0
DA:142,0
DA:143,0
DA:145,0
DA:147,0
DA:148,0
DA:150,0
DA:152,0
DA:158,0
DA:159,0
DA:165,0
LF:64
LH:0
BRDA:40,0,0,0
BRDA:40,0,1,0
BRDA:56,1,0,0
BRDA:56,1,1,0
BRDA:57,2,0,0
BRDA:57,2,1,0
BRDA:59,3,0,0
BRDA:59,3,1,0
BRDA:61,4,0,0
BRDA:61,4,1,0
BRDA:80,5,0,0
BRDA:80,5,1,0
BRDA:95,6,0,0
BRDA:95,6,1,0
BRDA:115,7,0,0
BRDA:115,7,1,0
BRDA:133,8,0,0
BRDA:133,8,1,0
BRDA:141,9,0,0
BRDA:141,9,1,0
BRDA:142,10,0,0
BRDA:142,10,1,0
BRDA:147,11,0,0
BRDA:147,11,1,0
BRDA:169,12,0,0
BRDA:169,12,1,0
BRDA:171,13,0,0
BRDA:171,13,1,0
BRF:28
BRH:0
end_of_record
TN:
SF:components\ui\Checkout\StripeCheckout.web.tsx
FN:18,CheckoutForm
FN:28,(anonymous_1)
FN:31,(anonymous_2)
FN:34,(anonymous_3)
FN:39,(anonymous_4)
FN:72,(anonymous_5)
FN:136,StripeCheckout
FN:144,(anonymous_7)
FN:155,(anonymous_8)
FN:160,(anonymous_9)
FN:161,(anonymous_10)
FN:173,(anonymous_11)
FN:178,(anonymous_12)
FNF:13
FNH:0
FNDA:0,CheckoutForm
FNDA:0,(anonymous_1)
FNDA:0,(anonymous_2)
FNDA:0,(anonymous_3)
FNDA:0,(anonymous_4)
FNDA:0,(anonymous_5)
FNDA:0,StripeCheckout
FNDA:0,(anonymous_7)
FNDA:0,(anonymous_8)
FNDA:0,(anonymous_9)
FNDA:0,(anonymous_10)
FNDA:0,(anonymous_11)
FNDA:0,(anonymous_12)
DA:24,0
DA:25,0
DA:26,0
DA:27,0
DA:28,0
DA:29,0
DA:31,0
DA:32,0
DA:35,0
DA:39,0
DA:43,0
DA:50,0
DA:51,0
DA:52,0
DA:54,0
DA:56,0
DA:57,0
DA:58,0
DA:59,0
DA:60,0
DA:61,0
DA:62,0
DA:66,0
DA:67,0
DA:68,0
DA:72,0
DA:73,0
DA:74,0
DA:75,0
DA:78,0
DA:80,0
DA:82,0
DA:90,0
DA:91,0
DA:92,0
DA:93,0
DA:96,0
DA:97,0
DA:98,0
DA:99,0
DA:101,0
DA:104,0
DA:107,0
DA:108,0
DA:110,0
DA:114,0
DA:143,0
DA:144,0
DA:145,0
DA:146,0
DA:147,0
DA:148,0
DA:149,0
DA:152,0
DA:153,0
DA:155,0
DA:156,0
DA:157,0
DA:160,0
DA:161,0
DA:162,0
DA:163,0
DA:166,0
DA:167,0
DA:168,0
DA:171,0
DA:174,0
DA:178,0
DA:182,0
DA:186,0
DA:187,0
DA:188,0
DA:189,0
DA:190,0
DA:192,0
DA:193,0
DA:200,0
DA:202,0
DA:203,0
DA:207,0
DA:210,0
DA:211,0
DA:219,0
LF:83
LH:0
BRDA:39,0,0,0
BRDA:39,0,1,0
BRDA:56,1,0,0
BRDA:56,1,1,0
BRDA:57,2,0,0
BRDA:57,2,1,0
BRDA:59,3,0,0
BRDA:59,3,1,0
BRDA:61,4,0,0
BRDA:61,4,1,0
BRDA:73,5,0,0
BRDA:73,5,1,0
BRDA:73,6,0,0
BRDA:73,6,1,0
BRDA:90,7,0,0
BRDA:90,7,1,0
BRDA:91,8,0,0
BRDA:91,8,1,0
BRDA:96,9,0,0
BRDA:96,9,1,0
BRDA:96,10,0,0
BRDA:96,10,1,0
BRDA:98,11,0,0
BRDA:98,11,1,0
BRDA:108,12,0,0
BRDA:108,12,1,0
BRDA:122,13,0,0
BRDA:122,13,1,0
BRDA:122,13,2,0
BRDA:122,13,3,0
BRDA:124,14,0,0
BRDA:124,14,1,0
BRDA:163,15,0,0
BRDA:163,15,1,0
BRDA:178,16,0,0
BRDA:178,16,1,0
BRDA:192,17,0,0
BRDA:192,17,1,0
BRDA:210,18,0,0
BRDA:210,18,1,0
BRDA:210,19,0,0
BRDA:210,19,1,0
BRF:42
BRH:0
end_of_record
TN:
SF:constants\Colors.ts
FNF:0
FNH:0
DA:6,0
DA:7,0
DA:9,0
LF:3
LH:0
BRF:0
BRH:0
end_of_record
TN:
SF:constants\Tabs.ts
FNF:0
FNH:0
DA:1,0
LF:1
LH:0
BRF:0
BRH:0
end_of_record
TN:
SF:context\AuthContext.tsx
FN:7,(anonymous_0)
FN:33,(anonymous_1)
FN:53,(anonymous_2)
FN:57,(anonymous_3)
FN:61,(anonymous_4)
FN:87,(anonymous_5)
FN:96,(anonymous_6)
FN:98,(anonymous_7)
FN:101,(anonymous_8)
FN:106,(anonymous_9)
FN:109,(anonymous_10)
FN:114,(anonymous_11)
FN:117,(anonymous_12)
FN:165,(anonymous_13)
FN:177,(anonymous_14)
FNF:15
FNH:9
FNDA:0,(anonymous_0)
FNDA:0,(anonymous_1)
FNDA:4,(anonymous_2)
FNDA:2,(anonymous_3)
FNDA:0,(anonymous_4)
FNDA:2,(anonymous_5)
FNDA:0,(anonymous_6)
FNDA:0,(anonymous_7)
FNDA:0,(anonymous_8)
FNDA:2,(anonymous_9)
FNDA:2,(anonymous_10)
FNDA:2,(anonymous_11)
FNDA:2,(anonymous_12)
FNDA:2,(anonymous_13)
FNDA:4,(anonymous_14)
DA:7,1
DA:8,0
DA:9,0
DA:12,0
DA:17,0
DA:30,1
DA:31,1
DA:33,1
DA:37,0
DA:38,0
DA:39,0
DA:40,0
DA:43,0
DA:45,0
DA:53,1
DA:56,4
DA:57,4
DA:58,4
DA:59,4
DA:61,4
DA:62,0
DA:63,0
DA:66,0
DA:67,0
DA:71,0
DA:72,0
DA:77,0
DA:78,0
DA:80,0
DA:81,0
DA:83,0
DA:87,4
DA:88,2
DA:89,2
DA:90,2
DA:96,4
DA:97,0
DA:99,0
DA:102,0
DA:106,4
DA:107,2
DA:109,2
DA:110,2
DA:114,4
DA:115,2
DA:117,2
DA:118,2
DA:119,0
DA:122,2
DA:123,0
DA:124,0
DA:127,0
DA:128,0
DA:129,0
DA:132,2
DA:133,2
DA:134,2
DA:137,2
DA:138,2
DA:140,2
DA:141,0
DA:145,2
DA:147,2
DA:148,0
DA:151,2
DA:152,2
DA:154,0
DA:155,0
DA:158,0
DA:159,0
DA:163,2
DA:165,2
DA:166,2
DA:170,4
DA:177,1
DA:178,4
DA:179,4
DA:180,0
DA:183,4
LF:79
LH:42
BRDA:8,0,0,0
BRDA:8,0,1,0
BRDA:8,1,0,0
BRDA:8,1,1,0
BRDA:18,2,0,0
BRDA:18,2,1,0
BRDA:18,2,2,0
BRDA:35,3,0,0
BRDA:39,4,0,0
BRDA:39,4,1,0
BRDA:61,5,0,0
BRDA:62,6,0,0
BRDA:62,6,1,0
BRDA:68,7,0,0
BRDA:68,7,1,0
BRDA:71,8,0,0
BRDA:71,8,1,0
BRDA:71,9,0,0
BRDA:71,9,1,0
BRDA:77,10,0,0
BRDA:77,10,1,0
BRDA:81,11,0,0
BRDA:81,11,1,0
BRDA:91,12,0,2
BRDA:91,12,1,2
BRDA:91,12,2,2
BRDA:91,12,3,2
BRDA:92,13,0,2
BRDA:92,13,1,0
BRDA:118,14,0,0
BRDA:118,14,1,2
BRDA:122,15,0,0
BRDA:122,15,1,2
BRDA:122,16,0,2
BRDA:122,16,1,2
BRDA:123,17,0,0
BRDA:123,17,1,0
BRDA:134,18,0,1
BRDA:134,18,1,1
BRDA:138,19,0,2
BRDA:138,19,1,0
BRDA:140,20,0,0
BRDA:140,20,1,2
BRDA:147,21,0,0
BRDA:147,21,1,2
BRDA:154,22,0,0
BRDA:154,22,1,0
BRDA:179,23,0,0
BRDA:179,23,1,4
BRF:49
BRH:15
end_of_record
TN:
SF:context\CartContext.tsx
FN:33,(anonymous_0)
FN:42,(anonymous_1)
FN:60,(anonymous_2)
FN:65,(anonymous_3)
[...]
BRDA:67,3,1,0
BRDA:68,4,0,0
BRDA:68,4,1,0
BRDA:87,5,0,0
BRDA:93,6,0,0
BRDA:93,6,1,0
BRDA:93,7,0,0
BRDA:93,7,1,0
BRDA:110,8,0,0
BRDA:110,8,1,0
BRDA:123,9,0,0
BRDA:123,9,1,0
BRDA:130,10,0,0
BRDA:130,11,0,0
BRDA:135,12,0,0
BRDA:135,12,1,0
BRDA:137,13,0,0
BRDA:137,13,1,0
BRDA:141,14,0,0
BRDA:141,14,1,0
BRDA:159,15,0,0
BRDA:164,16,0,0
BRDA:164,16,1,0
BRDA:171,17,0,0
BRDA:171,17,1,0
BRDA:192,18,0,0
BRDA:197,19,0,0
BRDA:197,19,1,0
BRDA:202,20,0,0
BRDA:202,20,1,0
BRDA:202,21,0,0
BRDA:202,21,1,0
BRDA:210,22,0,0
BRDA:210,22,1,0
BRDA:227,23,0,0
BRDA:227,23,1,0
BRDA:251,24,0,0
BRDA:257,25,0,0
BRDA:281,26,0,0
BRDA:281,26,1,0
BRF:46
BRH:0
end_of_record
TN:
SF:context\TabBarContext.tsx
FN:13,(anonymous_0)
FN:16,(anonymous_1)
FN:20,(anonymous_2)
FN:24,(anonymous_3)
FN:28,(anonymous_4)
FN:29,(anonymous_5)
FN:45,(anonymous_6)
FNF:7
FNH:0
FNDA:0,(anonymous_0)
FNDA:0,(anonymous_1)
FNDA:0,(anonymous_2)
FNDA:0,(anonymous_3)
FNDA:0,(anonymous_4)
FNDA:0,(anonymous_5)
FNDA:0,(anonymous_6)
DA:11,0
DA:13,0
DA:14,0
DA:16,0
DA:17,0
DA:20,0
DA:21,0
DA:24,0
DA:25,0
DA:28,0
DA:29,0
DA:32,0
DA:45,0
DA:46,0
DA:48,0
DA:49,0
DA:52,0
LF:17
LH:0
BRDA:48,0,0,0
BRDA:48,0,1,0
BRF:2
BRH:0
end_of_record
TN:
SF:context\TableContext.tsx
FN:12,(anonymous_0)
FN:15,(anonymous_1)
FN:16,(anonymous_2)
FN:22,(anonymous_3)
FN:24,(anonymous_4)
FN:27,(anonymous_5)
FN:29,(anonymous_6)
FN:32,(anonymous_7)
FN:43,(anonymous_8)
FNF:9
FNH:0
FNDA:0,(anonymous_0)
FNDA:0,(anonymous_1)
FNDA:0,(anonymous_2)
FNDA:0,(anonymous_3)
FNDA:0,(anonymous_4)
FNDA:0,(anonymous_5)
FNDA:0,(anonymous_6)
FNDA:0,(anonymous_7)
FNDA:0,(anonymous_8)
DA:10,0
DA:12,0
DA:13,0
DA:15,0
DA:16,0
DA:17,0
DA:18,0
DA:22,0
DA:23,0
DA:24,0
DA:27,0
DA:28,0
DA:29,0
DA:32,0
DA:33,0
DA:36,0
DA:43,0
DA:44,0
DA:45,0
DA:46,0
LF:20
LH:0
BRDA:17,0,0,0
BRDA:17,0,1,0
BRDA:45,1,0,0
BRDA:45,1,1,0
BRF:4
BRH:0
end_of_record
TN:
SF:hooks\useColorScheme.ts
FNF:0
FNH:0
LF:0
LH:0
BRF:0
BRH:0
end_of_record
TN:
SF:hooks\useColorScheme.web.ts
FN:7,useColorScheme
FN:10,(anonymous_1)
FNF:2
FNH:0
FNDA:0,useColorScheme
FNDA:0,(anonymous_1)
DA:8,0
DA:10,0
DA:11,0
DA:14,0
DA:16,0
DA:17,0
DA:20,0
LF:7
LH:0
BRDA:16,0,0,0
BRDA:16,0,1,0
BRF:2
BRH:0
end_of_record
TN:
SF:hooks\useResponsive.ts
FN:28,(anonymous_0)
FN:29,(anonymous_1)
FN:31,(anonymous_2)
FN:32,(anonymous_3)
FN:36,(anonymous_4)
FNF:5
FNH:0
FNDA:0,(anonymous_0)
FNDA:0,(anonymous_1)
FNDA:0,(anonymous_2)
FNDA:0,(anonymous_3)
FNDA:0,(anonymous_4)
DA:5,0
DA:28,0
DA:29,0
DA:31,0
DA:32,0
DA:33,0
DA:36,0
DA:39,0
DA:42,0
DA:44,0
DA:45,0
DA:46,0
DA:47,0
DA:49,0
DA:50,0
DA:51,0
DA:52,0
DA:53,0
DA:54,0
DA:57,0
LF:20
LH:0
BRDA:44,0,0,0
BRDA:44,0,1,0
BRDA:45,1,0,0
BRDA:45,1,1,0
BRDA:45,2,0,0
BRDA:45,2,1,0
BRDA:46,3,0,0
BRDA:46,3,1,0
BRDA:46,4,0,0
BRDA:46,4,1,0
BRDA:47,5,0,0
BRDA:47,5,1,0
BRDA:50,6,0,0
BRDA:50,6,1,0
BRDA:51,7,0,0
BRDA:51,7,1,0
BRDA:52,8,0,0
BRDA:52,8,1,0
BRDA:53,9,0,0
BRDA:53,9,1,0
BRF:20
BRH:0
end_of_record
TN:
SF:hooks\useThemeColor.ts
FN:9,useThemeColor
FNF:1
FNH:0
FNDA:0,useThemeColor
DA:13,0
DA:14,0
DA:16,0
DA:17,0
DA:19,0
LF:5
LH:0
BRDA:13,0,0,0
BRDA:13,0,1,0
BRDA:16,1,0,0
BRDA:16,1,1,0
BRF:4
BRH:0
end_of_record
TN:
SF:services\api.tsx
FN:43,(anonymous_0)
FN:49,(anonymous_1)
FN:53,(anonymous_2)
FN:54,(anonymous_3)
FN:58,createAPIClient
FN:67,(anonymous_5)
FN:86,(anonymous_6)
FN:91,(anonymous_7)
FN:92,(anonymous_8)
FN:112,(anonymous_9)
FN:113,(anonymous_10)
FNF:11
FNH:2
FNDA:4,(anonymous_0)
FNDA:0,(anonymous_1)
FNDA:0,(anonymous_2)
FNDA:0,(anonymous_3)
FNDA:2,createAPIClient
FNDA:0,(anonymous_5)
FNDA:0,(anonymous_6)
FNDA:0,(anonymous_7)
FNDA:0,(anonymous_8)
FNDA:0,(anonymous_9)
FNDA:0,(anonymous_10)
DA:4,1
DA:6,1
DA:39,1
DA:40,1
DA:41,1
DA:43,1
DA:46,4
DA:49,1
DA:50,0
DA:53,1
DA:54,0
DA:55,0
DA:59,2
DA:66,2
DA:68,0
DA:72,0
DA:73,0
DA:75,0
DA:78,0
DA:79,0
DA:80,0
DA:81,0
DA:84,0
DA:86,0
DA:90,2
DA:91,0
DA:93,0
DA:100,0
DA:101,0
DA:103,0
DA:104,0
DA:108,0
DA:111,0
DA:112,0
DA:113,0
DA:114,0
DA:115,0
DA:117,0
DA:122,0
DA:124,0
DA:125,0
DA:127,0
DA:128,0
DA:132,0
DA:135,0
DA:136,0
DA:138,0
DA:141,0
DA:142,0
DA:145,0
DA:150,2
LF:51
LH:13
BRDA:68,0,0,0
BRDA:68,0,1,0
BRDA:72,1,0,0
BRDA:72,1,1,0
BRDA:75,2,0,0
BRDA:75,2,1,0
BRDA:78,3,0,0
BRDA:78,3,1,0
BRDA:80,4,0,0
BRDA:80,4,1,0
BRDA:100,5,0,0
BRDA:100,5,1,0
BRDA:101,6,0,0
BRDA:101,6,1,0
BRDA:103,7,0,0
BRDA:103,7,1,0
BRDA:103,8,0,0
BRDA:103,8,1,0
BRDA:103,8,2,0
BRDA:103,8,3,0
BRDA:111,9,0,0
BRDA:111,9,1,0
BRDA:114,10,0,0
BRDA:114,10,1,0
BRDA:127,11,0,0
BRDA:127,11,1,0
BRDA:135,12,0,0
BRDA:135,12,1,0
BRF:28
BRH:0
end_of_record
TN:
SF:services\authRedirect.ts
FN:7,(anonymous_0)
FN:12,(anonymous_1)
FN:24,(anonymous_2)
FN:36,(anonymous_3)
FNF:4
FNH:3
FNDA:3,(anonymous_0)
FNDA:1,(anonymous_1)
FNDA:0,(anonymous_2)
FNDA:2,(anonymous_3)
DA:5,1
DA:7,1
DA:8,3
DA:12,1
DA:13,1
DA:14,0
DA:17,1
DA:18,1
DA:20,0
DA:24,1
DA:25,0
DA:26,0
DA:29,0
DA:30,0
DA:32,0
DA:36,1
DA:37,2
DA:38,0
DA:41,2
DA:42,2
DA:43,2
DA:45,2
DA:47,0
LF:23
LH:14
BRDA:8,0,0,3
BRDA:8,0,1,3
BRDA:8,0,2,3
BRDA:13,1,0,0
BRDA:13,1,1,1
BRDA:25,2,0,0
BRDA:25,2,1,0
BRDA:37,3,0,0
BRDA:37,3,1,2
BRDA:45,4,0,1
BRDA:45,4,1,1
BRDA:45,5,0,2
BRDA:45,5,1,2
BRF:13
BRH:9
end_of_record
TN:
SF:services\sse.ts
FN:21,(anonymous_0)
FN:36,createWebSSEConnection
FN:47,(anonymous_2)
FN:101,(anonymous_3)
FN:109,(anonymous_4)
FN:126,createNativeSSEConnection
FN:137,(anonymous_6)
FN:141,(anonymous_7)
FN:151,(anonymous_8)
FN:156,(anonymous_9)
FNF:10
FNH:0
FNDA:0,(anonymous_0)
FNDA:0,createWebSSEConnection
FNDA:0,(anonymous_2)
FNDA:0,(anonymous_3)
FNDA:0,(anonymous_4)
FNDA:0,createNativeSSEConnection
FNDA:0,(anonymous_6)
FNDA:0,(anonymous_7)
FNDA:0,(anonymous_8)
FNDA:0,(anonymous_9)
DA:21,0
DA:26,0
DA:27,0
DA:29,0
DA:41,0
DA:44,0
DA:45,0
DA:47,0
DA:48,0
DA:49,0
DA:58,0
DA:59,0
DA:62,0
DA:63,0
DA:65,0
DA:66,0
DA:69,0
DA:70,0
DA:72,0
DA:73,0
DA:75,0
DA:77,0
DA:78,0
DA:79,0
DA:81,0
DA:82,0
DA:83,0
DA:84,0
DA:85,0
DA:86,0
DA:93,0
DA:94,0
DA:95,0
DA:101,0
DA:102,0
DA:103,0
DA:104,0
DA:109,0
DA:110,0
DA:111,0
DA:112,0
DA:113,0
DA:118,0
DA:131,0
DA:137,0
DA:138,0
DA:141,0
DA:142,0
DA:143,0
DA:144,0
DA:145,0
DA:147,0
DA:151,0
DA:152,0
DA:156,0
DA:157,0
LF:56
LH:0
BRDA:26,0,0,0
BRDA:26,0,1,0
BRDA:58,1,0,0
BRDA:58,1,1,0
BRDA:63,2,0,0
BRDA:63,2,1,0
BRDA:65,3,0,0
BRDA:65,3,1,0
BRDA:75,4,0,0
BRDA:75,4,1,0
BRDA:79,5,0,0
BRDA:79,5,1,0
BRDA:82,6,0,0
BRDA:82,6,1,0
BRDA:93,7,0,0
BRDA:93,7,1,0
BRDA:93,8,0,0
BRDA:93,8,1,0
BRDA:93,8,2,0
BRDA:103,9,0,0
BRDA:103,9,1,0
BRDA:111,10,0,0
BRDA:111,10,1,0
BRDA:143,11,0,0
BRDA:143,11,1,0
BRF:25
BRH:0
end_of_record
TN:
SF:styles\Admin.styles.ts
FNF:0
FNH:0
DA:3,0
DA:5,0
LF:2
LH:0
BRDA:10,0,0,0
BRDA:10,0,1,0
BRDA:29,1,0,0
BRDA:29,1,1,0
BRF:4
BRH:0
end_of_record
TN:
SF:styles\AdminAnalytics.styles.ts
FNF:0
FNH:0
DA:3,0
DA:4,0
LF:2
LH:0
BRDA:39,0,0,0
BRDA:39,0,1,0
BRDA:64,1,0,0
BRDA:64,1,1,0
BRDA:107,2,0,0
BRDA:107,2,1,0
BRF:6
BRH:0
end_of_record
TN:
SF:styles\AdminMembers.styles.ts
FNF:0
FNH:0
DA:3,0
DA:5,0
LF:2
LH:0
BRDA:56,0,0,0
BRDA:56,0,1,0
BRDA:85,1,0,0
BRDA:85,1,1,0
BRF:4
BRH:0
end_of_record
TN:
SF:styles\AdminMenu.styles.ts
FNF:0
FNH:0
DA:3,0
DA:5,0
LF:2
LH:0
BRDA:13,0,0,0
BRDA:13,0,1,0
BRDA:14,1,0,0
BRDA:14,1,1,0
BRDA:16,2,0,0
BRDA:16,2,1,0
BRDA:34,3,0,0
BRDA:34,3,1,0
BRDA:36,4,0,0
BRDA:36,4,1,0
BRDA:76,5,0,0
BRDA:76,5,1,0
BRDA:87,6,0,0
BRDA:87,6,1,0
BRF:14
BRH:0
end_of_record
TN:
SF:styles\AdminOrderHistory.styles.ts
FNF:0
FNH:0
DA:3,0
DA:5,0
LF:2
LH:0
BRDA:17,0,0,0
BRDA:17,0,1,0
BRDA:38,1,0,0
BRDA:38,1,1,0
BRF:4
BRH:0
end_of_record
TN:
SF:styles\Cart.styles.ts
FNF:0
FNH:0
DA:3,0
DA:5,0
LF:2
LH:0
BRDA:10,0,0,0
BRDA:10,0,1,0
BRDA:22,1,0,0
BRDA:22,1,1,0
BRDA:34,2,0,0
BRDA:34,2,1,0
BRDA:48,3,0,0
BRDA:48,3,1,0
BRDA:58,4,0,0
BRDA:58,4,1,0
BRF:10
BRH:0
end_of_record
TN:
SF:styles\CustomerCart.styles.ts
FN:5,(anonymous_0)
FNF:1
FNH:0
FNDA:0,(anonymous_0)
DA:2,0
DA:5,0
LF:2
LH:0
BRDA:11,0,0,0
BRDA:11,0,1,0
BRDA:23,1,0,0
BRDA:23,1,1,0
BRDA:37,2,0,0
BRDA:37,2,1,0
BRDA:53,3,0,0
BRDA:53,3,1,0
BRDA:61,4,0,0
BRDA:61,4,1,0
BRDA:63,5,0,0
BRDA:63,5,1,0
BRDA:120,6,0,0
BRDA:120,6,1,0
BRDA:127,7,0,0
BRDA:127,7,1,0
BRDA:128,8,0,0
BRDA:128,8,1,0
BRF:18
BRH:0
end_of_record
TN:
SF:styles\CustomerHome.styles.ts
FN:4,(anonymous_0)
FNF:1
FNH:0
FNDA:0,(anonymous_0)
DA:2,0
DA:4,0
DA:5,0
DA:6,0
DA:8,0
LF:5
LH:0
BRDA:12,0,0,0
BRDA:12,0,1,0
BRDA:12,1,0,0
BRDA:12,1,1,0
BRDA:12,2,0,0
BRDA:12,2,1,0
BRDA:13,3,0,0
BRDA:13,3,1,0
BRDA:27,4,0,0
BRDA:27,4,1,0
BRDA:29,5,0,0
BRDA:29,5,1,0
BRDA:29,6,0,0
BRDA:29,6,1,0
BRDA:30,7,0,0
BRDA:30,7,1,0
BRDA:30,8,0,0
BRDA:30,8,1,0
BRDA:34,9,0,0
BRDA:34,9,1,0
BRDA:34,10,0,0
BRDA:34,10,1,0
BRDA:35,11,0,0
BRDA:35,11,1,0
BRDA:39,12,0,0
BRDA:39,12,1,0
BRDA:39,13,0,0
BRDA:39,13,1,0
BRDA:40,14,0,0
BRDA:40,14,1,0
BRDA:40,15,0,0
BRDA:40,15,1,0
BRDA:41,16,0,0
BRDA:41,16,1,0
BRDA:41,17,0,0
BRDA:41,17,1,0
BRDA:46,18,0,0
BRDA:46,18,1,0
BRDA:46,19,0,0
BRDA:46,19,1,0
BRDA:46,20,0,0
BRDA:46,20,1,0
BRDA:46,21,0,0
BRDA:46,21,1,0
BRDA:61,22,0,0
BRDA:61,22,1,0
BRDA:62,23,0,0
BRDA:62,23,1,0
BRDA:62,24,0,0
BRDA:62,24,1,0
BRDA:63,25,0,0
BRDA:63,25,1,0
BRDA:63,26,0,0
BRDA:63,26,1,0
BRDA:70,27,0,0
BRDA:70,27,1,0
BRDA:70,28,0,0
BRDA:70,28,1,0
BRDA:71,29,0,0
BRDA:71,29,1,0
BRDA:71,30,0,0
BRDA:71,30,1,0
BRDA:73,31,0,0
BRDA:73,31,1,0
BRDA:77,32,0,0
BRDA:77,32,1,0
BRDA:77,33,0,0
BRDA:77,33,1,0
BRDA:83,34,0,0
BRDA:83,34,1,0
BRDA:83,35,0,0
BRDA:83,35,1,0
BRDA:86,36,0,0
BRDA:86,36,1,0
BRDA:87,37,0,0
BRDA:87,37,1,0
BRDA:87,38,0,0
BRDA:87,38,1,0
BRDA:88,39,0,0
BRDA:88,39,1,0
BRDA:88,40,0,0
BRDA:88,40,1,0
BRDA:88,41,0,0
BRDA:88,41,1,0
BRDA:91,42,0,0
BRDA:91,42,1,0
BRDA:91,43,0,0
BRDA:91,43,1,0
BRDA:93,44,0,0
BRDA:93,44,1,0
BRDA:93,45,0,0
BRDA:93,45,1,0
BRDA:96,46,0,0
BRDA:96,46,1,0
BRDA:96,47,0,0
BRDA:96,47,1,0
BRDA:101,48,0,0
BRDA:101,48,1,0
BRDA:101,49,0,0
BRDA:101,49,1,0
BRDA:102,50,0,0
BRDA:102,50,1,0
BRDA:102,51,0,0
BRDA:102,51,1,0
BRDA:116,52,0,0
BRDA:116,52,1,0
BRDA:116,53,0,0
BRDA:116,53,1,0
BRDA:122,54,0,0
BRDA:122,54,1,0
BRDA:122,55,0,0
BRDA:122,55,1,0
BRDA:127,56,0,0
BRDA:127,56,1,0
BRDA:127,57,0,0
BRDA:127,57,1,0
BRDA:136,58,0,0
BRDA:136,58,1,0
BRDA:136,59,0,0
BRDA:136,59,1,0
BRDA:139,60,0,0
BRDA:139,60,1,0
BRDA:139,61,0,0
BRDA:139,61,1,0
BRDA:140,62,0,0
BRDA:140,62,1,0
BRDA:140,63,0,0
BRDA:140,63,1,0
BRDA:141,64,0,0
BRDA:141,64,1,0
BRDA:141,65,0,0
BRDA:141,65,1,0
BRDA:146,66,0,0
BRDA:146,66,1,0
BRDA:146,67,0,0
BRDA:146,67,1,0
BRDA:149,68,0,0
BRDA:149,68,1,0
BRDA:149,69,0,0
BRDA:149,69,1,0
BRDA:154,70,0,0
BRDA:154,70,1,0
BRDA:154,71,0,0
BRDA:154,71,1,0
BRDA:160,72,0,0
BRDA:160,72,1,0
BRDA:160,73,0,0
BRDA:160,73,1,0
BRDA:163,74,0,0
BRDA:163,74,1,0
BRDA:163,75,0,0
BRDA:163,75,1,0
BRDA:163,76,0,0
BRDA:163,76,1,0
BRDA:163,77,0,0
BRDA:163,77,1,0
BRDA:164,78,0,0
BRDA:164,78,1,0
BRDA:164,79,0,0
BRDA:164,79,1,0
BRDA:164,80,0,0
BRDA:164,80,1,0
BRDA:164,81,0,0
BRDA:164,81,1,0
BRDA:169,82,0,0
BRDA:169,82,1,0
BRDA:169,83,0,0
BRDA:169,83,1,0
BRDA:169,84,0,0
BRDA:169,84,1,0
BRDA:169,85,0,0
BRDA:169,85,1,0
BRDA:186,86,0,0
BRDA:186,86,1,0
BRDA:186,87,0,0
BRDA:186,87,1,0
BRDA:186,88,0,0
BRDA:186,88,1,0
BRDA:186,89,0,0
BRDA:186,89,1,0
BRDA:204,90,0,0
BRDA:204,90,1,0
BRDA:204,91,0,0
BRDA:204,91,1,0
BRDA:205,92,0,0
BRDA:205,92,1,0
BRDA:205,93,0,0
BRDA:205,93,1,0
BRDA:207,94,0,0
BRDA:207,94,1,0
BRDA:207,95,0,0
BRDA:207,95,1,0
BRDA:218,96,0,0
BRDA:218,96,1,0
BRDA:218,97,0,0
BRDA:218,97,1,0
BRF:196
BRH:0
end_of_record
TN:
SF:styles\CustomerOrder.styles.ts
FNF:0
FNH:0
DA:3,0
DA:5,0
LF:2
LH:0
BRDA:19,0,0,0
BRDA:19,0,1,0
BRDA:31,1,0,0
BRDA:31,1,1,0
BRDA:43,2,0,0
BRDA:43,2,1,0
BRDA:56,3,0,0
BRDA:56,3,1,0
BRF:8
BRH:0
end_of_record
TN:
SF:styles\EditProducts.styles.ts
FNF:0
FNH:0
DA:3,0
DA:5,0
LF:2
LH:0
BRDA:17,0,0,0
BRDA:17,0,1,0
BRDA:33,1,0,0
BRDA:33,1,1,0
BRDA:47,2,0,0
BRDA:47,2,1,0
BRDA:57,3,0,0
BRDA:57,3,1,0
BRF:8
BRH:0
end_of_record
TN:
SF:styles\EditProfile.styles.ts
FNF:0
FNH:0
DA:3,0
DA:5,0
LF:2
LH:0
BRDA:11,0,0,0
BRDA:11,0,1,0
BRDA:26,1,0,0
BRDA:26,1,1,0
BRDA:40,2,0,0
BRDA:40,2,1,0
BRDA:54,3,0,0
BRDA:54,3,1,0
BRDA:76,4,0,0
BRDA:76,4,1,0
BRDA:86,5,0,0
BRDA:86,5,1,0
BRDA:87,6,0,0
BRDA:87,6,1,0
BRDA:89,7,0,0
BRDA:89,7,1,0
BRDA:99,8,0,0
BRDA:99,8,1,0
BRF:18
BRH:0
end_of_record
TN:
SF:styles\Home.styles.ts
FNF:0
FNH:0
DA:2,0
DA:3,0
LF:2
LH:0
BRDA:7,0,0,0
BRDA:7,0,1,0
BRDA:16,1,0,0
BRDA:16,1,1,0
BRF:4
BRH:0
end_of_record
TN:
SF:styles\Intro.styles.ts
FN:8,(anonymous_0)
FNF:1
FNH:0
FNDA:0,(anonymous_0)
DA:3,0
DA:4,0
DA:5,0
DA:8,0
DA:9,0
DA:12,0
LF:6
LH:0
BRDA:42,0,0,0
BRDA:42,0,1,0
BRDA:56,1,0,0
BRDA:56,1,1,0
BRF:4
BRH:0
end_of_record
TN:
SF:styles\KitchenOrder.styles.ts
FNF:0
FNH:0
DA:3,0
DA:5,0
LF:2
LH:0
BRDA:19,0,0,0
BRDA:19,0,1,0
BRDA:31,1,0,0
BRDA:31,1,1,0
BRDA:43,2,0,0
BRDA:43,2,1,0
BRDA:56,3,0,0
BRDA:56,3,1,0
BRF:8
BRH:0
end_of_record
TN:
SF:styles\Login.styles.ts
FNF:0
FNH:0
DA:3,0
DA:5,0
LF:2
LH:0
BRDA:12,0,0,0
BRDA:12,0,1,0
BRF:2
BRH:0
end_of_record
TN:
SF:styles\MenuItem.styles.ts
FNF:0
FNH:0
DA:2,0
DA:3,0
DA:5,0
LF:3
LH:0
BRDA:56,0,0,0
BRDA:56,0,1,0
BRDA:69,1,0,0
BRDA:69,1,1,0
BRDA:87,2,0,0
BRDA:87,2,1,0
BRDA:106,3,0,0
BRDA:106,3,1,0
BRDA:117,4,0,0
BRDA:117,4,1,0
BRDA:134,5,0,0
BRDA:134,5,1,0
BRDA:144,6,0,0
BRDA:144,6,1,0
BRDA:156,7,0,0
BRDA:156,7,1,0
BRDA:166,8,0,0
BRDA:166,8,1,0
BRDA:187,9,0,0
BRDA:187,9,1,0
BRDA:202,10,0,0
BRDA:202,10,1,0
BRDA:233,11,0,0
BRDA:233,11,1,0
BRDA:260,12,0,0
BRDA:260,12,1,0
BRDA:271,13,0,0
BRDA:271,13,1,0
BRF:28
BRH:0
end_of_record
TN:
SF:styles\NavBar.web.styles.ts
FNF:0
FNH:0
DA:3,0
LF:1
LH:0
BRDA:15,0,0,0
BRDA:15,0,1,0
BRDA:36,1,0,0
BRDA:36,1,1,0
BRDA:47,2,0,0
BRDA:47,2,1,0
BRDA:65,3,0,0
BRDA:65,3,1,0
BRDA:78,4,0,0
BRDA:78,4,1,0
BRF:10
BRH:0
end_of_record
TN:
SF:styles\Notification.styles.ts
FNF:0
FNH:0
DA:3,0
DA:5,0
LF:2
LH:0
BRDA:19,0,0,0
BRDA:19,0,1,0
BRDA:30,1,0,0
BRDA:30,1,1,0
BRDA:90,2,0,0
BRDA:90,2,1,0
BRDA:119,3,0,0
BRDA:119,3,1,0
BRDA:132,4,0,0
BRDA:132,4,1,0
BRF:10
BRH:0
end_of_record
TN:
SF:styles\Order.styles.ts
FNF:0
FNH:0
DA:3,0
DA:5,0
LF:2
LH:0
BRDA:10,0,0,0
BRDA:10,0,1,0
BRDA:22,1,0,0
BRDA:22,1,1,0
BRDA:34,2,0,0
BRDA:34,2,1,0
BRDA:48,3,0,0
BRDA:48,3,1,0
BRDA:58,4,0,0
BRDA:58,4,1,0
BRF:10
BRH:0
end_of_record
TN:
SF:styles\OrderDetails.styles.ts
FNF:0
FNH:0
DA:3,0
DA:5,0
LF:2
LH:0
BRDA:13,0,0,0
BRDA:13,0,1,0
BRDA:26,1,0,0
BRDA:26,1,1,0
BRDA:39,2,0,0
BRDA:39,2,1,0
BRDA:53,3,0,0
BRDA:53,3,1,0
BRF:8
BRH:0
end_of_record
TN:
SF:styles\OrderHistory.styles.ts
FNF:0
FNH:0
DA:3,0
DA:5,0
LF:2
LH:0
BRDA:10,0,0,0
BRDA:10,0,1,0
BRDA:22,1,0,0
BRDA:22,1,1,0
BRDA:35,2,0,0
BRDA:35,2,1,0
BRDA:49,3,0,0
BRDA:49,3,1,0
BRF:8
BRH:0
end_of_record
TN:
SF:styles\Profile.styles.ts
FNF:0
FNH:0
DA:2,0
DA:4,0
LF:2
LH:0
BRDA:7,0,0,0
BRDA:7,0,1,0
BRDA:10,1,0,0
BRDA:10,1,1,0
BRDA:46,2,0,0
BRDA:46,2,1,0
BRDA:47,3,0,0
BRDA:47,3,1,0
BRDA:52,4,0,0
BRDA:52,4,1,0
BRF:10
BRH:0
end_of_record
TN:
SF:styles\Signup.styles.ts
FNF:0
FNH:0
DA:3,0
DA:5,0
LF:2
LH:0
BRDA:12,0,0,0
BRDA:12,0,1,0
BRDA:37,1,0,0
BRDA:37,1,1,0
BRF:4
BRH:0
end_of_record
TN:
SF:styles\UpdatePassword.styles.ts
FNF:0
FNH:0
DA:3,0
DA:5,0
LF:2
LH:0
BRDA:11,0,0,0
BRDA:11,0,1,0
BRDA:26,1,0,0
BRDA:26,1,1,0
BRDA:40,2,0,0
BRDA:40,2,1,0
BRDA:54,3,0,0
BRDA:54,3,1,0
BRDA:69,4,0,0
BRDA:69,4,1,0
BRDA:79,5,0,0
BRDA:79,5,1,0
BRDA:80,6,0,0
BRDA:80,6,1,0
BRDA:82,7,0,0
BRDA:82,7,1,0
BRF:16
BRH:0
end_of_record
TN:
SF:styles\UserProfile.styles.ts
FNF:0
FNH:0
DA:3,0
DA:5,0
LF:2
LH:0
BRDA:10,0,0,0
BRDA:10,0,1,0
BRDA:30,1,0,0
BRDA:30,1,1,0
BRDA:49,2,0,0
BRDA:49,2,1,0
BRDA:64,3,0,0
BRDA:64,3,1,0
BRF:8
BRH:0
end_of_record
TN:
SF:styles\Waitress.styles.ts
FNF:0
FNH:0
DA:3,0
DA:5,0
LF:2
LH:0
BRDA:15,0,0,0
BRDA:15,0,1,0
BRDA:28,1,0,0
BRDA:28,1,1,0
BRDA:43,2,0,0
BRDA:43,2,1,0
BRDA:55,3,0,0
BRDA:55,3,1,0
BRF:8
BRH:0
end_of_record
TN:
SF:styles\WaitressCart.styles.ts
FNF:0
FNH:0
DA:2,0
DA:4,0
LF:2
LH:0
BRDA:17,0,0,0
BRDA:17,0,1,0
BRDA:31,1,0,0
BRDA:31,1,1,0
BRDA:67,2,0,0
BRDA:67,2,1,0
BRDA:73,3,0,0
BRDA:73,3,1,0
BRF:8
BRH:0
end_of_record
TN:
SF:styles\WaitressHome.styles.ts
FNF:0
FNH:0
DA:3,0
DA:5,0
LF:2
LH:0
BRDA:21,0,0,0
BRDA:21,0,1,0
BRDA:35,1,0,0
BRDA:35,1,1,0
BRDA:70,2,0,0
BRDA:70,2,1,0
BRF:6
BRH:0
end_of_record
TN:
SF:styles\WaitressMenu.styles.ts
FNF:0
FNH:0
DA:3,0
DA:5,0
LF:2
LH:0
BRDA:9,0,0,0
BRDA:9,0,1,0
BRDA:11,1,0,0
BRDA:11,1,1,0
BRDA:12,2,0,0
BRDA:12,2,1,0
BRDA:23,3,0,0
BRDA:23,3,1,0
BRDA:28,4,0,0
BRDA:28,4,1,0
BRDA:55,5,0,0
BRDA:55,5,1,0
BRDA:60,6,0,0
BRDA:60,6,1,0
BRDA:88,7,0,0
BRDA:88,7,1,0
BRDA:90,8,0,0
BRDA:90,8,1,0
BRDA:119,9,0,0
BRDA:119,9,1,0
BRDA:120,10,0,0
BRDA:120,10,1,0
BRDA:133,11,0,0
BRDA:133,11,1,0
BRDA:135,12,0,0
BRDA:135,12,1,0
BRDA:140,13,0,0
BRDA:140,13,1,0
BRDA:141,14,0,0
BRDA:141,14,1,0
BRF:30
BRH:0
end_of_record
TN:
SF:styles\index.styles.ts
FNF:0
FNH:0
DA:3,0
DA:4,0
DA:7,0
LF:3
LH:0
BRDA:14,0,0,0
BRDA:14,0,1,0
BRDA:21,1,0,0
BRDA:21,1,1,0
BRDA:55,2,0,0
BRDA:55,2,1,0
BRDA:69,3,0,0
BRDA:69,3,1,0
BRDA:91,4,0,0
BRDA:91,4,1,0
BRDA:105,5,0,0
BRDA:105,5,1,0
BRDA:114,6,0,0
BRDA:114,6,1,0
BRDA:123,7,0,0
BRDA:123,7,1,0
BRDA:137,8,0,0
BRDA:137,8,1,0
BRDA:145,9,0,0
BRDA:145,9,1,0
BRDA:163,10,0,0
BRDA:163,10,1,0
BRDA:177,11,0,0
BRDA:177,11,1,0
BRDA:197,12,0,0
BRDA:197,12,1,0
BRDA:213,13,0,0
BRDA:213,13,1,0
BRDA:236,14,0,0
BRDA:236,14,1,0
BRDA:246,15,0,0
BRDA:246,15,1,0
BRDA:250,16,0,0
BRDA:250,16,1,0
BRDA:264,17,0,0
BRDA:264,17,1,0
BRDA:270,18,0,0
BRDA:270,18,1,0
BRDA:290,19,0,0
BRDA:290,19,1,0
BRDA:301,20,0,0
BRDA:301,20,1,0
BRDA:303,21,0,0
BRDA:303,21,1,0
BRDA:320,22,0,0
BRDA:320,22,1,0
BRDA:323,23,0,0
BRDA:323,23,1,0
BRDA:331,24,0,0
BRDA:331,24,1,0
BRDA:340,25,0,0
BRDA:340,25,1,0
BRDA:357,26,0,0
BRDA:357,26,1,0
BRDA:375,27,0,0
BRDA:375,27,1,0
BRDA:400,28,0,0
BRDA:400,28,1,0
BRDA:402,29,0,0
BRDA:402,29,1,0
BRDA:412,30,0,0
BRDA:412,30,1,0
BRDA:417,31,0,0
BRDA:417,31,1,0
BRDA:428,32,0,0
BRDA:428,32,1,0
BRDA:441,33,0,0
BRDA:441,33,1,0
BRDA:453,34,0,0
BRDA:453,34,1,0
BRDA:476,35,0,0
BRDA:476,35,1,0
BRDA:478,36,0,0
BRDA:478,36,1,0
BRDA:487,37,0,0
BRDA:487,37,1,0
BRDA:493,38,0,0
BRDA:493,38,1,0
BRDA:510,39,0,0
BRDA:510,39,1,0
BRDA:523,40,0,0
BRDA:523,40,1,0
BRDA:536,41,0,0
BRDA:536,41,1,0
BRDA:548,42,0,0
BRDA:548,42,1,0
BRF:86
BRH:0
end_of_record
TN:
SF:styles\components\AppleSignInButton.styles.ts
FNF:0
FNH:0
DA:3,0
LF:1
LH:0
BRF:0
BRH:0
end_of_record
TN:
SF:styles\components\GoogleSignInButton.styles.ts
FNF:0
FNH:0
DA:3,0
LF:1
LH:0
BRF:0
BRH:0
end_of_record
TN:
SF:styles\components\HorizontalPills.styles.ts
FNF:0
FNH:0
DA:3,0
DA:5,0
LF:2
LH:0
BRDA:8,0,0,0
BRDA:8,0,1,0
BRF:2
BRH:0
end_of_record
TN:
SF:styles\components\MenuItemCard.styles.ts
FN:5,(anonymous_0)
FNF:1
FNH:0
FNDA:0,(anonymous_0)
DA:3,0
DA:5,0
DA:6,0
DA:8,0
LF:4
LH:0
BRDA:10,0,0,0
BRDA:10,0,1,0
BRDA:10,1,0,0
BRDA:10,1,1,0
BRDA:11,2,0,0
BRDA:11,2,1,0
BRDA:11,3,0,0
BRDA:11,3,1,0
BRDA:12,4,0,0
BRDA:12,4,1,0
BRDA:12,5,0,0
BRDA:12,5,1,0
BRDA:15,6,0,0
BRDA:15,6,1,0
BRDA:16,7,0,0
BRDA:16,7,1,0
BRDA:16,8,0,0
BRDA:16,8,1,0
BRDA:32,9,0,0
BRDA:32,9,1,0
BRDA:32,10,0,0
BRDA:32,10,1,0
BRDA:38,11,0,0
BRDA:38,11,1,0
BRDA:38,12,0,0
BRDA:38,12,1,0
BRDA:41,13,0,0
BRDA:41,13,1,0
BRDA:41,14,0,0
BRDA:41,14,1,0
BRF:30
BRH:0
end_of_record
TN:
SF:styles\components\OrderCard.styles.ts
FNF:0
FNH:0
DA:3,0
DA:5,0
LF:2
LH:0
BRDA:11,0,0,0
BRDA:11,0,1,0
BRDA:12,1,0,0
BRDA:12,1,1,0
BRDA:21,2,0,0
BRDA:21,2,1,0
BRDA:25,3,0,0
BRDA:25,3,1,0
BRDA:48,4,0,0
BRDA:48,4,1,0
BRDA:86,5,0,0
BRDA:86,5,1,0
BRDA:97,6,0,0
BRDA:97,6,1,0
BRDA:107,7,0,0
BRDA:107,7,1,0
BRF:16
BRH:0
end_of_record
TN:
SF:styles\components\OrderCardKitchen.styles.ts
FNF:0
FNH:0
DA:3,0
DA:5,0
LF:2
LH:0
BRDA:11,0,0,0
BRDA:11,0,1,0
BRDA:12,1,0,0
BRDA:12,1,1,0
BRDA:21,2,0,0
BRDA:21,2,1,0
BRDA:25,3,0,0
BRDA:25,3,1,0
BRDA:54,4,0,0
BRDA:54,4,1,0
BRDA:102,5,0,0
BRDA:102,5,1,0
BRDA:113,6,0,0
BRDA:113,6,1,0
BRDA:123,7,0,0
BRDA:123,7,1,0
BRF:16
BRH:0
end_of_record
TN:
SF:styles\components\OrderDetailsCard.styles.ts
FNF:0
FNH:0
DA:2,0
DA:4,0
LF:2
LH:0
BRDA:7,0,0,0
BRDA:7,0,1,0
BRDA:22,1,0,0
BRDA:22,1,1,0
BRDA:48,2,0,0
BRDA:48,2,1,0
BRF:6
BRH:0
end_of_record
TN:
SF:styles\components\OrderHistoryCard.styles.ts
FNF:0
FNH:0
DA:2,0
DA:4,0
LF:2
LH:0
BRDA:7,0,0,0
BRDA:7,0,1,0
BRDA:22,1,0,0
BRDA:22,1,1,0
BRDA:48,2,0,0
BRDA:48,2,1,0
BRDA:59,3,0,0
BRDA:59,3,1,0
BRF:8
BRH:0
end_of_record
TN:
SF:styles\components\ViewSwitcher.styles.ts
FNF:0
FNH:0
DA:3,0
LF:1
LH:0
BRF:0
BRH:0
end_of_record
